{
  "stats": {
    "suites": 1,
    "tests": 1,
    "passes": 1,
    "pending": 0,
    "failures": 0,
    "start": "2026-03-12T14:25:13.121Z",
    "end": "2026-03-12T14:25:24.070Z",
    "duration": 10949,
    "testsRegistered": 1,
    "passPercent": 100,
    "pendingPercent": 0,
    "other": 0,
    "hasOther": false,
    "skipped": 0,
    "hasSkipped": false
  },
  "results": [
    {
      "uuid": "ddeb4106-d4de-4581-97ae-eee351701f8a",
      "title": "",
      "fullFile": "cypress\\e2e\\Logout\\Logout.cy.js",
      "file": "cypress\\e2e\\Logout\\Logout.cy.js",
      "beforeHooks": [],
      "afterHooks": [],
      "tests": [],
      "suites": [
        {
          "uuid": "0846af43-c442-4895-9d66-41097d73c84e",
          "title": "Logout Module Tests",
          "fullFile": "",
          "file": "",
          "beforeHooks": [],
          "afterHooks": [],
          "tests": [
            {
              "title": "Logout_001 - Verify that users can successfully logout from the application",
              "fullTitle": "Logout Module Tests Logout_001 - Verify that users can successfully logout from the application",
              "timedOut": null,
              "duration": 10893,
              "state": "passed",
              "speed": "slow",
              "pass": true,
              "fail": false,
              "pending": false,
              "context": null,
              "code": "(0, _commonMethods.Adminlogin)(_Constants.default.AdminEmail, _Constants.default.AdminPassword);\ncy.logout();\ncy.url().should('include', '/login');",
              "err": {},
              "uuid": "6a0a22ff-72a0-42b7-aed0-d35c24499f25",
              "parentUUID": "0846af43-c442-4895-9d66-41097d73c84e",
              "isHook": false,
              "skipped": false
            }
          ],
          "suites": [],
          "passes": [
            "6a0a22ff-72a0-42b7-aed0-d35c24499f25"
          ],
          "failures": [],
          "pending": [],
          "skipped": [],
          "duration": 10893,
          "root": false,
          "rootEmpty": false,
          "_timeout": 2000
        }
      ],
      "passes": [],
      "failures": [],
      "pending": [],
      "skipped": [],
      "duration": 0,
      "root": true,
      "rootEmpty": true,
      "_timeout": 2000
    }
  ],
  "meta": {
    "mocha": {
      "version": "7.2.0"
    },
    "mochawesome": {
      "options": {
        "quiet": false,
        "reportFilename": "mochawesome",
        "saveHtml": true,
        "saveJson": true,
        "consoleReporter": "spec",
        "useInlineDiffs": false,
        "code": true
      },
      "version": "7.1.3"
    },
    "marge": {
      "options": {
        "reportDir": "cypress/results",
        "overwrite": false,
        "html": true,
        "json": true
      },
      "version": "6.2.0"
    }
  }
}