{
  "stats": {
    "suites": 1,
    "tests": 4,
    "passes": 4,
    "pending": 0,
    "failures": 0,
    "start": "2026-03-11T10:44:03.344Z",
    "end": "2026-03-11T10:45:58.992Z",
    "duration": 115648,
    "testsRegistered": 4,
    "passPercent": 100,
    "pendingPercent": 0,
    "other": 0,
    "hasOther": false,
    "skipped": 0,
    "hasSkipped": false
  },
  "results": [
    {
      "uuid": "27c0b034-2160-4c4b-ba5f-4437aea0667e",
      "title": "",
      "fullFile": "cypress\\e2e\\Common Login\\LoginPage.cy.js",
      "file": "cypress\\e2e\\Common Login\\LoginPage.cy.js",
      "beforeHooks": [],
      "afterHooks": [],
      "tests": [],
      "suites": [
        {
          "uuid": "3e16507f-e1b3-46c0-adad-4ae23c7cdc61",
          "title": "Login Page Tests",
          "fullFile": "",
          "file": "",
          "beforeHooks": [],
          "afterHooks": [],
          "tests": [
            {
              "title": "Block_001 - Verify user can successfully login after admin unblocks user account",
              "fullTitle": "Login Page Tests Block_001 - Verify user can successfully login after admin unblocks user account",
              "timedOut": null,
              "duration": 40982,
              "state": "passed",
              "speed": "slow",
              "pass": true,
              "fail": false,
              "pending": false,
              "context": null,
              "code": "//Blocking user account\nfor (let i = 0; i <= 5; i++) {\n  _LidarViewer.default.getEmail.clear().type(_Constants.default.validEmail);\n  _LidarViewer.default.getPassword.clear().type(_Constants.default.invalidPwd);\n  _LidarViewer.default.getLoginBtn.click();\n  cy.wait(500);\n}\ncy.contains(\"Too many login attempts\").should(\"be.visible\");\n// Unblocking user account as admin\ncy.unblockUser(_Constants.default.validEmail);\ncy.logout();\n//Logging in to user account successfully\ncy.visit('/login');\n(0, _commonMethods.loginToPortal)(_Constants.default.validEmail, _Constants.default.password);\n_LidarViewer.default.getHomeText.should(\"have.text\", \"Home Page\");",
              "err": {},
              "uuid": "1624d569-91ac-4f86-8167-1e33efb7ec3e",
              "parentUUID": "3e16507f-e1b3-46c0-adad-4ae23c7cdc61",
              "isHook": false,
              "skipped": false
            },
            {
              "title": "OTP_001_Verify that login with valid OTP",
              "fullTitle": "Login Page Tests OTP_001_Verify that login with valid OTP",
              "timedOut": null,
              "duration": 11660,
              "state": "passed",
              "speed": "slow",
              "pass": true,
              "fail": false,
              "pending": false,
              "context": null,
              "code": "(0, _commonMethods.loginToPortal)(_Constants.default.testDesignEngineerEmail, _Constants.default.password);\n_LidarViewer.default.getHomeText.should(\"have.text\", \"Home Page\");",
              "err": {},
              "uuid": "468f0fe0-ec5f-4761-9bc6-f529d7faaa0a",
              "parentUUID": "3e16507f-e1b3-46c0-adad-4ae23c7cdc61",
              "isHook": false,
              "skipped": false
            },
            {
              "title": "Profile_001 - Verify user able to update password from view profile dialog",
              "fullTitle": "Login Page Tests Profile_001 - Verify user able to update password from view profile dialog",
              "timedOut": null,
              "duration": 38308,
              "state": "passed",
              "speed": "slow",
              "pass": true,
              "fail": false,
              "pending": false,
              "context": null,
              "code": "// Step 1: Login to user account\n(0, _commonMethods.loginToPortal)(_Constants.default.validEmail, _Constants.default.password);\n_LidarViewer.default.getHomeText.should(\"have.text\", \"Home Page\");\n// Step 2: Open profile/view profile dialog\n_LidarViewer.default.getProfileIcon.click();\n_LidarViewer.default.getViewProfileOption.click();\n_LidarViewer.default.getEditProfileHeader.should('be.visible');\n_LidarViewer.default.getChangePasswordBtn.click();\n// Step 4: Fill out change password fields\nconst timestamp = Date.now().toString().slice(-5);\nconst newPwd = `Tp_${timestamp}!A1`;\n_LidarViewer.default.getOldPasswordField.clear().type(_Constants.default.password);\n_LidarViewer.default.getNewPasswordField.clear().type(newPwd);\n_LidarViewer.default.getConfirmNewPasswordField.clear().type(newPwd);\n_LidarViewer.default.getUpdatePasswordBtn.click();\n// Step 6: Expect a success message and redirect/logout if app requires\ncy.contains(\"Password updated successfully\", {\n  timeout: 10000\n}).should(\"be.visible\");\ncy.get('body').click(0, 0);\n// Step 7: Log out after password change\ncy.logout();\n// Step 8: Login again with new password to verify\n(0, _commonMethods.loginToPortal)(_Constants.default.validEmail, newPwd);\n_LidarViewer.default.getHomeText.should(\"have.text\", \"Home Page\");\n// Step 8: Reset password back to original\n_LidarViewer.default.getProfileIcon.click();\n_LidarViewer.default.getViewProfileOption.click();\n_LidarViewer.default.getChangePasswordBtn.click();\n_LidarViewer.default.getOldPasswordField.clear().type(newPwd);\n_LidarViewer.default.getNewPasswordField.clear().type(_Constants.default.password);\n_LidarViewer.default.getConfirmNewPasswordField.clear().type(_Constants.default.password);\n_LidarViewer.default.getUpdatePasswordBtn.click();\ncy.contains(\"Password updated successfully\", {\n  timeout: 10000\n}).should(\"be.visible\");\ncy.get('body').click(0, 0);\n// Final logout to keep test isolated\ncy.logout();",
              "err": {},
              "uuid": "a02543cc-b9f3-40ad-90f0-8d86e12716c5",
              "parentUUID": "3e16507f-e1b3-46c0-adad-4ae23c7cdc61",
              "isHook": false,
              "skipped": false
            },
            {
              "title": "Profile_002 - Verify View Profile option is visible to all user accounts",
              "fullTitle": "Login Page Tests Profile_002 - Verify View Profile option is visible to all user accounts",
              "timedOut": null,
              "duration": 24453,
              "state": "passed",
              "speed": "slow",
              "pass": true,
              "fail": false,
              "pending": false,
              "context": null,
              "code": "// ----- Admin User -----\n(0, _commonMethods.Adminlogin)(_Constants.default.AdminEmail, _Constants.default.AdminPassword);\n_LidarViewer.default.getProfileIcon.click();\n_LidarViewer.default.getViewProfileOption.should(\"be.visible\");\ncy.get('body').click(0, 0);\ncy.logout();\n// ----- Non-Admin User -----\n(0, _commonMethods.loginToPortal)(_Constants.default.testDesignEngineerEmail, _Constants.default.password);\n_LidarViewer.default.getProfileIcon.click();\n_LidarViewer.default.getViewProfileOption.should(\"be.visible\");\ncy.get('body').click(0, 0);\ncy.logout();",
              "err": {},
              "uuid": "5457c36d-5d02-410c-b4c2-bc3838193708",
              "parentUUID": "3e16507f-e1b3-46c0-adad-4ae23c7cdc61",
              "isHook": false,
              "skipped": false
            }
          ],
          "suites": [],
          "passes": [
            "1624d569-91ac-4f86-8167-1e33efb7ec3e",
            "468f0fe0-ec5f-4761-9bc6-f529d7faaa0a",
            "a02543cc-b9f3-40ad-90f0-8d86e12716c5",
            "5457c36d-5d02-410c-b4c2-bc3838193708"
          ],
          "failures": [],
          "pending": [],
          "skipped": [],
          "duration": 115403,
          "root": false,
          "rootEmpty": false,
          "_timeout": 2000
        }
      ],
      "passes": [],
      "failures": [],
      "pending": [],
      "skipped": [],
      "duration": 0,
      "root": true,
      "rootEmpty": true,
      "_timeout": 2000
    }
  ],
  "meta": {
    "mocha": {
      "version": "7.2.0"
    },
    "mochawesome": {
      "options": {
        "quiet": false,
        "reportFilename": "mochawesome",
        "saveHtml": true,
        "saveJson": true,
        "consoleReporter": "spec",
        "useInlineDiffs": false,
        "code": true
      },
      "version": "7.1.3"
    },
    "marge": {
      "options": {
        "reportDir": "cypress/results",
        "overwrite": false,
        "html": true,
        "json": true
      },
      "version": "6.2.0"
    }
  }
}