{
  "stats": {
    "suites": 1,
    "tests": 1,
    "passes": 1,
    "pending": 0,
    "failures": 0,
    "start": "2026-03-12T14:03:29.134Z",
    "end": "2026-03-12T14:03:42.323Z",
    "duration": 13189,
    "testsRegistered": 1,
    "passPercent": 100,
    "pendingPercent": 0,
    "other": 0,
    "hasOther": false,
    "skipped": 0,
    "hasSkipped": false
  },
  "results": [
    {
      "uuid": "6263bc9a-45a5-4090-90ff-22d9d1941eb4",
      "title": "",
      "fullFile": "cypress\\e2e\\Login\\Login.cy.js",
      "file": "cypress\\e2e\\Login\\Login.cy.js",
      "beforeHooks": [],
      "afterHooks": [],
      "tests": [],
      "suites": [
        {
          "uuid": "7494690a-b5ef-428c-b305-5b8bbab2fe66",
          "title": "Login",
          "fullFile": "",
          "file": "",
          "beforeHooks": [],
          "afterHooks": [],
          "tests": [
            {
              "title": "LVH-1483 Login_003_Verify that login with invalid email and valid password",
              "fullTitle": "Login LVH-1483 Login_003_Verify that login with invalid email and valid password",
              "timedOut": null,
              "duration": 13158,
              "state": "passed",
              "speed": "slow",
              "pass": true,
              "fail": false,
              "pending": false,
              "context": null,
              "code": "cy.wait(2000);\n(0, _commonMethods.login1)(_Constants.default.inValidEmail, _Constants.default.password);\ncy.on(\"window:alert\", str => {\n  expect(str).to.include(\"Invalid email or password\");\n});",
              "err": {},
              "uuid": "510239c2-0387-4ae8-82ea-de1bda4e86e8",
              "parentUUID": "7494690a-b5ef-428c-b305-5b8bbab2fe66",
              "isHook": false,
              "skipped": false
            }
          ],
          "suites": [],
          "passes": [
            "510239c2-0387-4ae8-82ea-de1bda4e86e8"
          ],
          "failures": [],
          "pending": [],
          "skipped": [],
          "duration": 13158,
          "root": false,
          "rootEmpty": false,
          "_timeout": 2000
        }
      ],
      "passes": [],
      "failures": [],
      "pending": [],
      "skipped": [],
      "duration": 0,
      "root": true,
      "rootEmpty": true,
      "_timeout": 2000
    }
  ],
  "meta": {
    "mocha": {
      "version": "7.2.0"
    },
    "mochawesome": {
      "options": {
        "quiet": false,
        "reportFilename": "mochawesome",
        "saveHtml": true,
        "saveJson": true,
        "consoleReporter": "spec",
        "useInlineDiffs": false,
        "code": true
      },
      "version": "7.1.3"
    },
    "marge": {
      "options": {
        "reportDir": "cypress/results",
        "overwrite": false,
        "html": true,
        "json": true
      },
      "version": "6.2.0"
    }
  }
}