{
  "stats": {
    "suites": 1,
    "tests": 1,
    "passes": 1,
    "pending": 0,
    "failures": 0,
    "start": "2026-03-09T11:28:59.818Z",
    "end": "2026-03-09T11:29:11.911Z",
    "duration": 12093,
    "testsRegistered": 1,
    "passPercent": 100,
    "pendingPercent": 0,
    "other": 0,
    "hasOther": false,
    "skipped": 0,
    "hasSkipped": false
  },
  "results": [
    {
      "uuid": "a8565247-f393-474d-b532-09c2e4a6aef0",
      "title": "",
      "fullFile": "cypress\\e2e\\Login\\Login.cy.js",
      "file": "cypress\\e2e\\Login\\Login.cy.js",
      "beforeHooks": [],
      "afterHooks": [],
      "tests": [],
      "suites": [
        {
          "uuid": "b85d8bed-5da2-464b-9edf-d7f4006c4d02",
          "title": "Login",
          "fullFile": "",
          "file": "",
          "beforeHooks": [],
          "afterHooks": [],
          "tests": [
            {
              "title": "Login_003_Verify that login with invalid email and valid password",
              "fullTitle": "Login Login_003_Verify that login with invalid email and valid password",
              "timedOut": null,
              "duration": 12020,
              "state": "passed",
              "speed": "slow",
              "pass": true,
              "fail": false,
              "pending": false,
              "context": null,
              "code": "cy.wait(2000);\n(0, _commonMethods.login1)(_Constants.default.inValidEmail, _Constants.default.password);\ncy.on(\"window:alert\", str => {\n  expect(str).to.include(\"Invalid email or password\");\n});",
              "err": {},
              "uuid": "a8eacb35-8ccd-4eb6-833d-12724b7e5e4d",
              "parentUUID": "b85d8bed-5da2-464b-9edf-d7f4006c4d02",
              "isHook": false,
              "skipped": false
            }
          ],
          "suites": [],
          "passes": [
            "a8eacb35-8ccd-4eb6-833d-12724b7e5e4d"
          ],
          "failures": [],
          "pending": [],
          "skipped": [],
          "duration": 12020,
          "root": false,
          "rootEmpty": false,
          "_timeout": 2000
        }
      ],
      "passes": [],
      "failures": [],
      "pending": [],
      "skipped": [],
      "duration": 0,
      "root": true,
      "rootEmpty": true,
      "_timeout": 2000
    }
  ],
  "meta": {
    "mocha": {
      "version": "7.2.0"
    },
    "mochawesome": {
      "options": {
        "quiet": false,
        "reportFilename": "mochawesome",
        "saveHtml": true,
        "saveJson": true,
        "consoleReporter": "spec",
        "useInlineDiffs": false,
        "code": true
      },
      "version": "7.1.3"
    },
    "marge": {
      "options": {
        "reportDir": "cypress/results",
        "overwrite": false,
        "html": true,
        "json": true
      },
      "version": "6.2.0"
    }
  }
}