{
  "stats": {
    "suites": 1,
    "tests": 8,
    "passes": 8,
    "pending": 0,
    "failures": 0,
    "start": "2026-03-12T07:49:54.897Z",
    "end": "2026-03-12T07:53:39.870Z",
    "duration": 224973,
    "testsRegistered": 8,
    "passPercent": 100,
    "pendingPercent": 0,
    "other": 0,
    "hasOther": false,
    "skipped": 0,
    "hasSkipped": false
  },
  "results": [
    {
      "uuid": "b77f9db0-7181-49a1-a4e1-e454360be5f8",
      "title": "",
      "fullFile": "cypress\\e2e\\Point Features\\PointFeatures.cy.js",
      "file": "cypress\\e2e\\Point Features\\PointFeatures.cy.js",
      "beforeHooks": [],
      "afterHooks": [],
      "tests": [],
      "suites": [
        {
          "uuid": "07f93173-6030-471f-bc30-c0372f6b6c1a",
          "title": "Point Features Module",
          "fullFile": "",
          "file": "",
          "beforeHooks": [],
          "afterHooks": [],
          "tests": [
            {
              "title": "Points_001 - Verify the functionality of point feature",
              "fullTitle": "Point Features Module Points_001 - Verify the functionality of point feature",
              "timedOut": null,
              "duration": 25671,
              "state": "passed",
              "speed": "slow",
              "pass": true,
              "fail": false,
              "pending": false,
              "context": null,
              "code": "// 1–4 Activate point feature, place point, open dialog, fill data\n_PointsAction.default.placePoint(500, 800);\n// 5 Save point to server\n_PointsAction.default.savePointsToServer();",
              "err": {},
              "uuid": "b22212d7-c451-48d2-b6fc-d96bc36d3681",
              "parentUUID": "07f93173-6030-471f-bc30-c0372f6b6c1a",
              "isHook": false,
              "skipped": false
            },
            {
              "title": "Points_002 - Verify the functionality of deleting point",
              "fullTitle": "Point Features Module Points_002 - Verify the functionality of deleting point",
              "timedOut": null,
              "duration": 24060,
              "state": "passed",
              "speed": "slow",
              "pass": true,
              "fail": false,
              "pending": false,
              "context": null,
              "code": "// Define point location once\nconst point = {\n  x: 500,\n  y: 700\n};\n// Place the point\n_PointsAction.default.placePoint(point.x, point.y);\n// Delete the point\n_PointsAction.default.deletePoint(point.x, point.y);\n// Verify delete message\n_LidarViewer.default.infoMessageContainer.should(\"be.visible\").invoke(\"text\").should(\"match\", /point.*deleted/i);",
              "err": {},
              "uuid": "f4f09356-53ae-4cdc-8df1-e8d9e47c357c",
              "parentUUID": "07f93173-6030-471f-bc30-c0372f6b6c1a",
              "isHook": false,
              "skipped": false
            },
            {
              "title": "Points_003 - Verify the functionality of deleting imported points data",
              "fullTitle": "Point Features Module Points_003 - Verify the functionality of deleting imported points data",
              "timedOut": null,
              "duration": 35762,
              "state": "passed",
              "speed": "slow",
              "pass": true,
              "fail": false,
              "pending": false,
              "context": null,
              "code": "const point = {\n  x: 500,\n  y: 600\n};\n// Place a point\n_PointsAction.default.placePoint(point.x, point.y);\n_PointsAction.default.savePointsToServer();\ncy.reload();\ncy.wait(5000);\ncy.get(\"#canvas3D\", {\n  timeout: 20000\n}).should(\"be.visible\");\n// Import points from server\n_PointsAction.default.importPointsFromServer();\ncy.wait(3000);\n_PointsAction.default.deletePoint(point.x, point.y);\n// Verify delete message\n_LidarViewer.default.infoMessageContainer.should(\"be.visible\").invoke(\"text\").should(\"match\", /point.*deleted/i);",
              "err": {},
              "uuid": "649acabb-2e56-4d39-b6c5-ce6d67a11b98",
              "parentUUID": "07f93173-6030-471f-bc30-c0372f6b6c1a",
              "isHook": false,
              "skipped": false
            },
            {
              "title": "Points_004 - Verify the functionality of saving points data to server",
              "fullTitle": "Point Features Module Points_004 - Verify the functionality of saving points data to server",
              "timedOut": null,
              "duration": 24080,
              "state": "passed",
              "speed": "slow",
              "pass": true,
              "fail": false,
              "pending": false,
              "context": null,
              "code": "// 1–4 Activate point feature, place point, open dialog, fill data\n_PointsAction.default.placePoint(500, 750);\n// 5 Save point to server\n_PointsAction.default.savePointsToServer();",
              "err": {},
              "uuid": "2b7d002d-c279-41f4-8274-26c81e3d077e",
              "parentUUID": "07f93173-6030-471f-bc30-c0372f6b6c1a",
              "isHook": false,
              "skipped": false
            },
            {
              "title": "Points_005 - Verify the functionality of saving points data to local machine",
              "fullTitle": "Point Features Module Points_005 - Verify the functionality of saving points data to local machine",
              "timedOut": null,
              "duration": 23375,
              "state": "passed",
              "speed": "slow",
              "pass": true,
              "fail": false,
              "pending": false,
              "context": null,
              "code": "_PointsAction.default.placePoint(500, 850);\n_PointsAction.default.savePointsToLocalMachine();\ncy.exec('dir cypress\\\\downloads').then(result => {\n  expect(result.stdout).to.include('PointFeatures');\n  cy.exec('del cypress\\\\downloads\\\\*PointFeatures*.lwv');\n});",
              "err": {},
              "uuid": "b8261e3c-6f56-4c6e-abcc-29233d3c779f",
              "parentUUID": "07f93173-6030-471f-bc30-c0372f6b6c1a",
              "isHook": false,
              "skipped": false
            },
            {
              "title": "Points_006 - Verify the functionality of importing points data from sever",
              "fullTitle": "Point Features Module Points_006 - Verify the functionality of importing points data from sever",
              "timedOut": null,
              "duration": 31436,
              "state": "passed",
              "speed": "slow",
              "pass": true,
              "fail": false,
              "pending": false,
              "context": null,
              "code": "const point = {\n  x: 500,\n  y: 600\n};\n// Place a point\n_PointsAction.default.placePoint(point.x, point.y);\n_PointsAction.default.savePointsToServer();\ncy.reload();\ncy.wait(5000);\ncy.get(\"#canvas3D\", {\n  timeout: 20000\n}).should(\"be.visible\");\n// Import points from server\n_PointsAction.default.importPointsFromServer();",
              "err": {},
              "uuid": "e29063ed-02b2-4b79-9967-0acb89792e6a",
              "parentUUID": "07f93173-6030-471f-bc30-c0372f6b6c1a",
              "isHook": false,
              "skipped": false
            },
            {
              "title": "Points_007 - Verify network failure functionality of saving points data to server",
              "fullTitle": "Point Features Module Points_007 - Verify network failure functionality of saving points data to server",
              "timedOut": null,
              "duration": 19964,
              "state": "passed",
              "speed": "slow",
              "pass": true,
              "fail": false,
              "pending": false,
              "context": null,
              "code": "const point = {\n  x: 500,\n  y: 650\n};\n// Place a point\n_PointsAction.default.placePoint(point.x, point.y);\ncy.simulateOffline();\n_ViewerElements.default.getMoreOptionsBtn.click();\n_ViewerElements.default.getSaveOption.click();\n_ViewerElements.default.getSaveDialog.should('be.visible');\n_ViewerElements.default.getPointFeaturesCheckbox.click();\n_ViewerElements.default.getSaveConfirmBtn.click();\n// Verify network error message\n_LidarViewer.default.infoMessageContainer.should(\"be.visible\").invoke(\"text\").should(\"match\", /unable to save|internet connection/i);\n// Restore network\ncy.simulateOnline();",
              "err": {},
              "uuid": "56566467-f02e-41eb-9306-0022fabb7b58",
              "parentUUID": "07f93173-6030-471f-bc30-c0372f6b6c1a",
              "isHook": false,
              "skipped": false
            },
            {
              "title": "Points_008 - Verify the functionality of updating points location",
              "fullTitle": "Point Features Module Points_008 - Verify the functionality of updating points location",
              "timedOut": null,
              "duration": 39065,
              "state": "passed",
              "speed": "slow",
              "pass": true,
              "fail": false,
              "pending": false,
              "context": null,
              "code": "const point1 = {\n  x: 500,\n  y: 650\n};\nconst point2 = {\n  x: 600,\n  y: 700\n};\nconst newPoint1 = {\n  x: 700,\n  y: 800\n};\nconst newPoint2 = {\n  x: 800,\n  y: 850\n};\n// Place two points\n_PointsAction.default.placePoint(point1.x, point1.y);\n_PointsAction.default.placePoint(point2.x, point2.y);\n// Measure them\n_PointsAction.default.measureBetweenExistingPoints(point1, point2);\n// Drag first point\ncy.get('#canvas3D').trigger('mousedown', point1.x, point1.y, {\n  force: true\n}).wait(200).trigger('mousemove', newPoint1.x, newPoint1.y, {\n  force: true\n}).wait(200).trigger('mouseup', {\n  force: true\n});\n// Drag connected point\ncy.get('#canvas3D').trigger('mousedown', point2.x, point2.y, {\n  force: true\n}).wait(200).trigger('mousemove', newPoint2.x, newPoint2.y, {\n  force: true\n}).wait(200).trigger('mouseup', {\n  force: true\n});",
              "err": {},
              "uuid": "5a638fb1-66be-4b2c-999d-c489b921b512",
              "parentUUID": "07f93173-6030-471f-bc30-c0372f6b6c1a",
              "isHook": false,
              "skipped": false
            }
          ],
          "suites": [],
          "passes": [
            "b22212d7-c451-48d2-b6fc-d96bc36d3681",
            "f4f09356-53ae-4cdc-8df1-e8d9e47c357c",
            "649acabb-2e56-4d39-b6c5-ce6d67a11b98",
            "2b7d002d-c279-41f4-8274-26c81e3d077e",
            "b8261e3c-6f56-4c6e-abcc-29233d3c779f",
            "e29063ed-02b2-4b79-9967-0acb89792e6a",
            "56566467-f02e-41eb-9306-0022fabb7b58",
            "5a638fb1-66be-4b2c-999d-c489b921b512"
          ],
          "failures": [],
          "pending": [],
          "skipped": [],
          "duration": 223413,
          "root": false,
          "rootEmpty": false,
          "_timeout": 2000
        }
      ],
      "passes": [],
      "failures": [],
      "pending": [],
      "skipped": [],
      "duration": 0,
      "root": true,
      "rootEmpty": true,
      "_timeout": 2000
    }
  ],
  "meta": {
    "mocha": {
      "version": "7.2.0"
    },
    "mochawesome": {
      "options": {
        "quiet": false,
        "reportFilename": "mochawesome",
        "saveHtml": true,
        "saveJson": true,
        "consoleReporter": "spec",
        "useInlineDiffs": false,
        "code": true
      },
      "version": "7.1.3"
    },
    "marge": {
      "options": {
        "reportDir": "cypress/results",
        "overwrite": false,
        "html": true,
        "json": true
      },
      "version": "6.2.0"
    }
  }
}