{
  "stats": {
    "suites": 1,
    "tests": 4,
    "passes": 4,
    "pending": 0,
    "failures": 0,
    "start": "2026-03-11T02:36:28.043Z",
    "end": "2026-03-11T02:40:45.945Z",
    "duration": 257902,
    "testsRegistered": 4,
    "passPercent": 100,
    "pendingPercent": 0,
    "other": 0,
    "hasOther": false,
    "skipped": 0,
    "hasSkipped": false
  },
  "results": [
    {
      "uuid": "9e31ba3b-a122-43a8-b787-ad82222206c4",
      "title": "",
      "fullFile": "cypress\\e2e\\KML\\KML.cy.js",
      "file": "cypress\\e2e\\KML\\KML.cy.js",
      "beforeHooks": [],
      "afterHooks": [],
      "tests": [],
      "suites": [
        {
          "uuid": "c8067273-93c4-4af9-82d6-106b3723a88c",
          "title": "KML Module",
          "fullFile": "",
          "file": "",
          "beforeHooks": [],
          "afterHooks": [],
          "tests": [
            {
              "title": "KML_001 - Verifying the functionality of exporting all types of measurement data as KML file to local machine ",
              "fullTitle": "KML Module KML_001 - Verifying the functionality of exporting all types of measurement data as KML file to local machine ",
              "timedOut": null,
              "duration": 50471,
              "state": "passed",
              "speed": "slow",
              "pass": true,
              "fail": false,
              "pending": false,
              "context": null,
              "code": "// Step 3: Place or ensure measurements exist (optional if data already exists)\n_MeasurementAction.default.placeHorizontalMeasurement(500, 800, 600, 850);\n_MeasurementAction.default.placeVerticalOffsetMeasurement(520, 810);\n_MeasurementAction.default.placePerpendicularMeasurement(530, 615, 570, 655, 600, 700);\n_MeasurementAction.default.placePointToPointMeasurement(540, 725, 560, 745);\n_MeasurementAction.default.exportMeasurementsToKML();\ncy.exec('dir cypress\\\\downloads').then(result => {\n  expect(result.stdout).to.include('kml');\n  cy.exec('del cypress\\\\downloads\\\\*kml*.kml');\n});",
              "err": {},
              "uuid": "b7c951d8-ef23-4791-9a9a-272eb63f2133",
              "parentUUID": "c8067273-93c4-4af9-82d6-106b3723a88c",
              "isHook": false,
              "skipped": false
            },
            {
              "title": "KML_002 - Verifying the functionality of exporting horizontal measurement data as GeoJason file format to local machine  ",
              "fullTitle": "KML Module KML_002 - Verifying the functionality of exporting horizontal measurement data as GeoJason file format to local machine  ",
              "timedOut": null,
              "duration": 29726,
              "state": "passed",
              "speed": "slow",
              "pass": true,
              "fail": false,
              "pending": false,
              "context": null,
              "code": "_MeasurementAction.default.placeHorizontalMeasurement(500, 800, 600, 850);\n_MeasurementAction.default.exportMeasurementsToGeoJson();\ncy.exec('dir cypress\\\\downloads').then(result => {\n  expect(result.stdout).to.include('Geo');\n  cy.exec('del cypress\\\\downloads\\\\*geo*.json');\n});",
              "err": {},
              "uuid": "70c56e50-7e21-42d8-950b-2e412787d170",
              "parentUUID": "c8067273-93c4-4af9-82d6-106b3723a88c",
              "isHook": false,
              "skipped": false
            },
            {
              "title": "KML_003 - Verify the functionality of exporting vertical measurement data as a shapefile to local machine",
              "fullTitle": "KML Module KML_003 - Verify the functionality of exporting vertical measurement data as a shapefile to local machine",
              "timedOut": null,
              "duration": 29413,
              "state": "passed",
              "speed": "slow",
              "pass": true,
              "fail": false,
              "pending": false,
              "context": null,
              "code": "_MeasurementAction.default.placeVerticalMeasurement(500, 800, 500, 550);\n_MeasurementAction.default.exportMeasurementsToShape();\ncy.exec('dir cypress\\\\downloads').then(result => {\n  expect(result.stdout).to.include('shape');\n  cy.exec('del cypress\\\\downloads\\\\*shape*.zip');\n});",
              "err": {},
              "uuid": "a3f93c2f-e3e2-4816-8875-16f8f96cad2d",
              "parentUUID": "c8067273-93c4-4af9-82d6-106b3723a88c",
              "isHook": false,
              "skipped": false
            },
            {
              "title": "KML_004 - Verify the functionality of exporting Point-to-Point measurement data as a shapefile to local machine",
              "fullTitle": "KML Module KML_004 - Verify the functionality of exporting Point-to-Point measurement data as a shapefile to local machine",
              "timedOut": null,
              "duration": 28053,
              "state": "passed",
              "speed": "slow",
              "pass": true,
              "fail": false,
              "pending": false,
              "context": null,
              "code": "_MeasurementAction.default.placePointToPointMeasurement(510, 820, 630, 880);\n_MeasurementAction.default.exportMeasurementsToShape();\ncy.exec('dir cypress\\\\downloads').then(result => {\n  expect(result.stdout).to.include('shape');\n  cy.exec('del cypress\\\\downloads\\\\*shape*.zip');\n});",
              "err": {},
              "uuid": "5517b317-3295-4ed1-9fc4-9b3f19080a5d",
              "parentUUID": "c8067273-93c4-4af9-82d6-106b3723a88c",
              "isHook": false,
              "skipped": false
            }
          ],
          "suites": [],
          "passes": [
            "b7c951d8-ef23-4791-9a9a-272eb63f2133",
            "70c56e50-7e21-42d8-950b-2e412787d170",
            "a3f93c2f-e3e2-4816-8875-16f8f96cad2d",
            "5517b317-3295-4ed1-9fc4-9b3f19080a5d"
          ],
          "failures": [],
          "pending": [],
          "skipped": [],
          "duration": 137663,
          "root": false,
          "rootEmpty": false,
          "_timeout": 2000
        }
      ],
      "passes": [],
      "failures": [],
      "pending": [],
      "skipped": [],
      "duration": 0,
      "root": true,
      "rootEmpty": true,
      "_timeout": 2000
    }
  ],
  "meta": {
    "mocha": {
      "version": "7.2.0"
    },
    "mochawesome": {
      "options": {
        "quiet": false,
        "reportFilename": "mochawesome",
        "saveHtml": true,
        "saveJson": true,
        "consoleReporter": "spec",
        "useInlineDiffs": false,
        "code": true
      },
      "version": "7.1.3"
    },
    "marge": {
      "options": {
        "reportDir": "cypress/results",
        "overwrite": false,
        "html": true,
        "json": true
      },
      "version": "6.2.0"
    }
  }
}