{
  "stats": {
    "suites": 1,
    "tests": 1,
    "passes": 1,
    "pending": 0,
    "failures": 0,
    "start": "2026-03-12T07:39:34.865Z",
    "end": "2026-03-12T07:39:53.050Z",
    "duration": 18185,
    "testsRegistered": 1,
    "passPercent": 100,
    "pendingPercent": 0,
    "other": 0,
    "hasOther": false,
    "skipped": 0,
    "hasSkipped": false
  },
  "results": [
    {
      "uuid": "48f5fca6-4c40-4662-a29f-71582e91864f",
      "title": "",
      "fullFile": "cypress\\e2e\\Functional Menu\\Functional Menu.cy.js",
      "file": "cypress\\e2e\\Functional Menu\\Functional Menu.cy.js",
      "beforeHooks": [],
      "afterHooks": [],
      "tests": [],
      "suites": [
        {
          "uuid": "063e2554-a815-433c-ba2c-544efebea33f",
          "title": "Functional Menu Module",
          "fullFile": "",
          "file": "",
          "beforeHooks": [],
          "afterHooks": [],
          "tests": [
            {
              "title": "FunctionalMenu_001 - Verify the functionality of snapshot",
              "fullTitle": "Functional Menu Module FunctionalMenu_001 - Verify the functionality of snapshot",
              "timedOut": null,
              "duration": 17969,
              "state": "passed",
              "speed": "slow",
              "pass": true,
              "fail": false,
              "pending": false,
              "context": null,
              "code": "_ViewerElements.default.getSnapshotBtn.should('be.visible').click();\ncy.exec('dir cypress\\\\downloads').then(result => {\n  expect(result.stdout).to.include('.png');\n  cy.exec('del cypress\\\\downloads\\\\*.png');\n});",
              "err": {},
              "uuid": "9dc4d972-f845-42cb-bea6-236a8d6d38da",
              "parentUUID": "063e2554-a815-433c-ba2c-544efebea33f",
              "isHook": false,
              "skipped": false
            }
          ],
          "suites": [],
          "passes": [
            "9dc4d972-f845-42cb-bea6-236a8d6d38da"
          ],
          "failures": [],
          "pending": [],
          "skipped": [],
          "duration": 17969,
          "root": false,
          "rootEmpty": false,
          "_timeout": 2000
        }
      ],
      "passes": [],
      "failures": [],
      "pending": [],
      "skipped": [],
      "duration": 0,
      "root": true,
      "rootEmpty": true,
      "_timeout": 2000
    }
  ],
  "meta": {
    "mocha": {
      "version": "7.2.0"
    },
    "mochawesome": {
      "options": {
        "quiet": false,
        "reportFilename": "mochawesome",
        "saveHtml": true,
        "saveJson": true,
        "consoleReporter": "spec",
        "useInlineDiffs": false,
        "code": true
      },
      "version": "7.1.3"
    },
    "marge": {
      "options": {
        "reportDir": "cypress/results",
        "overwrite": false,
        "html": true,
        "json": true
      },
      "version": "6.2.0"
    }
  }
}