{
  "stats": {
    "suites": 1,
    "tests": 15,
    "passes": 15,
    "pending": 0,
    "failures": 0,
    "start": "2026-02-18T11:36:20.982Z",
    "end": "2026-02-18T11:37:51.089Z",
    "duration": 90107,
    "testsRegistered": 15,
    "passPercent": 100,
    "pendingPercent": 0,
    "other": 0,
    "hasOther": false,
    "skipped": 0,
    "hasSkipped": false
  },
  "results": [
    {
      "uuid": "92141319-e087-4639-b11a-d099a14b90aa",
      "title": "",
      "fullFile": "cypress\\e2e\\Login\\Login.cy.js",
      "file": "cypress\\e2e\\Login\\Login.cy.js",
      "beforeHooks": [],
      "afterHooks": [],
      "tests": [],
      "suites": [
        {
          "uuid": "f35a4d3d-ab0e-4b1f-be85-d31710898567",
          "title": "Login",
          "fullFile": "",
          "file": "",
          "beforeHooks": [],
          "afterHooks": [],
          "tests": [
            {
              "title": "Login_Client_Login_001_Verify that login with valid client email and valid client password",
              "fullTitle": "Login Login_Client_Login_001_Verify that login with valid client email and valid client password",
              "timedOut": null,
              "duration": 12192,
              "state": "passed",
              "speed": "slow",
              "pass": true,
              "fail": false,
              "pending": false,
              "context": null,
              "code": "(0, _commonMethods.loginToPortal)(_Constants.default.testDesignEngineerEmail, _Constants.default.password);\n_LidarViewer.default.getHomeText.should(\"have.text\", \"Home Page\");",
              "err": {},
              "uuid": "83cc3a1e-089d-4dbf-b588-e2a033faa891",
              "parentUUID": "f35a4d3d-ab0e-4b1f-be85-d31710898567",
              "isHook": false,
              "skipped": false
            },
            {
              "title": "Admin_Login_002_Verify that login with valid admin email and valid admin password",
              "fullTitle": "Login Admin_Login_002_Verify that login with valid admin email and valid admin password",
              "timedOut": null,
              "duration": 6164,
              "state": "passed",
              "speed": "medium",
              "pass": true,
              "fail": false,
              "pending": false,
              "context": null,
              "code": "cy.wait(2000);\n(0, _commonMethods.Adminlogin)(_Constants.default.AdminEmail, _Constants.default.AdminPassword);\n_LidarViewer.default.getHomeText.should(\"have.text\", \"Home Page\");",
              "err": {},
              "uuid": "4e5334be-4676-416f-90db-50d0733a5548",
              "parentUUID": "f35a4d3d-ab0e-4b1f-be85-d31710898567",
              "isHook": false,
              "skipped": false
            },
            {
              "title": "Login_003_Verify that login with invalid email and valid password",
              "fullTitle": "Login Login_003_Verify that login with invalid email and valid password",
              "timedOut": null,
              "duration": 7668,
              "state": "passed",
              "speed": "medium",
              "pass": true,
              "fail": false,
              "pending": false,
              "context": null,
              "code": "cy.wait(2000);\n(0, _commonMethods.login1)(_Constants.default.inValidEmail, _Constants.default.password);\ncy.on(\"window:alert\", str => {\n  expect(str).to.include(\"Invalid email or password\");\n});",
              "err": {},
              "uuid": "686f8f3d-7500-4e0a-8038-50087174ca87",
              "parentUUID": "f35a4d3d-ab0e-4b1f-be85-d31710898567",
              "isHook": false,
              "skipped": false
            },
            {
              "title": "Login_004_Verify that login with valid email and invalid password",
              "fullTitle": "Login Login_004_Verify that login with valid email and invalid password",
              "timedOut": null,
              "duration": 6743,
              "state": "passed",
              "speed": "medium",
              "pass": true,
              "fail": false,
              "pending": false,
              "context": null,
              "code": "cy.wait(2000);\n(0, _commonMethods.login1)(_Constants.default.validEmail, _Constants.default.invalidPwd);\ncy.on(\"window:alert\", str => {\n  expect(str).to.include(\"Invalid email or password\");\n});",
              "err": {},
              "uuid": "77be64c1-327e-44ae-966e-6060e952f16a",
              "parentUUID": "f35a4d3d-ab0e-4b1f-be85-d31710898567",
              "isHook": false,
              "skipped": false
            },
            {
              "title": "Login_005_Verify that login with empty email",
              "fullTitle": "Login Login_005_Verify that login with empty email",
              "timedOut": null,
              "duration": 3615,
              "state": "passed",
              "speed": "fast",
              "pass": true,
              "fail": false,
              "pending": false,
              "context": null,
              "code": "(0, _commonMethods.loginEmpty)(_Constants.default.emptyString, _Constants.default.validEmail);\ncy.get(\"#root > div > main > div.info-message-container > span.width-100\").should(\"be.visible\").should(\"have.text\", \"Email should not be empty\");",
              "err": {},
              "uuid": "94674543-c128-4ccd-a396-e083fef454f5",
              "parentUUID": "f35a4d3d-ab0e-4b1f-be85-d31710898567",
              "isHook": false,
              "skipped": false
            },
            {
              "title": "Login_006_Verify that login with empty password",
              "fullTitle": "Login Login_006_Verify that login with empty password",
              "timedOut": null,
              "duration": 3591,
              "state": "passed",
              "speed": "fast",
              "pass": true,
              "fail": false,
              "pending": false,
              "context": null,
              "code": "(0, _commonMethods.login2)(_Constants.default.validEmail);\ncy.get(\"#root > div > main > div.info-message-container > span.width-100\").should(\"be.visible\").should(\"have.text\", \"Password should not be empty\");",
              "err": {},
              "uuid": "30f0ed7b-69b5-4743-a266-ac755320943a",
              "parentUUID": "f35a4d3d-ab0e-4b1f-be85-d31710898567",
              "isHook": false,
              "skipped": false
            },
            {
              "title": "Login_007_Verify that login with special characters in email",
              "fullTitle": "Login Login_007_Verify that login with special characters in email",
              "timedOut": null,
              "duration": 3612,
              "state": "passed",
              "speed": "fast",
              "pass": true,
              "fail": false,
              "pending": false,
              "context": null,
              "code": "(0, _commonMethods.login1)(_Constants.default.SpecialCharEmail, _Constants.default.password);\ncy.get(\"#root > div > main > div.info-message-container > span.width-100\").should(\"be.visible\").should(\"have.text\", \"Invalid email format\");",
              "err": {},
              "uuid": "0c3e6370-89ed-4993-be20-f80397ab839d",
              "parentUUID": "f35a4d3d-ab0e-4b1f-be85-d31710898567",
              "isHook": false,
              "skipped": false
            },
            {
              "title": "Login_008_Verify that login with SQL injection in email",
              "fullTitle": "Login Login_008_Verify that login with SQL injection in email",
              "timedOut": null,
              "duration": 4442,
              "state": "passed",
              "speed": "fast",
              "pass": true,
              "fail": false,
              "pending": false,
              "context": null,
              "code": "(0, _commonMethods.login1)(_Constants.default.sqlInjection, _Constants.default.password);\ncy.get(\"#root > div > main > div.info-message-container > span.width-100\").should(\"be.visible\").should(\"have.text\", \"Invalid email format\");",
              "err": {},
              "uuid": "391de28f-0d98-4701-8e08-3d2990e7a8c8",
              "parentUUID": "f35a4d3d-ab0e-4b1f-be85-d31710898567",
              "isHook": false,
              "skipped": false
            },
            {
              "title": "Login_009_Verify that login with SQL injection in password",
              "fullTitle": "Login Login_009_Verify that login with SQL injection in password",
              "timedOut": null,
              "duration": 6141,
              "state": "passed",
              "speed": "medium",
              "pass": true,
              "fail": false,
              "pending": false,
              "context": null,
              "code": "cy.wait(2000);\n(0, _commonMethods.login1)(_Constants.default.validEmail, _Constants.default.sqlInjection);\ncy.on(\"window:alert\", str => {\n  expect(str).to.include(\"Invalid email or password\");\n});",
              "err": {},
              "uuid": "b3803ec7-2602-49a0-bd17-cfad2ff8a233",
              "parentUUID": "f35a4d3d-ab0e-4b1f-be85-d31710898567",
              "isHook": false,
              "skipped": false
            },
            {
              "title": "Login_010_Verify that the functionality of case-insensitive in email field",
              "fullTitle": "Login Login_010_Verify that the functionality of case-insensitive in email field",
              "timedOut": null,
              "duration": 5818,
              "state": "passed",
              "speed": "medium",
              "pass": true,
              "fail": false,
              "pending": false,
              "context": null,
              "code": "cy.wait(2000);\n(0, _commonMethods.login1)(_Constants.default.Case_Insensitive_Email, _Constants.default.AdminPassword);\ncy.url().should('include', '/home');\n_LidarViewer.default.getHomeText.should(\"contain.text\", \"Home Page\");",
              "err": {},
              "uuid": "bad41e42-d1da-4a96-a930-b9cef8d85a39",
              "parentUUID": "f35a4d3d-ab0e-4b1f-be85-d31710898567",
              "isHook": false,
              "skipped": false
            },
            {
              "title": "Login_011_Verify that the functionality of lower-case email field",
              "fullTitle": "Login Login_011_Verify that the functionality of lower-case email field",
              "timedOut": null,
              "duration": 5826,
              "state": "passed",
              "speed": "medium",
              "pass": true,
              "fail": false,
              "pending": false,
              "context": null,
              "code": "cy.wait(2000);\n(0, _commonMethods.login1)(_Constants.default.lowerCaseEmail, _Constants.default.AdminPassword);\ncy.url().should('include', '/home');\n_LidarViewer.default.getHomeText.should(\"contain.text\", \"Home Page\");",
              "err": {},
              "uuid": "22f0b6ca-21f2-4719-8bb6-5249d35ed698",
              "parentUUID": "f35a4d3d-ab0e-4b1f-be85-d31710898567",
              "isHook": false,
              "skipped": false
            },
            {
              "title": "Login_012_Verify that the functionality of upper-case email field",
              "fullTitle": "Login Login_012_Verify that the functionality of upper-case email field",
              "timedOut": null,
              "duration": 5862,
              "state": "passed",
              "speed": "medium",
              "pass": true,
              "fail": false,
              "pending": false,
              "context": null,
              "code": "cy.wait(2000);\n(0, _commonMethods.login1)(_Constants.default.upperCaseEmail, _Constants.default.AdminPassword);\ncy.url().should('include', '/home');\n_LidarViewer.default.getHomeText.should(\"contain.text\", \"Home Page\");",
              "err": {},
              "uuid": "c8e34df0-5c07-4045-a2ce-d98bae6b998e",
              "parentUUID": "f35a4d3d-ab0e-4b1f-be85-d31710898567",
              "isHook": false,
              "skipped": false
            },
            {
              "title": "Login_013_Verify that the functionality of mixed-case email field",
              "fullTitle": "Login Login_013_Verify that the functionality of mixed-case email field",
              "timedOut": null,
              "duration": 6813,
              "state": "passed",
              "speed": "medium",
              "pass": true,
              "fail": false,
              "pending": false,
              "context": null,
              "code": "cy.wait(2000);\n(0, _commonMethods.login1)(_Constants.default.MixedCaseEmail, _Constants.default.AdminPassword);\ncy.url().should('include', '/home');\n_LidarViewer.default.getHomeText.should(\"contain.text\", \"Home Page\");",
              "err": {},
              "uuid": "51969a51-21e7-4dd5-8da9-a47e8dbff742",
              "parentUUID": "f35a4d3d-ab0e-4b1f-be85-d31710898567",
              "isHook": false,
              "skipped": false
            },
            {
              "title": "Login_014_Verify that the functionality of non-existing email",
              "fullTitle": "Login Login_014_Verify that the functionality of non-existing email",
              "timedOut": null,
              "duration": 7840,
              "state": "passed",
              "speed": "medium",
              "pass": true,
              "fail": false,
              "pending": false,
              "context": null,
              "code": "cy.wait(2000);\n(0, _commonMethods.login1)(_Constants.default.notExistingEmail, _Constants.default.AdminPassword);\ncy.get(\"#root > div > main > div.info-message-container > span.width-100\").should(\"be.visible\").should(\"have.text\", \"Invalid email format\");",
              "err": {},
              "uuid": "5d16818c-9b0e-4479-a962-d65de64399f4",
              "parentUUID": "f35a4d3d-ab0e-4b1f-be85-d31710898567",
              "isHook": false,
              "skipped": false
            },
            {
              "title": "Auto_015_Verify login with empty email and empty password",
              "fullTitle": "Login Auto_015_Verify login with empty email and empty password",
              "timedOut": null,
              "duration": 3393,
              "state": "passed",
              "speed": "fast",
              "pass": true,
              "fail": false,
              "pending": false,
              "context": null,
              "code": "cy.wait(2000);\n_LidarViewer.default.getLoginBtn.click();\ncy.get(\"#root > div > main > div.info-message-container > span.width-100\").should(\"be.visible\").should(\"have.text\", \"Email and Password should not be empty\");",
              "err": {},
              "uuid": "42ae4ec0-e8d9-4103-8394-f57b76691ad1",
              "parentUUID": "f35a4d3d-ab0e-4b1f-be85-d31710898567",
              "isHook": false,
              "skipped": false
            }
          ],
          "suites": [],
          "passes": [
            "83cc3a1e-089d-4dbf-b588-e2a033faa891",
            "4e5334be-4676-416f-90db-50d0733a5548",
            "686f8f3d-7500-4e0a-8038-50087174ca87",
            "77be64c1-327e-44ae-966e-6060e952f16a",
            "94674543-c128-4ccd-a396-e083fef454f5",
            "30f0ed7b-69b5-4743-a266-ac755320943a",
            "0c3e6370-89ed-4993-be20-f80397ab839d",
            "391de28f-0d98-4701-8e08-3d2990e7a8c8",
            "b3803ec7-2602-49a0-bd17-cfad2ff8a233",
            "bad41e42-d1da-4a96-a930-b9cef8d85a39",
            "22f0b6ca-21f2-4719-8bb6-5249d35ed698",
            "c8e34df0-5c07-4045-a2ce-d98bae6b998e",
            "51969a51-21e7-4dd5-8da9-a47e8dbff742",
            "5d16818c-9b0e-4479-a962-d65de64399f4",
            "42ae4ec0-e8d9-4103-8394-f57b76691ad1"
          ],
          "failures": [],
          "pending": [],
          "skipped": [],
          "duration": 89720,
          "root": false,
          "rootEmpty": false,
          "_timeout": 2000
        }
      ],
      "passes": [],
      "failures": [],
      "pending": [],
      "skipped": [],
      "duration": 0,
      "root": true,
      "rootEmpty": true,
      "_timeout": 2000
    }
  ],
  "meta": {
    "mocha": {
      "version": "7.2.0"
    },
    "mochawesome": {
      "options": {
        "quiet": false,
        "reportFilename": "mochawesome",
        "saveHtml": true,
        "saveJson": true,
        "consoleReporter": "spec",
        "useInlineDiffs": false,
        "code": true
      },
      "version": "7.1.3"
    },
    "marge": {
      "options": {
        "reportDir": "cypress/results",
        "overwrite": false,
        "html": true,
        "json": true
      },
      "version": "6.2.0"
    }
  }
}