{
  "stats": {
    "suites": 1,
    "tests": 2,
    "passes": 2,
    "pending": 0,
    "failures": 0,
    "start": "2026-03-12T14:17:38.291Z",
    "end": "2026-03-12T14:18:37.930Z",
    "duration": 59639,
    "testsRegistered": 2,
    "passPercent": 100,
    "pendingPercent": 0,
    "other": 0,
    "hasOther": false,
    "skipped": 0,
    "hasSkipped": false
  },
  "results": [
    {
      "uuid": "e6574db9-53e5-4bf8-a83b-f84d3a2224d3",
      "title": "",
      "fullFile": "cypress\\e2e\\Multi Sensor\\MultiSensor.cy.js",
      "file": "cypress\\e2e\\Multi Sensor\\MultiSensor.cy.js",
      "beforeHooks": [],
      "afterHooks": [],
      "tests": [],
      "suites": [
        {
          "uuid": "444cb827-8cf8-41de-88b8-8716277a9e77",
          "title": "Multi Sensor Module",
          "fullFile": "",
          "file": "",
          "beforeHooks": [],
          "afterHooks": [],
          "tests": [
            {
              "title": "Multi_Sensor_001 - Verify the system restricts deselecting both Hesai and ZF sensors at the same time",
              "fullTitle": "Multi Sensor Module Multi_Sensor_001 - Verify the system restricts deselecting both Hesai and ZF sensors at the same time",
              "timedOut": null,
              "duration": 32608,
              "state": "passed",
              "speed": "slow",
              "pass": true,
              "fail": false,
              "pending": false,
              "context": null,
              "code": "_ViewerElements.default.getPcdFilterButton.click();\n// Listen for browser alert\ncy.on('window:alert', text => {\n  expect(text).to.contains('LiDAR unit data must be visible');\n});\n// Uncheck Unit-1\n_ViewerElements.default.getUnit1Checkbox.uncheck({\n  force: true\n});\n// Attempt to uncheck Unit-2 (this triggers alert)\n_ViewerElements.default.getUnit2Checkbox.uncheck({\n  force: true\n});",
              "err": {},
              "uuid": "e94edef2-29fa-4be9-ab55-7e2dcab3be6b",
              "parentUUID": "444cb827-8cf8-41de-88b8-8716277a9e77",
              "isHook": false,
              "skipped": false
            },
            {
              "title": "Multi_Sensor_002 - Verify LiDAR unit filter panel appears when PCD Filters icon is clicked",
              "fullTitle": "Multi Sensor Module Multi_Sensor_002 - Verify LiDAR unit filter panel appears when PCD Filters icon is clicked",
              "timedOut": null,
              "duration": 26737,
              "state": "passed",
              "speed": "slow",
              "pass": true,
              "fail": false,
              "pending": false,
              "context": null,
              "code": "// Click PCD Filters button\n_ViewerElements.default.getPcdFilterButton.click();\n// Verify filter panel is displayed\ncy.get('#tw-panel-class-filters2').should('be.visible');",
              "err": {},
              "uuid": "e71e4925-bc11-476b-a201-2ed0db52e929",
              "parentUUID": "444cb827-8cf8-41de-88b8-8716277a9e77",
              "isHook": false,
              "skipped": false
            }
          ],
          "suites": [],
          "passes": [
            "e94edef2-29fa-4be9-ab55-7e2dcab3be6b",
            "e71e4925-bc11-476b-a201-2ed0db52e929"
          ],
          "failures": [],
          "pending": [],
          "skipped": [],
          "duration": 59345,
          "root": false,
          "rootEmpty": false,
          "_timeout": 2000
        }
      ],
      "passes": [],
      "failures": [],
      "pending": [],
      "skipped": [],
      "duration": 0,
      "root": true,
      "rootEmpty": true,
      "_timeout": 2000
    }
  ],
  "meta": {
    "mocha": {
      "version": "7.2.0"
    },
    "mochawesome": {
      "options": {
        "quiet": false,
        "reportFilename": "mochawesome",
        "saveHtml": true,
        "saveJson": true,
        "consoleReporter": "spec",
        "useInlineDiffs": false,
        "code": true
      },
      "version": "7.1.3"
    },
    "marge": {
      "options": {
        "reportDir": "cypress/results",
        "overwrite": false,
        "html": true,
        "json": true
      },
      "version": "6.2.0"
    }
  }
}