{
  "stats": {
    "suites": 1,
    "tests": 2,
    "passes": 2,
    "pending": 0,
    "failures": 0,
    "start": "2026-03-12T07:49:04.580Z",
    "end": "2026-03-12T07:49:53.290Z",
    "duration": 48710,
    "testsRegistered": 2,
    "passPercent": 100,
    "pendingPercent": 0,
    "other": 0,
    "hasOther": false,
    "skipped": 0,
    "hasSkipped": false
  },
  "results": [
    {
      "uuid": "042d628e-71ed-44f2-9968-7fa86f8a12ab",
      "title": "",
      "fullFile": "cypress\\e2e\\Multi Sensor\\MultiSensor.cy.js",
      "file": "cypress\\e2e\\Multi Sensor\\MultiSensor.cy.js",
      "beforeHooks": [],
      "afterHooks": [],
      "tests": [],
      "suites": [
        {
          "uuid": "91f768f0-f9c7-495b-a41f-58655ce727a5",
          "title": "Multi Sensor Module",
          "fullFile": "",
          "file": "",
          "beforeHooks": [],
          "afterHooks": [],
          "tests": [
            {
              "title": "Multi_Sensor_001 - Verify the system restricts deselecting both Hesai and ZF sensors at the same time",
              "fullTitle": "Multi Sensor Module Multi_Sensor_001 - Verify the system restricts deselecting both Hesai and ZF sensors at the same time",
              "timedOut": null,
              "duration": 24060,
              "state": "passed",
              "speed": "slow",
              "pass": true,
              "fail": false,
              "pending": false,
              "context": null,
              "code": "_ViewerElements.default.getPcdFilterButton.click();\n// Listen for browser alert\ncy.on('window:alert', text => {\n  expect(text).to.contains('LiDAR unit data must be visible');\n});\n// Uncheck Unit-1\n_ViewerElements.default.getUnit1Checkbox.uncheck({\n  force: true\n});\n// Attempt to uncheck Unit-2 (this triggers alert)\n_ViewerElements.default.getUnit2Checkbox.uncheck({\n  force: true\n});",
              "err": {},
              "uuid": "85b6dbc8-6e69-4864-99cb-38d486fe8f19",
              "parentUUID": "91f768f0-f9c7-495b-a41f-58655ce727a5",
              "isHook": false,
              "skipped": false
            },
            {
              "title": "Multi_Sensor_002 - Verify LiDAR unit filter panel appears when PCD Filters icon is clicked",
              "fullTitle": "Multi Sensor Module Multi_Sensor_002 - Verify LiDAR unit filter panel appears when PCD Filters icon is clicked",
              "timedOut": null,
              "duration": 24180,
              "state": "passed",
              "speed": "slow",
              "pass": true,
              "fail": false,
              "pending": false,
              "context": null,
              "code": "// Click PCD Filters button\n_ViewerElements.default.getPcdFilterButton.click();\n// Verify filter panel is displayed\ncy.get('#tw-panel-class-filters2').should('be.visible');",
              "err": {},
              "uuid": "1effbc35-ac1f-41a6-9237-97b1b3d48a7f",
              "parentUUID": "91f768f0-f9c7-495b-a41f-58655ce727a5",
              "isHook": false,
              "skipped": false
            }
          ],
          "suites": [],
          "passes": [
            "85b6dbc8-6e69-4864-99cb-38d486fe8f19",
            "1effbc35-ac1f-41a6-9237-97b1b3d48a7f"
          ],
          "failures": [],
          "pending": [],
          "skipped": [],
          "duration": 48240,
          "root": false,
          "rootEmpty": false,
          "_timeout": 2000
        }
      ],
      "passes": [],
      "failures": [],
      "pending": [],
      "skipped": [],
      "duration": 0,
      "root": true,
      "rootEmpty": true,
      "_timeout": 2000
    }
  ],
  "meta": {
    "mocha": {
      "version": "7.2.0"
    },
    "mochawesome": {
      "options": {
        "quiet": false,
        "reportFilename": "mochawesome",
        "saveHtml": true,
        "saveJson": true,
        "consoleReporter": "spec",
        "useInlineDiffs": false,
        "code": true
      },
      "version": "7.1.3"
    },
    "marge": {
      "options": {
        "reportDir": "cypress/results",
        "overwrite": false,
        "html": true,
        "json": true
      },
      "version": "6.2.0"
    }
  }
}