{
  "stats": {
    "suites": 1,
    "tests": 8,
    "passes": 8,
    "pending": 0,
    "failures": 0,
    "start": "2026-02-18T11:34:54.992Z",
    "end": "2026-02-18T11:35:53.640Z",
    "duration": 58648,
    "testsRegistered": 8,
    "passPercent": 100,
    "pendingPercent": 0,
    "other": 0,
    "hasOther": false,
    "skipped": 0,
    "hasSkipped": false
  },
  "results": [
    {
      "uuid": "40de56ee-037d-447b-b4f3-e9ffb28d1b6e",
      "title": "",
      "fullFile": "cypress\\e2e\\Home Page\\HomePageNavigation.cy.js",
      "file": "cypress\\e2e\\Home Page\\HomePageNavigation.cy.js",
      "beforeHooks": [],
      "afterHooks": [],
      "tests": [],
      "suites": [
        {
          "uuid": "de177fae-19b0-44c3-8555-eaf3ae94504d",
          "title": "Home Page Navigation Tests",
          "fullFile": "",
          "file": "",
          "beforeHooks": [],
          "afterHooks": [],
          "tests": [
            {
              "title": "Home_Project_nav_001_Verify that double-clicking on a folder from the home page navigates the user into the folder.",
              "fullTitle": "Home Page Navigation Tests Home_Project_nav_001_Verify that double-clicking on a folder from the home page navigates the user into the folder.",
              "timedOut": null,
              "duration": 13366,
              "state": "passed",
              "speed": "slow",
              "pass": true,
              "fail": false,
              "pending": false,
              "context": null,
              "code": "(0, _commonMethods.openDynamicFolderAndRun)(folderPath, runName);\ncy.wait(2000);\ncy.get(\".body3.ActiveCrumb.pointer\").contains(\"Automation_Atchyutha-\");",
              "err": {},
              "uuid": "4b0dc54d-09d5-4f31-a89a-5de57f0dfee2",
              "parentUUID": "de177fae-19b0-44c3-8555-eaf3ae94504d",
              "isHook": false,
              "skipped": false
            },
            {
              "title": "Home_Project_nav_002_Verify that clicking on the root element navigates the user back to the root view and displays all available data in home page",
              "fullTitle": "Home Page Navigation Tests Home_Project_nav_002_Verify that clicking on the root element navigates the user back to the root view and displays all available data in home page",
              "timedOut": null,
              "duration": 8026,
              "state": "passed",
              "speed": "medium",
              "pass": true,
              "fail": false,
              "pending": false,
              "context": null,
              "code": "folderPath.forEach(folderPaths => {\n  cy.get(\".folderName\").contains(folderPaths).should(\"be.visible\").dblclick();\n  cy.wait(2000);\n});\ncy.get('.body3.InactiveCrumb.pointer').contains('Root').click();\n_LidarViewer.default.getHomeText.should('have.text', 'Home Page');",
              "err": {},
              "uuid": "cd5b4c59-eeba-4ce0-bace-d4eaf26e5afd",
              "parentUUID": "de177fae-19b0-44c3-8555-eaf3ae94504d",
              "isHook": false,
              "skipped": false
            },
            {
              "title": "Home_Project_nav_003_Verify that clicking on a folder from search results opens the folder correctly.",
              "fullTitle": "Home Page Navigation Tests Home_Project_nav_003_Verify that clicking on a folder from search results opens the folder correctly.",
              "timedOut": null,
              "duration": 8933,
              "state": "passed",
              "speed": "medium",
              "pass": true,
              "fail": false,
              "pending": false,
              "context": null,
              "code": "cy.get(\".folderName\").contains(\"Shared Space\").should(\"be.visible\").dblclick();\ncy.get('input[placeholder=\"Type for search\"]').should('be.visible').clear().type('Test');\ncy.wait(2000);\ncy.get('div.primary-btn[alt=\"search\"]').should('be.visible').click();\ncy.wait(2000);\ncy.get('.folderName').contains('Test').dblclick();",
              "err": {},
              "uuid": "67561ddd-337a-47c6-a3fd-1bb5e11fd10f",
              "parentUUID": "de177fae-19b0-44c3-8555-eaf3ae94504d",
              "isHook": false,
              "skipped": false
            },
            {
              "title": "Home_Project_nav_004_Verify that the select checkbox is displayed when more than one run is available.",
              "fullTitle": "Home Page Navigation Tests Home_Project_nav_004_Verify that the select checkbox is displayed when more than one run is available.",
              "timedOut": null,
              "duration": 4082,
              "state": "passed",
              "speed": "fast",
              "pass": true,
              "fail": false,
              "pending": false,
              "context": null,
              "code": "cy.get(\".folderName\").contains(\"Shared Space\").should(\"be.visible\").dblclick();\ncy.get('[data-testid=\"run-card-container\"]').filter(':visible').should('have.length.gte', 2);\ncy.contains('div[role=\"checkbox\"]', 'Select').should('be.visible');",
              "err": {},
              "uuid": "6abe6c32-78f7-46ba-a3c1-582cf5dc300c",
              "parentUUID": "de177fae-19b0-44c3-8555-eaf3ae94504d",
              "isHook": false,
              "skipped": false
            },
            {
              "title": "Home_Project_nav_005_Verify that the open button is displayed when at least one run is available.",
              "fullTitle": "Home Page Navigation Tests Home_Project_nav_005_Verify that the open button is displayed when at least one run is available.",
              "timedOut": null,
              "duration": 3630,
              "state": "passed",
              "speed": "fast",
              "pass": true,
              "fail": false,
              "pending": false,
              "context": null,
              "code": "cy.get(\".folderName\").contains(\"Shared Space\").should(\"be.visible\").dblclick();\ncy.get('[data-testid=\"run-card-container\"]').filter(':visible').should('have.length.gte', 1);\ncy.contains('div.primary-btn', 'Open').should('be.visible');",
              "err": {},
              "uuid": "a4ff6bc0-b44e-4827-84e7-dfaa12bc1338",
              "parentUUID": "de177fae-19b0-44c3-8555-eaf3ae94504d",
              "isHook": false,
              "skipped": false
            },
            {
              "title": "Home_Project_nav_006_Verifying that the opening of multiple runs",
              "fullTitle": "Home Page Navigation Tests Home_Project_nav_006_Verifying that the opening of multiple runs",
              "timedOut": null,
              "duration": 7842,
              "state": "passed",
              "speed": "medium",
              "pass": true,
              "fail": false,
              "pending": false,
              "context": null,
              "code": "let firstRunName;\ncy.get(\".folderName\").contains(\"Shared Space\").should(\"be.visible\").dblclick();\ncy.wait(2000);\ncy.contains('div[role=\"checkbox\"]', 'Select').should('be.visible').click();\ncy.get('[data-testid=\"run-card-container\"]').filter(':visible').then($runs => {\n  firstRunName = $runs.eq(0).find('[data-testid=\"run-name\"]').text().trim();\n  cy.wrap($runs.eq(0)).click();\n  cy.wrap($runs.eq(1)).click();\n});\ncy.contains('div.primary-btn', 'Open').should('be.visible').click();\ncy.get('.body3.ActiveCrumb.pointer').should('be.visible').and($el => {\n  expect($el.text().trim()).to.eq(firstRunName);\n});",
              "err": {},
              "uuid": "bd5e69d2-b38e-40db-8998-947a344faefa",
              "parentUUID": "de177fae-19b0-44c3-8555-eaf3ae94504d",
              "isHook": false,
              "skipped": false
            },
            {
              "title": "Home_Project_nav_007_Verify that an alert is displayed when the user attempts to open more than 10 runs ",
              "fullTitle": "Home Page Navigation Tests Home_Project_nav_007_Verify that an alert is displayed when the user attempts to open more than 10 runs ",
              "timedOut": null,
              "duration": 8551,
              "state": "passed",
              "speed": "medium",
              "pass": true,
              "fail": false,
              "pending": false,
              "context": null,
              "code": "cy.get(\".folderName\").contains(\"Atc\").should(\"be.visible\").dblclick();\ncy.wait(2000);\ncy.contains('div[role=\"checkbox\"]', 'Select').should('be.visible').click();\ncy.get('[data-testid=\"run-card-container\"]').filter(':visible').should('have.length.gte', 11).then($runs => {\n  Cypress._.take($runs.toArray(), 11).forEach(run => {\n    cy.wrap(run).click();\n  });\n});\ncy.contains('div.primary-btn', 'Open').should('be.visible').click();\ncy.on('window:alert', alertText => {\n  expect(alertText).to.eq('Maximum number of selected runs cannot be more than 10');\n});",
              "err": {},
              "uuid": "936ada0a-f498-4e7d-a559-0cf0a6ed56fd",
              "parentUUID": "de177fae-19b0-44c3-8555-eaf3ae94504d",
              "isHook": false,
              "skipped": false
            },
            {
              "title": "Home_Project_nav_008_Verify that the deselect of runs ",
              "fullTitle": "Home Page Navigation Tests Home_Project_nav_008_Verify that the deselect of runs ",
              "timedOut": null,
              "duration": 3930,
              "state": "passed",
              "speed": "fast",
              "pass": true,
              "fail": false,
              "pending": false,
              "context": null,
              "code": "cy.get(\".folderName\").contains(\"Shared Space\").should(\"be.visible\").dblclick();\ncy.contains('div[role=\"checkbox\"]', 'Select').should('be.visible').click();\ncy.get('[data-testid=\"run-card-container\"]').filter(':visible').then($runs => {\n  cy.wrap($runs.eq(0)).click();\n  cy.wrap($runs.eq(1)).click();\n});\ncy.get(\".FileManager.flex-r.justify-between.m-30\").contains(\"Selected Runs 2\");\ncy.get('[data-testid=\"run-card-container\"]').filter(':visible').then($runs => {\n  cy.wrap($runs.eq(0)).click();\n  cy.wrap($runs.eq(1)).click();\n});\ncy.get(\".FileManager.flex-r.justify-between.m-30\").should(\"not.contain\", \"Selected Runs 2\");",
              "err": {},
              "uuid": "791ba405-b857-4a3e-bce2-ea03e7f5008f",
              "parentUUID": "de177fae-19b0-44c3-8555-eaf3ae94504d",
              "isHook": false,
              "skipped": false
            }
          ],
          "suites": [],
          "passes": [
            "4b0dc54d-09d5-4f31-a89a-5de57f0dfee2",
            "cd5b4c59-eeba-4ce0-bace-d4eaf26e5afd",
            "67561ddd-337a-47c6-a3fd-1bb5e11fd10f",
            "6abe6c32-78f7-46ba-a3c1-582cf5dc300c",
            "a4ff6bc0-b44e-4827-84e7-dfaa12bc1338",
            "bd5e69d2-b38e-40db-8998-947a344faefa",
            "936ada0a-f498-4e7d-a559-0cf0a6ed56fd",
            "791ba405-b857-4a3e-bce2-ea03e7f5008f"
          ],
          "failures": [],
          "pending": [],
          "skipped": [],
          "duration": 58360,
          "root": false,
          "rootEmpty": false,
          "_timeout": 2000
        }
      ],
      "passes": [],
      "failures": [],
      "pending": [],
      "skipped": [],
      "duration": 0,
      "root": true,
      "rootEmpty": true,
      "_timeout": 2000
    }
  ],
  "meta": {
    "mocha": {
      "version": "7.2.0"
    },
    "mochawesome": {
      "options": {
        "quiet": false,
        "reportFilename": "mochawesome",
        "saveHtml": true,
        "saveJson": true,
        "consoleReporter": "spec",
        "useInlineDiffs": false,
        "code": true
      },
      "version": "7.1.3"
    },
    "marge": {
      "options": {
        "reportDir": "cypress/results",
        "overwrite": false,
        "html": true,
        "json": true
      },
      "version": "6.2.0"
    }
  }
}