{
  "stats": {
    "suites": 1,
    "tests": 3,
    "passes": 3,
    "pending": 0,
    "failures": 0,
    "start": "2026-03-06T11:46:54.470Z",
    "end": "2026-03-06T11:47:11.538Z",
    "duration": 17068,
    "testsRegistered": 3,
    "passPercent": 100,
    "pendingPercent": 0,
    "other": 0,
    "hasOther": false,
    "skipped": 0,
    "hasSkipped": false
  },
  "results": [
    {
      "uuid": "b216a2c3-c25f-48a9-8e46-aa5402bca120",
      "title": "",
      "fullFile": "cypress\\e2e\\Home Page\\SearchSortHome.cy.js",
      "file": "cypress\\e2e\\Home Page\\SearchSortHome.cy.js",
      "beforeHooks": [],
      "afterHooks": [],
      "tests": [],
      "suites": [
        {
          "uuid": "0ca041f2-cddc-43f2-bac5-0b32d09fa2a1",
          "title": "Search Sort Home Tests",
          "fullFile": "",
          "file": "",
          "beforeHooks": [],
          "afterHooks": [],
          "tests": [
            {
              "title": "Home_036_Verify the display of the back button after performing  a search.",
              "fullTitle": "Search Sort Home Tests Home_036_Verify the display of the back button after performing  a search.",
              "timedOut": null,
              "duration": 7918,
              "state": "passed",
              "speed": "medium",
              "pass": true,
              "fail": false,
              "pending": false,
              "context": null,
              "code": "cy.get('input[placeholder=\"Type for search\"]').should('be.visible').clear().type('Test');\ncy.get('div.primary-btn[alt=\"search\"]').should('be.visible').click();\ncy.get('button.padding-5').should('be.visible').click();\ncy.get('.folderName').contains('Shared Space').should('be.visible');\ncy.get('input[placeholder=\"Type for search\"]').should('be.visible');",
              "err": {},
              "uuid": "d1c807c9-895e-4287-9881-50c8eb30bd89",
              "parentUUID": "0ca041f2-cddc-43f2-bac5-0b32d09fa2a1",
              "isHook": false,
              "skipped": false
            },
            {
              "title": "Home_037_Verify that clicking on the list view icon displays all runs in list view",
              "fullTitle": "Search Sort Home Tests Home_037_Verify that clicking on the list view icon displays all runs in list view",
              "timedOut": null,
              "duration": 4188,
              "state": "passed",
              "speed": "fast",
              "pass": true,
              "fail": false,
              "pending": false,
              "context": null,
              "code": "cy.get(\".folderName\").contains(\"Shared Space\").should(\"be.visible\").dblclick();\ncy.get('[data-testid=\"list-view-icon-inactive\"]').should('be.visible').click();\ncy.get('[data-testid=\"list-view-icon-active\"]').should('be.visible');\ncy.get('.Table').should('be.visible');\ncy.get('.TableData').should('have.length.greaterThan', 0);",
              "err": {},
              "uuid": "3b3ebd45-4af7-4e35-8b4c-93ca77c27e6e",
              "parentUUID": "0ca041f2-cddc-43f2-bac5-0b32d09fa2a1",
              "isHook": false,
              "skipped": false
            },
            {
              "title": "Home_038_Clicking on the grid view icon displays all runs in grid view",
              "fullTitle": "Search Sort Home Tests Home_038_Clicking on the grid view icon displays all runs in grid view",
              "timedOut": null,
              "duration": 4795,
              "state": "passed",
              "speed": "fast",
              "pass": true,
              "fail": false,
              "pending": false,
              "context": null,
              "code": "cy.get(\".folderName\").contains(\"Shared Space\").should(\"be.visible\").dblclick();\ncy.get('[data-testid=\"grid-view-icon-active\"]').should('be.visible');\ncy.get('[data-testid=\"run-card-container\"]').filter(':visible').should('have.length.greaterThan', 0).each($card => {\n  cy.wrap($card).parents('a.linkDecoration').should('exist');\n});",
              "err": {},
              "uuid": "ca1ed2cd-24fb-441d-8063-70a8a2d54bb7",
              "parentUUID": "0ca041f2-cddc-43f2-bac5-0b32d09fa2a1",
              "isHook": false,
              "skipped": false
            }
          ],
          "suites": [],
          "passes": [
            "d1c807c9-895e-4287-9881-50c8eb30bd89",
            "3b3ebd45-4af7-4e35-8b4c-93ca77c27e6e",
            "ca1ed2cd-24fb-441d-8063-70a8a2d54bb7"
          ],
          "failures": [],
          "pending": [],
          "skipped": [],
          "duration": 16901,
          "root": false,
          "rootEmpty": false,
          "_timeout": 2000
        }
      ],
      "passes": [],
      "failures": [],
      "pending": [],
      "skipped": [],
      "duration": 0,
      "root": true,
      "rootEmpty": true,
      "_timeout": 2000
    }
  ],
  "meta": {
    "mocha": {
      "version": "7.2.0"
    },
    "mochawesome": {
      "options": {
        "quiet": false,
        "reportFilename": "mochawesome",
        "saveHtml": true,
        "saveJson": true,
        "consoleReporter": "spec",
        "useInlineDiffs": false,
        "code": true
      },
      "version": "7.1.3"
    },
    "marge": {
      "options": {
        "reportDir": "cypress/results",
        "overwrite": false,
        "html": true,
        "json": true
      },
      "version": "6.2.0"
    }
  }
}