{
  "stats": {
    "suites": 1,
    "tests": 1,
    "passes": 1,
    "pending": 0,
    "failures": 0,
    "start": "2026-03-11T02:47:52.886Z",
    "end": "2026-03-11T02:48:04.092Z",
    "duration": 11206,
    "testsRegistered": 1,
    "passPercent": 100,
    "pendingPercent": 0,
    "other": 0,
    "hasOther": false,
    "skipped": 0,
    "hasSkipped": false
  },
  "results": [
    {
      "uuid": "88bc53f8-bdf5-4339-b28b-69921c05ff1d",
      "title": "",
      "fullFile": "cypress\\e2e\\Login\\Login.cy.js",
      "file": "cypress\\e2e\\Login\\Login.cy.js",
      "beforeHooks": [],
      "afterHooks": [],
      "tests": [],
      "suites": [
        {
          "uuid": "ae0a178c-30fd-4a11-a38f-62353d720553",
          "title": "Login",
          "fullFile": "",
          "file": "",
          "beforeHooks": [],
          "afterHooks": [],
          "tests": [
            {
              "title": "Login_003_Verify that login with invalid email and valid password",
              "fullTitle": "Login Login_003_Verify that login with invalid email and valid password",
              "timedOut": null,
              "duration": 11156,
              "state": "passed",
              "speed": "slow",
              "pass": true,
              "fail": false,
              "pending": false,
              "context": null,
              "code": "cy.wait(2000);\n(0, _commonMethods.login1)(_Constants.default.inValidEmail, _Constants.default.password);\ncy.on(\"window:alert\", str => {\n  expect(str).to.include(\"Invalid email or password\");\n});",
              "err": {},
              "uuid": "30832be4-d515-47ec-aedf-e55c5e1040c5",
              "parentUUID": "ae0a178c-30fd-4a11-a38f-62353d720553",
              "isHook": false,
              "skipped": false
            }
          ],
          "suites": [],
          "passes": [
            "30832be4-d515-47ec-aedf-e55c5e1040c5"
          ],
          "failures": [],
          "pending": [],
          "skipped": [],
          "duration": 11156,
          "root": false,
          "rootEmpty": false,
          "_timeout": 2000
        }
      ],
      "passes": [],
      "failures": [],
      "pending": [],
      "skipped": [],
      "duration": 0,
      "root": true,
      "rootEmpty": true,
      "_timeout": 2000
    }
  ],
  "meta": {
    "mocha": {
      "version": "7.2.0"
    },
    "mochawesome": {
      "options": {
        "quiet": false,
        "reportFilename": "mochawesome",
        "saveHtml": true,
        "saveJson": true,
        "consoleReporter": "spec",
        "useInlineDiffs": false,
        "code": true
      },
      "version": "7.1.3"
    },
    "marge": {
      "options": {
        "reportDir": "cypress/results",
        "overwrite": false,
        "html": true,
        "json": true
      },
      "version": "6.2.0"
    }
  }
}