{
  "stats": {
    "suites": 1,
    "tests": 4,
    "passes": 4,
    "pending": 0,
    "failures": 0,
    "start": "2026-03-11T10:55:05.936Z",
    "end": "2026-03-11T10:57:52.387Z",
    "duration": 166451,
    "testsRegistered": 4,
    "passPercent": 100,
    "pendingPercent": 0,
    "other": 0,
    "hasOther": false,
    "skipped": 0,
    "hasSkipped": false
  },
  "results": [
    {
      "uuid": "b18e28d7-d5eb-4a2d-88be-6471bbb753d5",
      "title": "",
      "fullFile": "cypress\\e2e\\KML\\KML.cy.js",
      "file": "cypress\\e2e\\KML\\KML.cy.js",
      "beforeHooks": [],
      "afterHooks": [],
      "tests": [],
      "suites": [
        {
          "uuid": "4b40ca22-0c14-4423-b449-168520f57eb8",
          "title": "KML Module",
          "fullFile": "",
          "file": "",
          "beforeHooks": [],
          "afterHooks": [],
          "tests": [
            {
              "title": "KML_001 - Verifying the functionality of exporting all types of measurement data as KML file to local machine ",
              "fullTitle": "KML Module KML_001 - Verifying the functionality of exporting all types of measurement data as KML file to local machine ",
              "timedOut": null,
              "duration": 46733,
              "state": "passed",
              "speed": "slow",
              "pass": true,
              "fail": false,
              "pending": false,
              "context": null,
              "code": "// Step 3: Place or ensure measurements exist (optional if data already exists)\n_MeasurementAction.default.placeHorizontalMeasurement(500, 800, 600, 850);\n_MeasurementAction.default.placeVerticalOffsetMeasurement(520, 810);\n_MeasurementAction.default.placePerpendicularMeasurement(530, 615, 570, 655, 600, 700);\n_MeasurementAction.default.placePointToPointMeasurement(540, 725, 560, 745);\n_MeasurementAction.default.exportMeasurementsToKML();\ncy.exec('dir cypress\\\\downloads').then(result => {\n  expect(result.stdout).to.include('kml');\n  cy.exec('del cypress\\\\downloads\\\\*kml*.kml');\n});",
              "err": {},
              "uuid": "6510253c-5bf0-4b21-9420-4427b3fd6582",
              "parentUUID": "4b40ca22-0c14-4423-b449-168520f57eb8",
              "isHook": false,
              "skipped": false
            },
            {
              "title": "KML_002 - Verifying the functionality of exporting horizontal measurement data as GeoJason file format to local machine  ",
              "fullTitle": "KML Module KML_002 - Verifying the functionality of exporting horizontal measurement data as GeoJason file format to local machine  ",
              "timedOut": null,
              "duration": 27496,
              "state": "passed",
              "speed": "slow",
              "pass": true,
              "fail": false,
              "pending": false,
              "context": null,
              "code": "_MeasurementAction.default.placeHorizontalMeasurement(500, 800, 600, 850);\n_MeasurementAction.default.exportMeasurementsToGeoJson();\ncy.exec('dir cypress\\\\downloads').then(result => {\n  expect(result.stdout).to.include('Geo');\n  cy.exec('del cypress\\\\downloads\\\\*geo*.json');\n});",
              "err": {},
              "uuid": "20037666-4c6f-432d-b7ab-31c38a0f0e44",
              "parentUUID": "4b40ca22-0c14-4423-b449-168520f57eb8",
              "isHook": false,
              "skipped": false
            },
            {
              "title": "KML_003 - Verify the functionality of exporting vertical measurement data as a shapefile to local machine",
              "fullTitle": "KML Module KML_003 - Verify the functionality of exporting vertical measurement data as a shapefile to local machine",
              "timedOut": null,
              "duration": 28653,
              "state": "passed",
              "speed": "slow",
              "pass": true,
              "fail": false,
              "pending": false,
              "context": null,
              "code": "_MeasurementAction.default.placeVerticalMeasurement(500, 800, 500, 550);\n_MeasurementAction.default.exportMeasurementsToShape();\ncy.exec('dir cypress\\\\downloads').then(result => {\n  expect(result.stdout).to.include('shape');\n  cy.exec('del cypress\\\\downloads\\\\*shape*.zip');\n});",
              "err": {},
              "uuid": "5ace3316-7ca2-4d39-ae59-825e5fa5b924",
              "parentUUID": "4b40ca22-0c14-4423-b449-168520f57eb8",
              "isHook": false,
              "skipped": false
            },
            {
              "title": "KML_004 - Verify the functionality of exporting Point-to-Point measurement data as a shapefile to local machine",
              "fullTitle": "KML Module KML_004 - Verify the functionality of exporting Point-to-Point measurement data as a shapefile to local machine",
              "timedOut": null,
              "duration": 30668,
              "state": "passed",
              "speed": "slow",
              "pass": true,
              "fail": false,
              "pending": false,
              "context": null,
              "code": "_MeasurementAction.default.placePointToPointMeasurement(510, 820, 630, 880);\n_MeasurementAction.default.exportMeasurementsToShape();\ncy.exec('dir cypress\\\\downloads').then(result => {\n  expect(result.stdout).to.include('shape');\n  cy.exec('del cypress\\\\downloads\\\\*shape*.zip');\n});",
              "err": {},
              "uuid": "11bd0e91-184f-4beb-bf28-9382f8dc2d40",
              "parentUUID": "4b40ca22-0c14-4423-b449-168520f57eb8",
              "isHook": false,
              "skipped": false
            }
          ],
          "suites": [],
          "passes": [
            "6510253c-5bf0-4b21-9420-4427b3fd6582",
            "20037666-4c6f-432d-b7ab-31c38a0f0e44",
            "5ace3316-7ca2-4d39-ae59-825e5fa5b924",
            "11bd0e91-184f-4beb-bf28-9382f8dc2d40"
          ],
          "failures": [],
          "pending": [],
          "skipped": [],
          "duration": 133550,
          "root": false,
          "rootEmpty": false,
          "_timeout": 2000
        }
      ],
      "passes": [],
      "failures": [],
      "pending": [],
      "skipped": [],
      "duration": 0,
      "root": true,
      "rootEmpty": true,
      "_timeout": 2000
    }
  ],
  "meta": {
    "mocha": {
      "version": "7.2.0"
    },
    "mochawesome": {
      "options": {
        "quiet": false,
        "reportFilename": "mochawesome",
        "saveHtml": true,
        "saveJson": true,
        "consoleReporter": "spec",
        "useInlineDiffs": false,
        "code": true
      },
      "version": "7.1.3"
    },
    "marge": {
      "options": {
        "reportDir": "cypress/results",
        "overwrite": false,
        "html": true,
        "json": true
      },
      "version": "6.2.0"
    }
  }
}