{
  "stats": {
    "suites": 1,
    "tests": 11,
    "passes": 11,
    "pending": 0,
    "failures": 0,
    "start": "2026-03-09T12:46:05.053Z",
    "end": "2026-03-09T12:53:26.436Z",
    "duration": 441383,
    "testsRegistered": 11,
    "passPercent": 100,
    "pendingPercent": 0,
    "other": 0,
    "hasOther": false,
    "skipped": 0,
    "hasSkipped": false
  },
  "results": [
    {
      "uuid": "e56e3cea-ee37-47ae-b415-98dc91754241",
      "title": "",
      "fullFile": "cypress\\e2e\\Poles\\Poles.cy.js",
      "file": "cypress\\e2e\\Poles\\Poles.cy.js",
      "beforeHooks": [],
      "afterHooks": [],
      "tests": [],
      "suites": [
        {
          "uuid": "ef41ca59-25a6-4383-af4a-e260cde878e6",
          "title": "Poles Module",
          "fullFile": "",
          "file": "",
          "beforeHooks": [],
          "afterHooks": [],
          "tests": [
            {
              "title": "Pole_001 - Verify deleting imported pole data from server",
              "fullTitle": "Poles Module Pole_001 - Verify deleting imported pole data from server",
              "timedOut": null,
              "duration": 50252,
              "state": "passed",
              "speed": "slow",
              "pass": true,
              "fail": false,
              "pending": false,
              "context": null,
              "code": "// Place and save pole\nconst poleName = _PoleAction.default.placePole(600, 350);\n_PoleAction.default.savePole();\ncy.reload();\ncy.wait(5000);\n// Import poles from server\n_PoleAction.default.importPoles();\n// Delete the imported pole\n_PoleAction.default.deletePole(poleName);",
              "err": {},
              "uuid": "a4c3c886-2100-4180-ade6-d97aa49cb550",
              "parentUUID": "ef41ca59-25a6-4383-af4a-e260cde878e6",
              "isHook": false,
              "skipped": false
            },
            {
              "title": "Pole_002 - Verify opening pole form by clicking pole node or ID in camera",
              "fullTitle": "Poles Module Pole_002 - Verify opening pole form by clicking pole node or ID in camera",
              "timedOut": null,
              "duration": 30221,
              "state": "passed",
              "speed": "slow",
              "pass": true,
              "fail": false,
              "pending": false,
              "context": null,
              "code": "// Place a pole and get the generated name\nconst poleName = _PoleAction.default.placePole(600, 350);\n// Search by polename and open it\n_PoleAction.default.openPole(poleName);\n_PoleLocators.default.getField('Id').should('have.value', poleName);",
              "err": {},
              "uuid": "146c6b5b-7a8b-4585-84d1-4551924d56ba",
              "parentUUID": "ef41ca59-25a6-4383-af4a-e260cde878e6",
              "isHook": false,
              "skipped": false
            },
            {
              "title": "Pole_003 - Verify opening pole form by clicking Pole icon in the map view",
              "fullTitle": "Poles Module Pole_003 - Verify opening pole form by clicking Pole icon in the map view",
              "timedOut": null,
              "duration": 28279,
              "state": "passed",
              "speed": "slow",
              "pass": true,
              "fail": false,
              "pending": false,
              "context": null,
              "code": "// Place a pole and get the generated name\nconst poleName = _PoleAction.default.placePole(600, 350);\n// Search by polename and open it\n_PoleAction.default.openPole(poleName);\n_PoleLocators.default.getField('Id').should('have.value', poleName);",
              "err": {},
              "uuid": "184c698e-972a-47b1-acb3-0047a341af5d",
              "parentUUID": "ef41ca59-25a6-4383-af4a-e260cde878e6",
              "isHook": false,
              "skipped": false
            },
            {
              "title": "Pole_004 - Verify the functionality of copy feature in pole",
              "fullTitle": "Poles Module Pole_004 - Verify the functionality of copy feature in pole",
              "timedOut": null,
              "duration": 29695,
              "state": "passed",
              "speed": "slow",
              "pass": true,
              "fail": false,
              "pending": false,
              "context": null,
              "code": "const poleName = _PoleAction.default.placePole(600, 350);\n// SPANS TAB\n_PoleLocators.default.getTab('Spans').click();\n_PoleAction.default.copyForm(\"Span\", 1);\n_PoleLocators.default.poleSidePanel.contains('Span [2]').should('exist');\n_PoleAction.default.copyForm(\"Wire\", 1);\n_PoleLocators.default.poleSidePanel.contains('Wire [2]').should('exist');\n_PoleAction.default.copyForm(\"SpanGuy\", 1);\n_PoleLocators.default.poleSidePanel.contains('SpanGuy [2]').should('exist');\n// ANCHORS TAB\n_PoleLocators.default.getTab('Anchors').click();\n_PoleAction.default.copyForm(\"Anchor\", 1);\n_PoleLocators.default.poleSidePanel.contains('Anchor [2]').should('exist');\n_PoleAction.default.copyForm(\"Guy\", 1);\n_PoleLocators.default.poleSidePanel.contains('Guy [2]').should('exist');\n// EQUIPMENT TAB\n_PoleLocators.default.getTab('Equipment').click();\n_PoleAction.default.copyForm(\"Equipment\", 1);\n_PoleLocators.default.poleSidePanel.contains('Equipment [2]').should('exist');",
              "err": {},
              "uuid": "779fe026-95d6-4a09-9da2-c2da05286163",
              "parentUUID": "ef41ca59-25a6-4383-af4a-e260cde878e6",
              "isHook": false,
              "skipped": false
            },
            {
              "title": "Pole_005 -Verify the functionality of display associated form data upon switching  between tabs",
              "fullTitle": "Poles Module Pole_005 -Verify the functionality of display associated form data upon switching  between tabs",
              "timedOut": null,
              "duration": 28359,
              "state": "passed",
              "speed": "slow",
              "pass": true,
              "fail": false,
              "pending": false,
              "context": null,
              "code": "const poleName = _PoleAction.default.placePole(600, 350);\n_PoleLocators.default.getTab('Spans').click();\ncy.contains('Span [1]').should('exist');\ncy.contains('Wire [1]').should('exist');\ncy.contains('SpanGuy [1]').should('exist');\n_PoleLocators.default.getTab('Anchors').click();\ncy.contains('Anchor [1]').should('exist');\ncy.contains('Guy [1]').should('exist');\n_PoleLocators.default.getTab('Equipment').click();\ncy.contains('Equipment [1]').should('exist');",
              "err": {},
              "uuid": "3223e996-a8a7-4c5a-90e2-97094d024e6b",
              "parentUUID": "ef41ca59-25a6-4383-af4a-e260cde878e6",
              "isHook": false,
              "skipped": false
            },
            {
              "title": "Pole_006 - Verify deleting nested forms under main tabs in pole form",
              "fullTitle": "Poles Module Pole_006 - Verify deleting nested forms under main tabs in pole form",
              "timedOut": null,
              "duration": 34848,
              "state": "passed",
              "speed": "slow",
              "pass": true,
              "fail": false,
              "pending": false,
              "context": null,
              "code": "const poleName = _PoleAction.default.placePole(600, 350);\n// ======================\n// SPANS TAB\n// ======================\n_PoleLocators.default.getTab('Spans').click();\n_PoleLocators.default.poleSidePanel.contains('Add Span').click();\n_PoleAction.default.deleteSpan(1);\n_PoleLocators.default.poleSidePanel.contains('Add Wire').click();\n_PoleAction.default.deleteWire(1);\n_PoleLocators.default.poleSidePanel.contains('Add Spanguy').click();\n_PoleAction.default.deleteSpanGuy(1);\n// ======================\n// ANCHORS TAB\n// ======================\n_PoleLocators.default.getTab('Anchors').click();\n_PoleLocators.default.poleSidePanel.contains('Add Anchor').click();\n_PoleAction.default.deleteAnchor(1);\n_PoleLocators.default.poleSidePanel.contains('Add Down Guy').click();\n_PoleAction.default.deleteDownGuy(1);\n// ======================\n// EQUIPMENT TAB\n// ======================\n_PoleLocators.default.getTab('Equipment').click();\n_PoleLocators.default.poleSidePanel.contains('Add Equipment').click();\n_PoleAction.default.deleteEquipment(1);",
              "err": {},
              "uuid": "4c32486e-0372-4cdd-b0b5-713bcff5b367",
              "parentUUID": "ef41ca59-25a6-4383-af4a-e260cde878e6",
              "isHook": false,
              "skipped": false
            },
            {
              "title": "Pole_007 - Verify the functionality of adding new sub forms in pole form",
              "fullTitle": "Poles Module Pole_007 - Verify the functionality of adding new sub forms in pole form",
              "timedOut": null,
              "duration": 27999,
              "state": "passed",
              "speed": "slow",
              "pass": true,
              "fail": false,
              "pending": false,
              "context": null,
              "code": "const poleName = _PoleAction.default.placePole(600, 350);\n// SPANS TAB\n_PoleLocators.default.getTab('Spans').click();\n_PoleLocators.default.poleSidePanel.contains('Add Span').click();\n_LidarViewer.default.infoMessageContainer.should('be.visible').invoke('text').should('match', /span/i);\n_PoleLocators.default.poleSidePanel.contains('Add Wire').click();\n_LidarViewer.default.infoMessageContainer.should('be.visible').invoke('text').should('match', /wire/i);\n_PoleLocators.default.poleSidePanel.contains('Add Spanguy').click();\n_LidarViewer.default.infoMessageContainer.should('be.visible').invoke('text').should('match', /spanguy/i);\n// ANCHORS TAB\n_PoleLocators.default.getTab('Anchors').click();\n_PoleLocators.default.poleSidePanel.contains('Add Anchor').click();\n_LidarViewer.default.infoMessageContainer.should('be.visible').invoke('text').should('match', /anchor/i);\n_PoleLocators.default.poleSidePanel.contains('Add Down Guy').click();\n_LidarViewer.default.infoMessageContainer.should('be.visible').invoke('text').should('match', /downguy/i);\n// EQUIPMENT TAB\n_PoleLocators.default.getTab('Equipment').click();\n_PoleLocators.default.poleSidePanel.contains('Add Equipment').click();\n_LidarViewer.default.infoMessageContainer.should('be.visible').invoke('text').should('match', /equipment/i);",
              "err": {},
              "uuid": "529f4817-17f0-46bc-87e6-170e6c41dc2d",
              "parentUUID": "ef41ca59-25a6-4383-af4a-e260cde878e6",
              "isHook": false,
              "skipped": false
            },
            {
              "title": "Pole_008 -Verify the functionality of saving updated pole to server",
              "fullTitle": "Poles Module Pole_008 -Verify the functionality of saving updated pole to server",
              "timedOut": null,
              "duration": 70851,
              "state": "passed",
              "speed": "slow",
              "pass": true,
              "fail": false,
              "pending": false,
              "context": null,
              "code": "const poleName = _PoleAction.default.placePole(650, 380);\n_PoleAction.default.savePole();\n// Reload and import to simulate a fresh session and ensure persistence\ncy.reload();\ncy.wait(5000);\n_PoleAction.default.importPoles();\n// Open the pole after import\n_PoleAction.default.openPole(poleName);\n// Edit the pole ID / name (simulate update)\nconst updatedPoleName = `${poleName}_updated`;\n_PoleLocators.default.getField('Id').should('be.visible').clear().type(updatedPoleName);\n// Save the updated pole\n_PoleAction.default.savePole();\n// Reload and import again to verify the update persisted\ncy.reload();\ncy.wait(5000);\n_PoleAction.default.importPoles();\n// Confirm new/updated pole exists and has updated data\ncy.get(`div[role=\"button\"][aria-label=\"${updatedPoleName}\"]`).should('exist');\n_PoleAction.default.openPole(updatedPoleName);\n_PoleLocators.default.getField('Id').should('have.value', updatedPoleName);",
              "err": {},
              "uuid": "dbe5263f-c3b9-46c5-a1eb-1d500f3c7a36",
              "parentUUID": "ef41ca59-25a6-4383-af4a-e260cde878e6",
              "isHook": false,
              "skipped": false
            },
            {
              "title": "Pole_009 -Verifying the functionality of pole form deletion from server",
              "fullTitle": "Poles Module Pole_009 -Verifying the functionality of pole form deletion from server",
              "timedOut": null,
              "duration": 49413,
              "state": "passed",
              "speed": "slow",
              "pass": true,
              "fail": false,
              "pending": false,
              "context": null,
              "code": "// Place & save pole\nconst poleName = _PoleAction.default.placePole(600, 350);\n_PoleAction.default.savePole();\ncy.reload();\ncy.wait(5000);\n_PoleAction.default.importPoles();\n_PoleAction.default.openPole(poleName);\n_PoleAction.default.deletePole(poleName);\ncy.get(`div[role=\"button\"][aria-label=\"${poleName}\"]`).should('not.exist');\ncy.contains(poleName).should('not.exist');",
              "err": {},
              "uuid": "4e3f6c49-91cd-482f-a9ff-4dc71d222dd1",
              "parentUUID": "ef41ca59-25a6-4383-af4a-e260cde878e6",
              "isHook": false,
              "skipped": false
            },
            {
              "title": "Pole_010 -Verifying the functionality of importing pole from the server",
              "fullTitle": "Poles Module Pole_010 -Verifying the functionality of importing pole from the server",
              "timedOut": null,
              "duration": 45845,
              "state": "passed",
              "speed": "slow",
              "pass": true,
              "fail": false,
              "pending": false,
              "context": null,
              "code": "const poleName = _PoleAction.default.placePole(650, 400);\n_PoleAction.default.savePole();\ncy.reload();\ncy.wait(5000);\n// Import poles from server and verify new pole is present\n_PoleAction.default.importPoles();\ncy.get(`div[role=\"button\"][aria-label=\"${poleName}\"]`).should('exist');\n_PoleAction.default.openPole(poleName);\n_PoleLocators.default.getField('Id').should('have.value', poleName);",
              "err": {},
              "uuid": "ab810654-4666-4ae2-a3b7-7fd9d87c331f",
              "parentUUID": "ef41ca59-25a6-4383-af4a-e260cde878e6",
              "isHook": false,
              "skipped": false
            },
            {
              "title": "Pole_011 -Verifying the functionality of saving pole form data to server",
              "fullTitle": "Poles Module Pole_011 -Verifying the functionality of saving pole form data to server",
              "timedOut": null,
              "duration": 43567,
              "state": "passed",
              "speed": "slow",
              "pass": true,
              "fail": false,
              "pending": false,
              "context": null,
              "code": "// Place a new pole and save it\nconst poleName = _PoleAction.default.placePole(700, 450);\n_PoleAction.default.savePole();\n// Reload and re-import to verify persistence\ncy.reload();\ncy.wait(5000);\n_PoleAction.default.importPoles();\n// Verify the pole exists and form data is correct\ncy.get(`div[role=\"button\"][aria-label=\"${poleName}\"]`).should('exist');\n_PoleAction.default.openPole(poleName);\n_PoleLocators.default.getField('Id').should('have.value', poleName);",
              "err": {},
              "uuid": "01010995-3f7b-427e-9934-b0eff9e10541",
              "parentUUID": "ef41ca59-25a6-4383-af4a-e260cde878e6",
              "isHook": false,
              "skipped": false
            }
          ],
          "suites": [],
          "passes": [
            "a4c3c886-2100-4180-ade6-d97aa49cb550",
            "146c6b5b-7a8b-4585-84d1-4551924d56ba",
            "184c698e-972a-47b1-acb3-0047a341af5d",
            "779fe026-95d6-4a09-9da2-c2da05286163",
            "3223e996-a8a7-4c5a-90e2-97094d024e6b",
            "4c32486e-0372-4cdd-b0b5-713bcff5b367",
            "529f4817-17f0-46bc-87e6-170e6c41dc2d",
            "dbe5263f-c3b9-46c5-a1eb-1d500f3c7a36",
            "4e3f6c49-91cd-482f-a9ff-4dc71d222dd1",
            "ab810654-4666-4ae2-a3b7-7fd9d87c331f",
            "01010995-3f7b-427e-9934-b0eff9e10541"
          ],
          "failures": [],
          "pending": [],
          "skipped": [],
          "duration": 439329,
          "root": false,
          "rootEmpty": false,
          "_timeout": 2000
        }
      ],
      "passes": [],
      "failures": [],
      "pending": [],
      "skipped": [],
      "duration": 0,
      "root": true,
      "rootEmpty": true,
      "_timeout": 2000
    }
  ],
  "meta": {
    "mocha": {
      "version": "7.2.0"
    },
    "mochawesome": {
      "options": {
        "quiet": false,
        "reportFilename": "mochawesome",
        "saveHtml": true,
        "saveJson": true,
        "consoleReporter": "spec",
        "useInlineDiffs": false,
        "code": true
      },
      "version": "7.1.3"
    },
    "marge": {
      "options": {
        "reportDir": "cypress/results",
        "overwrite": false,
        "html": true,
        "json": true
      },
      "version": "6.2.0"
    }
  }
}