{
  "stats": {
    "suites": 1,
    "tests": 2,
    "passes": 2,
    "pending": 0,
    "failures": 0,
    "start": "2026-03-12T07:42:57.189Z",
    "end": "2026-03-12T07:43:32.810Z",
    "duration": 35621,
    "testsRegistered": 2,
    "passPercent": 100,
    "pendingPercent": 0,
    "other": 0,
    "hasOther": false,
    "skipped": 0,
    "hasSkipped": false
  },
  "results": [
    {
      "uuid": "4f1e3344-4a1c-4288-a95a-e9bfeb087965",
      "title": "",
      "fullFile": "cypress\\e2e\\Home Page\\SearchSortHome.cy.js",
      "file": "cypress\\e2e\\Home Page\\SearchSortHome.cy.js",
      "beforeHooks": [],
      "afterHooks": [],
      "tests": [],
      "suites": [
        {
          "uuid": "21c708dd-8d93-4f62-a714-7fd795fd32f7",
          "title": "Search Sort Home Tests",
          "fullFile": "",
          "file": "",
          "beforeHooks": [],
          "afterHooks": [],
          "tests": [
            {
              "title": "Home_001_Verify that the search functionality correctly displays runs based on the entered Pole ID that is available in the server.",
              "fullTitle": "Search Sort Home Tests Home_001_Verify that the search functionality correctly displays runs based on the entered Pole ID that is available in the server.",
              "timedOut": null,
              "duration": 30227,
              "state": "passed",
              "speed": "slow",
              "pass": true,
              "fail": false,
              "pending": false,
              "context": null,
              "code": "// Search Run\ncy.get('input[placeholder=\"Type for search\"]').should(\"be.visible\").clear().type(\"Test-Oct30-3\");\ncy.get('div.primary-btn[alt=\"search\"]').should(\"be.visible\").click();\n// Open Run\ncy.contains(\".runCardHomeName\", \"Test-Oct30-3\").should(\"be.visible\").click();\n// Wait for default viewer load\ncy.get(\"#canvas3D\", {\n  timeout: 20000\n}).should(\"be.visible\");\n// Navigate to image 60\ncy.url().then(url => {\n  const updatedUrl = url.replace(/\\/\\d+\\?/, '/60?');\n  cy.visit(updatedUrl);\n});\n// Wait again after re-visit\ncy.get(\"#canvas3D\", {\n  timeout: 20000\n}).should(\"be.visible\");\n// Enable PCD + Camera\n_ViewerElements.default.getPcdCameraViewBtn.should(\"be.visible\").click();\ncy.wait(5000);\n// Place and save pole\nconst poleName = _PoleAction.default.placePole(600, 350);\n_PoleAction.default.savePole();\ncy.visit(Cypress.config(\"baseUrl\"));\ncy.get(\".HomeDropDown\").first().select(\"PoleId\");\ncy.get('[data-testid=\"searchbar-container\"]').type(poleName);\ncy.get('div.primary-btn[alt=\"search\"]').should(\"be.visible\").click();\ncy.wait(2000);\ncy.contains(\".runCardHomeName\", \"Test-Oct30-3\").should(\"be.visible\");",
              "err": {},
              "uuid": "3eb6d154-6773-4ead-9e67-7298361061c8",
              "parentUUID": "21c708dd-8d93-4f62-a714-7fd795fd32f7",
              "isHook": false,
              "skipped": false
            },
            {
              "title": "Home_007_Verify that the search feature correctly displays associated run data for valid latitude and longitude values.",
              "fullTitle": "Search Sort Home Tests Home_007_Verify that the search feature correctly displays associated run data for valid latitude and longitude values.",
              "timedOut": null,
              "duration": 5221,
              "state": "passed",
              "speed": "medium",
              "pass": true,
              "fail": false,
              "pending": false,
              "context": null,
              "code": "let latlng = \"26.974109339800187, -82.15931013816875\";\ncy.get(\".HomeDropDown\").first().select(\"LatLng\");\ncy.get('[data-testid=\"searchbar-container\"]').type(latlng);\ncy.get('div.primary-btn[alt=\"search\"]').click();\ncy.contains(\".runCardHomeName\", \"Test-Oct30-3\").should(\"be.visible\");",
              "err": {},
              "uuid": "b17b72da-ebcc-48aa-94ed-25dfcb25697a",
              "parentUUID": "21c708dd-8d93-4f62-a714-7fd795fd32f7",
              "isHook": false,
              "skipped": false
            }
          ],
          "suites": [],
          "passes": [
            "3eb6d154-6773-4ead-9e67-7298361061c8",
            "b17b72da-ebcc-48aa-94ed-25dfcb25697a"
          ],
          "failures": [],
          "pending": [],
          "skipped": [],
          "duration": 35448,
          "root": false,
          "rootEmpty": false,
          "_timeout": 2000
        }
      ],
      "passes": [],
      "failures": [],
      "pending": [],
      "skipped": [],
      "duration": 0,
      "root": true,
      "rootEmpty": true,
      "_timeout": 2000
    }
  ],
  "meta": {
    "mocha": {
      "version": "7.2.0"
    },
    "mochawesome": {
      "options": {
        "quiet": false,
        "reportFilename": "mochawesome",
        "saveHtml": true,
        "saveJson": true,
        "consoleReporter": "spec",
        "useInlineDiffs": false,
        "code": true
      },
      "version": "7.1.3"
    },
    "marge": {
      "options": {
        "reportDir": "cypress/results",
        "overwrite": false,
        "html": true,
        "json": true
      },
      "version": "6.2.0"
    }
  }
}