{
  "stats": {
    "suites": 1,
    "tests": 14,
    "passes": 14,
    "pending": 0,
    "failures": 0,
    "start": "2026-03-12T14:05:12.122Z",
    "end": "2026-03-12T14:11:01.330Z",
    "duration": 349208,
    "testsRegistered": 14,
    "passPercent": 100,
    "pendingPercent": 0,
    "other": 0,
    "hasOther": false,
    "skipped": 0,
    "hasSkipped": false
  },
  "results": [
    {
      "uuid": "a8a9b920-5722-4623-853b-4facb3f28228",
      "title": "",
      "fullFile": "cypress\\e2e\\Measurements\\Measurements.cy.js",
      "file": "cypress\\e2e\\Measurements\\Measurements.cy.js",
      "beforeHooks": [],
      "afterHooks": [],
      "tests": [],
      "suites": [
        {
          "uuid": "af2378d2-b114-4aae-9b9c-f3b44604bf0a",
          "title": "Measurements Module",
          "fullFile": "",
          "file": "",
          "beforeHooks": [],
          "afterHooks": [],
          "tests": [
            {
              "title": "Measurement_001 - Verify the functionality of deleting point-to-point measurement",
              "fullTitle": "Measurements Module Measurement_001 - Verify the functionality of deleting point-to-point measurement",
              "timedOut": null,
              "duration": 26722,
              "state": "passed",
              "speed": "slow",
              "pass": true,
              "fail": false,
              "pending": false,
              "context": null,
              "code": "_MeasurementAction.default.placePointToPointMeasurement(500, 600, 600, 650);\n_MeasurementAction.default.getLatestMeasurementId().then(measurementId => {\n  _MeasurementAction.default.deleteMeasurementById(measurementId);\n  _MeasurementLocators.default.measurementsContainer.find(`[data-measurement-id=\"${measurementId}\"]`).should('not.exist');\n});",
              "err": {},
              "uuid": "e9508791-ccad-4804-8161-1fe74853a4e8",
              "parentUUID": "af2378d2-b114-4aae-9b9c-f3b44604bf0a",
              "isHook": false,
              "skipped": false
            },
            {
              "title": "Measurement_002 - Verify saving P2P measurement data to server",
              "fullTitle": "Measurements Module Measurement_002 - Verify saving P2P measurement data to server",
              "timedOut": null,
              "duration": 27772,
              "state": "passed",
              "speed": "slow",
              "pass": true,
              "fail": false,
              "pending": false,
              "context": null,
              "code": "// Place measurement\n_MeasurementAction.default.placePointToPointMeasurement(500, 600, 600, 650);\n_MeasurementLocators.default.measurementsContainer.find('[data-measurement-id]').should('have.length.at.least', 1);\n_MeasurementAction.default.saveMeasurementsToServer();",
              "err": {},
              "uuid": "39edf995-91cc-4abd-a51d-10df69e4eb64",
              "parentUUID": "af2378d2-b114-4aae-9b9c-f3b44604bf0a",
              "isHook": false,
              "skipped": false
            },
            {
              "title": "Measurement_003 - Verify saving with no measurement data",
              "fullTitle": "Measurements Module Measurement_003 - Verify saving with no measurement data",
              "timedOut": null,
              "duration": 20887,
              "state": "passed",
              "speed": "slow",
              "pass": true,
              "fail": false,
              "pending": false,
              "context": null,
              "code": "// Try to save measurements\n_ViewerElements.default.getMoreOptionsBtn.click();\n_ViewerElements.default.getSaveOption.click();\n_ViewerElements.default.getSaveDialog.should('be.visible');\n_ViewerElements.default.getMeasurementsCheckbox.click();\n_ViewerElements.default.getSaveConfirmBtn.click();\n_LidarViewer.default.infoMessageContainer.should('be.visible').invoke('text').should('match', /measurement.*empty/i);",
              "err": {},
              "uuid": "f820de8b-d100-4fea-933f-0f4e5d8bde87",
              "parentUUID": "af2378d2-b114-4aae-9b9c-f3b44604bf0a",
              "isHook": false,
              "skipped": false
            },
            {
              "title": "Measurement_004 - Verify deleting a horizontal measurement",
              "fullTitle": "Measurements Module Measurement_004 - Verify deleting a horizontal measurement",
              "timedOut": null,
              "duration": 30914,
              "state": "passed",
              "speed": "slow",
              "pass": true,
              "fail": false,
              "pending": false,
              "context": null,
              "code": "// 1. Perform a horizontal measurement\n_MeasurementAction.default.placeHorizontalMeasurement(500, 800, 700, 850);\n_MeasurementAction.default.getLatestMeasurementId().then(measurementId => {\n  _MeasurementAction.default.deleteMeasurementById(measurementId);\n  _MeasurementLocators.default.measurementsContainer.find(`[data-measurement-id=\"${measurementId}\"]`).should('not.exist');\n});",
              "err": {},
              "uuid": "9fbd348b-c934-49b6-8ea8-095c7df45386",
              "parentUUID": "af2378d2-b114-4aae-9b9c-f3b44604bf0a",
              "isHook": false,
              "skipped": false
            },
            {
              "title": "Measurement_005 - Verify the functionality of saving horizontal measurement data to server",
              "fullTitle": "Measurements Module Measurement_005 - Verify the functionality of saving horizontal measurement data to server",
              "timedOut": null,
              "duration": 26464,
              "state": "passed",
              "speed": "slow",
              "pass": true,
              "fail": false,
              "pending": false,
              "context": null,
              "code": "// Place measurement\n_MeasurementAction.default.placeHorizontalMeasurement(500, 800, 700, 850);\n_MeasurementLocators.default.measurementsContainer.find('[data-measurement-id]').should('have.length.at.least', 1);\n_MeasurementAction.default.saveMeasurementsToServer();",
              "err": {},
              "uuid": "7b3ca8b5-fae1-41b1-af67-d7a2a335436e",
              "parentUUID": "af2378d2-b114-4aae-9b9c-f3b44604bf0a",
              "isHook": false,
              "skipped": false
            },
            {
              "title": "Measurement_006 - Verify deleting an angle measurement",
              "fullTitle": "Measurements Module Measurement_006 - Verify deleting an angle measurement",
              "timedOut": null,
              "duration": 24600,
              "state": "passed",
              "speed": "slow",
              "pass": true,
              "fail": false,
              "pending": false,
              "context": null,
              "code": "// Place angle measurement\n_MeasurementAction.default.placeAngleMeasurement(500, 800, 600, 850, 600, 900);\n_MeasurementAction.default.getLatestMeasurementId().then(measurementId => {\n  _MeasurementAction.default.deleteMeasurementById(measurementId);\n  _MeasurementLocators.default.measurementsContainer.find(`[data-measurement-id=\"${measurementId}\"]`).should('not.exist');\n});",
              "err": {},
              "uuid": "c40896b0-efeb-41d4-91c8-8e9b93a33a3b",
              "parentUUID": "af2378d2-b114-4aae-9b9c-f3b44604bf0a",
              "isHook": false,
              "skipped": false
            },
            {
              "title": "Measurement_007 - Verify the functionality of saving angle measurement data to server",
              "fullTitle": "Measurements Module Measurement_007 - Verify the functionality of saving angle measurement data to server",
              "timedOut": null,
              "duration": 19554,
              "state": "passed",
              "speed": "slow",
              "pass": true,
              "fail": false,
              "pending": false,
              "context": null,
              "code": "// Place angle measurement\n_MeasurementAction.default.placeAngleMeasurement(500, 800, 600, 850, 600, 900);\n_MeasurementLocators.default.measurementsContainer.find('[data-measurement-id]').should('have.length.at.least', 1);\n// Save measurements\n_MeasurementAction.default.saveMeasurementsToServer();",
              "err": {},
              "uuid": "bc3dbfec-262d-4a39-a4f0-f9815e89e702",
              "parentUUID": "af2378d2-b114-4aae-9b9c-f3b44604bf0a",
              "isHook": false,
              "skipped": false
            },
            {
              "title": "Measurement_008 - Verify the functionality of saving perpendicular measurement data to server",
              "fullTitle": "Measurements Module Measurement_008 - Verify the functionality of saving perpendicular measurement data to server",
              "timedOut": null,
              "duration": 20642,
              "state": "passed",
              "speed": "slow",
              "pass": true,
              "fail": false,
              "pending": false,
              "context": null,
              "code": "// Place perpendicular measurement\n_MeasurementAction.default.placePerpendicularMeasurement(500, 800, 600, 850, 600, 900);\n_MeasurementLocators.default.measurementsContainer.find('[data-measurement-id]').should('have.length.at.least', 1);\n_MeasurementAction.default.saveMeasurementsToServer();",
              "err": {},
              "uuid": "dd186ce8-cd34-466e-b9ee-68dad3398406",
              "parentUUID": "af2378d2-b114-4aae-9b9c-f3b44604bf0a",
              "isHook": false,
              "skipped": false
            },
            {
              "title": "Measurement_009 - Verify updated vertical offset measurement functionality",
              "fullTitle": "Measurements Module Measurement_009 - Verify updated vertical offset measurement functionality",
              "timedOut": null,
              "duration": 24329,
              "state": "passed",
              "speed": "slow",
              "pass": true,
              "fail": false,
              "pending": false,
              "context": null,
              "code": "_ViewerElements.default.getSettingsBtn.click();\n_SettingsLocators.default.measurementsTab.should('be.visible').click();\n_MeasurementAction.default.setVerticalOffsetValue(40);\n_SettingsLocators.default.closeSettingsBtn.click();\n// Activate measurement tool\n_MeasurementAction.default.placeVerticalOffsetMeasurement({\n  x: 500,\n  y: 650\n});\n// Verify measurement created and reflects offset value\n_MeasurementLocators.default.measurementsContainer.find('[data-measurement-id]').should('contain', '40');",
              "err": {},
              "uuid": "7245b300-2a62-4f6b-a09b-63b44832227d",
              "parentUUID": "af2378d2-b114-4aae-9b9c-f3b44604bf0a",
              "isHook": false,
              "skipped": false
            },
            {
              "title": "Measurement_010 - Verify deleting a vertical offset measurement",
              "fullTitle": "Measurements Module Measurement_010 - Verify deleting a vertical offset measurement",
              "timedOut": null,
              "duration": 20727,
              "state": "passed",
              "speed": "slow",
              "pass": true,
              "fail": false,
              "pending": false,
              "context": null,
              "code": "// 1. Perform vertical offset measurement\n_MeasurementAction.default.placeVerticalOffsetMeasurement({\n  x: 500,\n  y: 650\n});\n_MeasurementAction.default.getLatestMeasurementId().then(measurementId => {\n  _MeasurementAction.default.deleteMeasurementById(measurementId);\n  _MeasurementLocators.default.measurementsContainer.find(`[data-measurement-id=\"${measurementId}\"]`).should('not.exist');\n});",
              "err": {},
              "uuid": "4bddad71-2e60-4782-8ced-75eaa5ab8120",
              "parentUUID": "af2378d2-b114-4aae-9b9c-f3b44604bf0a",
              "isHook": false,
              "skipped": false
            },
            {
              "title": "Measurement_011 - Verify the functionality of deleting polyline measurement",
              "fullTitle": "Measurements Module Measurement_011 - Verify the functionality of deleting polyline measurement",
              "timedOut": null,
              "duration": 20222,
              "state": "passed",
              "speed": "slow",
              "pass": true,
              "fail": false,
              "pending": false,
              "context": null,
              "code": "// 1. Place a polyline measurement with multiple points\n_MeasurementAction.default.placePolylineMeasurement([{\n  x: 500,\n  y: 300\n}, {\n  x: 550,\n  y: 350\n}, {\n  x: 600,\n  y: 400\n}]);\n// 2. Get the latest measurement ID\n_MeasurementAction.default.getLatestMeasurementId().then(measurementId => {\n  _MeasurementAction.default.deleteMeasurementById(measurementId);\n  _MeasurementLocators.default.measurementsContainer.find(`[data-measurement-id=\"${measurementId}\"]`).should('not.exist');\n});",
              "err": {},
              "uuid": "bb9862b3-16ce-4a5f-af2b-79d70a101fd0",
              "parentUUID": "af2378d2-b114-4aae-9b9c-f3b44604bf0a",
              "isHook": false,
              "skipped": false
            },
            {
              "title": "Measurement_012 - Verify the functionality of saving polyline measurement data to server",
              "fullTitle": "Measurements Module Measurement_012 - Verify the functionality of saving polyline measurement data to server",
              "timedOut": null,
              "duration": 30568,
              "state": "passed",
              "speed": "slow",
              "pass": true,
              "fail": false,
              "pending": false,
              "context": null,
              "code": "// 1. Place a polyline measurement with multiple points\n_MeasurementAction.default.placePolylineMeasurement([{\n  x: 500,\n  y: 300\n}, {\n  x: 550,\n  y: 350\n}, {\n  x: 600,\n  y: 400\n}]);\n_MeasurementLocators.default.measurementsContainer.find('[data-measurement-id]').should('have.length.at.least', 1);\n_MeasurementAction.default.savePolylineToServer();",
              "err": {},
              "uuid": "8f8b3634-b282-48d2-bd87-c9bc28d4d4b2",
              "parentUUID": "af2378d2-b114-4aae-9b9c-f3b44604bf0a",
              "isHook": false,
              "skipped": false
            },
            {
              "title": "Measurement_013 - Verify the functionality of clearing measurements",
              "fullTitle": "Measurements Module Measurement_013 - Verify the functionality of clearing measurements",
              "timedOut": null,
              "duration": 21143,
              "state": "passed",
              "speed": "slow",
              "pass": true,
              "fail": false,
              "pending": false,
              "context": null,
              "code": "// 1. Draw a polyline\n_MeasurementAction.default.placePolylineMeasurement([{\n  x: 500,\n  y: 300\n}, {\n  x: 550,\n  y: 350\n}, {\n  x: 600,\n  y: 400\n}]);\n_MeasurementAction.default.clearAllMeasurements();",
              "err": {},
              "uuid": "bd487c72-1b2a-4a19-a2b7-d8e6b91a2014",
              "parentUUID": "af2378d2-b114-4aae-9b9c-f3b44604bf0a",
              "isHook": false,
              "skipped": false
            },
            {
              "title": "Measurement_014 - Verify saving measurement file to local machine and server",
              "fullTitle": "Measurements Module Measurement_014 - Verify saving measurement file to local machine and server",
              "timedOut": null,
              "duration": 32529,
              "state": "passed",
              "speed": "slow",
              "pass": true,
              "fail": false,
              "pending": false,
              "context": null,
              "code": "// Create a measurement\n_MeasurementAction.default.placeHorizontalMeasurement(500, 800, 650, 850);\n_MeasurementLocators.default.measurementsContainer.find('[data-measurement-id]').should('have.length.at.least', 1);\n_MeasurementAction.default.saveMeasurementsToLocalAndServer();\ncy.exec('dir cypress\\\\downloads').then(result => {\n  expect(result.stdout).to.include('measurements');\n  cy.exec('del cypress\\\\downloads\\\\*measurements*.lwv');\n});",
              "err": {},
              "uuid": "997b0def-0609-491a-bf24-bc30a5216ed6",
              "parentUUID": "af2378d2-b114-4aae-9b9c-f3b44604bf0a",
              "isHook": false,
              "skipped": false
            }
          ],
          "suites": [],
          "passes": [
            "e9508791-ccad-4804-8161-1fe74853a4e8",
            "39edf995-91cc-4abd-a51d-10df69e4eb64",
            "f820de8b-d100-4fea-933f-0f4e5d8bde87",
            "9fbd348b-c934-49b6-8ea8-095c7df45386",
            "7b3ca8b5-fae1-41b1-af67-d7a2a335436e",
            "c40896b0-efeb-41d4-91c8-8e9b93a33a3b",
            "bc3dbfec-262d-4a39-a4f0-f9815e89e702",
            "dd186ce8-cd34-466e-b9ee-68dad3398406",
            "7245b300-2a62-4f6b-a09b-63b44832227d",
            "4bddad71-2e60-4782-8ced-75eaa5ab8120",
            "bb9862b3-16ce-4a5f-af2b-79d70a101fd0",
            "8f8b3634-b282-48d2-bd87-c9bc28d4d4b2",
            "bd487c72-1b2a-4a19-a2b7-d8e6b91a2014",
            "997b0def-0609-491a-bf24-bc30a5216ed6"
          ],
          "failures": [],
          "pending": [],
          "skipped": [],
          "duration": 347073,
          "root": false,
          "rootEmpty": false,
          "_timeout": 2000
        }
      ],
      "passes": [],
      "failures": [],
      "pending": [],
      "skipped": [],
      "duration": 0,
      "root": true,
      "rootEmpty": true,
      "_timeout": 2000
    }
  ],
  "meta": {
    "mocha": {
      "version": "7.2.0"
    },
    "mochawesome": {
      "options": {
        "quiet": false,
        "reportFilename": "mochawesome",
        "saveHtml": true,
        "saveJson": true,
        "consoleReporter": "spec",
        "useInlineDiffs": false,
        "code": true
      },
      "version": "7.1.3"
    },
    "marge": {
      "options": {
        "reportDir": "cypress/results",
        "overwrite": false,
        "html": true,
        "json": true
      },
      "version": "6.2.0"
    }
  }
}