{
  "stats": {
    "suites": 1,
    "tests": 4,
    "passes": 4,
    "pending": 0,
    "failures": 0,
    "start": "2026-03-11T11:21:57.906Z",
    "end": "2026-03-11T11:22:49.320Z",
    "duration": 51414,
    "testsRegistered": 4,
    "passPercent": 100,
    "pendingPercent": 0,
    "other": 0,
    "hasOther": false,
    "skipped": 0,
    "hasSkipped": false
  },
  "results": [
    {
      "uuid": "299c1969-eb3d-45e5-920f-3f66c1eb124b",
      "title": "",
      "fullFile": "cypress\\e2e\\User Management\\UserManagement.cy.js",
      "file": "cypress\\e2e\\User Management\\UserManagement.cy.js",
      "beforeHooks": [],
      "afterHooks": [],
      "tests": [],
      "suites": [
        {
          "uuid": "7663115d-8930-4642-af55-5172bb1a4b14",
          "title": "User Management Module",
          "fullFile": "",
          "file": "",
          "beforeHooks": [],
          "afterHooks": [],
          "tests": [
            {
              "title": "User Management_001 - Verify that the functionality of creating a new user with valid credentials",
              "fullTitle": "User Management Module User Management_001 - Verify that the functionality of creating a new user with valid credentials",
              "timedOut": null,
              "duration": 17405,
              "state": "passed",
              "speed": "slow",
              "pass": true,
              "fail": false,
              "pending": false,
              "context": null,
              "code": "_LidarViewer.default.getAddUserButton.click();\nconst username = `hcr${Date.now()}`;\nconst mail = `hcr${Date.now()}@hcrobotics.com`;\n// Fill out the user registration form\n_LidarViewer.default.getUsernameInput.type(username);\n_LidarViewer.default.getEmailInput.type(mail);\n_LidarViewer.default.getDesignationDropdown().select('Design Engineer'); // example role\n_LidarViewer.default.getSitesDropdown.click();\ncy.wait(200);\ncy.get('body') // search globally, since rmsc may render outside dropdown container\n.contains('Select All') // find the item with text \"Select All\"\n.click({\n  force: true\n});\n_LidarViewer.default.getSitesDropdown.click();\n// Enter password and confirm password\n_LidarViewer.default.getPasswordInput.type('Cnsw-123');\n_LidarViewer.default.getConfirmPasswordInput.type('Cnsw-123');\n// Check Mail Required\n_LidarViewer.default.getMailRequiredCheckbox.click();\n// Click Register\n_LidarViewer.default.getRegisterButton.click();\n// Validate the success message in info container\n_LidarViewer.default.infoMessageContainer.should('contain', 'User created').and('be.visible');\n_LidarViewer.default.getSearchInput.clear().type(username);\ncy.get('table').contains('td', mail).should('exist');",
              "err": {},
              "uuid": "7797c11e-0ff4-4008-b3de-204ee19e59a3",
              "parentUUID": "7663115d-8930-4642-af55-5172bb1a4b14",
              "isHook": false,
              "skipped": false
            },
            {
              "title": "User Management_002 - Verify email is case-insensitive when registering",
              "fullTitle": "User Management Module User Management_002 - Verify email is case-insensitive when registering",
              "timedOut": null,
              "duration": 9618,
              "state": "passed",
              "speed": "medium",
              "pass": true,
              "fail": false,
              "pending": false,
              "context": null,
              "code": "cy.get('table tbody tr').first().find('td') // all cells in the row\n.eq(1) // assuming email is in the second column; adjust if needed\n.invoke('text').then(existingEmail => {\n  const uppercaseEmail = existingEmail.toUpperCase(); // convert to uppercase\n  // Step 3: Fill in the Add User form\n  _LidarViewer.default.getAddUserButton.click();\n  _LidarViewer.default.getUsernameInput.type(`TestUser${Date.now()}`); // unique username\n  _LidarViewer.default.getEmailInput.type(uppercaseEmail);\n  _LidarViewer.default.getDesignationDropdown().select('Design Engineer'); // example role\n  _LidarViewer.default.getSitesDropdown.click();\n  cy.wait(200);\n  cy.get('body') // search globally, since rmsc may render outside dropdown container\n  .contains('Select All') // find the item with text \"Select All\"\n  .click({\n    force: true\n  });\n  _LidarViewer.default.getSitesDropdown.click();\n  // Enter password and confirm password\n  _LidarViewer.default.getPasswordInput.type('Cnsw-123');\n  _LidarViewer.default.getConfirmPasswordInput.type('Cnsw-123');\n  // Check Mail Required\n  _LidarViewer.default.getMailRequiredCheckbox.click();\n  // Step 4: Submit the form\n  _LidarViewer.default.getRegisterButton.click();\n  // Step 5: Verify info message container\n  _LidarViewer.default.infoMessageContainer.should('be.visible').and('contain.text', 'Email already registered');\n});",
              "err": {},
              "uuid": "10249723-c262-40d5-b8b5-d7d13ef50e13",
              "parentUUID": "7663115d-8930-4642-af55-5172bb1a4b14",
              "isHook": false,
              "skipped": false
            },
            {
              "title": "User Management_003 - Verify admin can update a user password",
              "fullTitle": "User Management Module User Management_003 - Verify admin can update a user password",
              "timedOut": null,
              "duration": 11634,
              "state": "passed",
              "speed": "slow",
              "pass": true,
              "fail": false,
              "pending": false,
              "context": null,
              "code": "const TEST_USERNAME = _Constants.default.UserManagementTestUser;\nconst NEW_PASSWORD = _Constants.default.UserManagementTestPassword;\n// Step 1: Search the user in the table\n_LidarViewer.default.getSearchInput.clear().type(TEST_USERNAME);\n_LidarViewer.default.getUserRows.contains('td', TEST_USERNAME).should('exist');\n// Step 2: Click Edit for the user\n_LidarViewer.default.getUserRows.contains('td', TEST_USERNAME).parent('tr').within(() => {\n  // Click the first \"Edit\" button in Actions\n  cy.get('td:last-child svg').first().click();\n});\n// Step 3: Click \"Change Password\"\n_LidarViewer.default.getChangePasswordToggle.click();\n// Step 4: Enter new password and confirm\n_LidarViewer.default.getNewPasswordInputUM.clear().type(NEW_PASSWORD);\n_LidarViewer.default.getConfirmPasswordInputUM.clear().type(NEW_PASSWORD);\n// Step 5: Save password\n_LidarViewer.default.getSavePasswordButton.click();\n// Step 6: Validate success message using LidarViewer.infoMessageContainer\n_LidarViewer.default.infoMessageContainer.should('be.visible').and('contain.text', 'password updated successfully');",
              "err": {},
              "uuid": "10f41b69-0298-4824-884b-c0b6580b1d55",
              "parentUUID": "7663115d-8930-4642-af55-5172bb1a4b14",
              "isHook": false,
              "skipped": false
            },
            {
              "title": "User Management_004 - Verify admin can enable and disable a user account",
              "fullTitle": "User Management Module User Management_004 - Verify admin can enable and disable a user account",
              "timedOut": null,
              "duration": 12588,
              "state": "passed",
              "speed": "slow",
              "pass": true,
              "fail": false,
              "pending": false,
              "context": null,
              "code": "const TEST_USERNAME = _Constants.default.UserManagementTestUser;\n// Step 1: Search the user\n_LidarViewer.default.getSearchInput.clear().type(TEST_USERNAME);\n_LidarViewer.default.getUserRows.contains('td', TEST_USERNAME).should('exist');\n// Step 2: Disable the user\n_LidarViewer.default.getUserRows.contains('td', TEST_USERNAME).parent('tr').then(row => {\n  const $row = cy.wrap(row);\n  _LidarViewer.default.getDisableButton($row).click();\n});\n// Step 3: Wait for Enable button to appear (re-query row)\n_LidarViewer.default.getUserRows.contains('td', TEST_USERNAME).parent('tr').then(row => {\n  const $row = cy.wrap(row);\n  _LidarViewer.default.getEnableButton($row).should('be.visible').and('contain.text', 'Enable');\n});\n// Step 4: Click Enable\n_LidarViewer.default.getUserRows.contains('td', TEST_USERNAME).parent('tr').then(row => {\n  const $row = cy.wrap(row);\n  _LidarViewer.default.getEnableButton($row).click();\n});\n// Step 5: Verify Disable appears again\n_LidarViewer.default.getUserRows.contains('td', TEST_USERNAME).parent('tr').then(row => {\n  const $row = cy.wrap(row);\n  _LidarViewer.default.getDisableButton($row).should('be.visible').and('contain.text', 'Disable');\n});",
              "err": {},
              "uuid": "5e0f3096-fd8f-4262-abfa-aad30003b95d",
              "parentUUID": "7663115d-8930-4642-af55-5172bb1a4b14",
              "isHook": false,
              "skipped": false
            }
          ],
          "suites": [],
          "passes": [
            "7797c11e-0ff4-4008-b3de-204ee19e59a3",
            "10249723-c262-40d5-b8b5-d7d13ef50e13",
            "10f41b69-0298-4824-884b-c0b6580b1d55",
            "5e0f3096-fd8f-4262-abfa-aad30003b95d"
          ],
          "failures": [],
          "pending": [],
          "skipped": [],
          "duration": 51245,
          "root": false,
          "rootEmpty": false,
          "_timeout": 2000
        }
      ],
      "passes": [],
      "failures": [],
      "pending": [],
      "skipped": [],
      "duration": 0,
      "root": true,
      "rootEmpty": true,
      "_timeout": 2000
    }
  ],
  "meta": {
    "mocha": {
      "version": "7.2.0"
    },
    "mochawesome": {
      "options": {
        "quiet": false,
        "reportFilename": "mochawesome",
        "saveHtml": true,
        "saveJson": true,
        "consoleReporter": "spec",
        "useInlineDiffs": false,
        "code": true
      },
      "version": "7.1.3"
    },
    "marge": {
      "options": {
        "reportDir": "cypress/results",
        "overwrite": false,
        "html": true,
        "json": true
      },
      "version": "6.2.0"
    }
  }
}