{
  "stats": {
    "suites": 1,
    "tests": 14,
    "passes": 14,
    "pending": 0,
    "failures": 0,
    "start": "2026-03-06T11:47:12.785Z",
    "end": "2026-03-06T11:51:15.588Z",
    "duration": 242803,
    "testsRegistered": 14,
    "passPercent": 100,
    "pendingPercent": 0,
    "other": 0,
    "hasOther": false,
    "skipped": 0,
    "hasSkipped": false
  },
  "results": [
    {
      "uuid": "846434fe-f8a1-4913-8d85-8da7846d1869",
      "title": "",
      "fullFile": "cypress\\e2e\\Measurements\\Measurements.cy.js",
      "file": "cypress\\e2e\\Measurements\\Measurements.cy.js",
      "beforeHooks": [],
      "afterHooks": [],
      "tests": [],
      "suites": [
        {
          "uuid": "15e01fae-b0c7-40cc-bd7d-884e58dee471",
          "title": "Measurements Module",
          "fullFile": "",
          "file": "",
          "beforeHooks": [],
          "afterHooks": [],
          "tests": [
            {
              "title": "Measurement_001 - Verify the functionality of deleting point-to-point measurement",
              "fullTitle": "Measurements Module Measurement_001 - Verify the functionality of deleting point-to-point measurement",
              "timedOut": null,
              "duration": 20490,
              "state": "passed",
              "speed": "slow",
              "pass": true,
              "fail": false,
              "pending": false,
              "context": null,
              "code": "_MeasurementAction.default.placePointToPointMeasurement(500, 600, 600, 650);\n_MeasurementAction.default.getLatestMeasurementId().then(measurementId => {\n  _MeasurementAction.default.deleteMeasurementById(measurementId);\n  _MeasurementLocators.default.measurementsContainer.find(`[data-measurement-id=\"${measurementId}\"]`).should('not.exist');\n});",
              "err": {},
              "uuid": "10c0fe1b-649c-474a-8114-2bae23fd642c",
              "parentUUID": "15e01fae-b0c7-40cc-bd7d-884e58dee471",
              "isHook": false,
              "skipped": false
            },
            {
              "title": "Measurement_002 - Verify saving P2P measurement data to server",
              "fullTitle": "Measurements Module Measurement_002 - Verify saving P2P measurement data to server",
              "timedOut": null,
              "duration": 16922,
              "state": "passed",
              "speed": "slow",
              "pass": true,
              "fail": false,
              "pending": false,
              "context": null,
              "code": "// Place measurement\n_MeasurementAction.default.placePointToPointMeasurement(500, 600, 600, 650);\n_MeasurementLocators.default.measurementsContainer.find('[data-measurement-id]').should('have.length.at.least', 1);\n_MeasurementAction.default.saveMeasurementsToServer();",
              "err": {},
              "uuid": "3162f9fb-f24d-4824-b73f-8eb90915a369",
              "parentUUID": "15e01fae-b0c7-40cc-bd7d-884e58dee471",
              "isHook": false,
              "skipped": false
            },
            {
              "title": "Measurement_003 - Verify saving with no measurement data",
              "fullTitle": "Measurements Module Measurement_003 - Verify saving with no measurement data",
              "timedOut": null,
              "duration": 14609,
              "state": "passed",
              "speed": "slow",
              "pass": true,
              "fail": false,
              "pending": false,
              "context": null,
              "code": "// Try to save measurements\n_ViewerElements.default.getMoreOptionsBtn.click();\n_ViewerElements.default.getSaveOption.click();\n_ViewerElements.default.getSaveDialog.should('be.visible');\n_ViewerElements.default.getMeasurementsCheckbox.click();\n_ViewerElements.default.getSaveConfirmBtn.click();\n_LidarViewer.default.infoMessageContainer.should('be.visible').invoke('text').should('match', /measurement.*empty/i);",
              "err": {},
              "uuid": "686de4de-7f8e-4fb9-ba05-4b0df6a06edb",
              "parentUUID": "15e01fae-b0c7-40cc-bd7d-884e58dee471",
              "isHook": false,
              "skipped": false
            },
            {
              "title": "Measurement_004 - Verify deleting a horizontal measurement",
              "fullTitle": "Measurements Module Measurement_004 - Verify deleting a horizontal measurement",
              "timedOut": null,
              "duration": 19442,
              "state": "passed",
              "speed": "slow",
              "pass": true,
              "fail": false,
              "pending": false,
              "context": null,
              "code": "// 1. Perform a horizontal measurement\n_MeasurementAction.default.placeHorizontalMeasurement(500, 800, 700, 850);\n_MeasurementAction.default.getLatestMeasurementId().then(measurementId => {\n  _MeasurementAction.default.deleteMeasurementById(measurementId);\n  _MeasurementLocators.default.measurementsContainer.find(`[data-measurement-id=\"${measurementId}\"]`).should('not.exist');\n});",
              "err": {},
              "uuid": "6ac4a16d-6edc-478d-9f5f-00ff5fbf66d0",
              "parentUUID": "15e01fae-b0c7-40cc-bd7d-884e58dee471",
              "isHook": false,
              "skipped": false
            },
            {
              "title": "Measurement_005 - Verify the functionality of saving horizontal measurement data to server",
              "fullTitle": "Measurements Module Measurement_005 - Verify the functionality of saving horizontal measurement data to server",
              "timedOut": null,
              "duration": 18597,
              "state": "passed",
              "speed": "slow",
              "pass": true,
              "fail": false,
              "pending": false,
              "context": null,
              "code": "// Place measurement\n_MeasurementAction.default.placeHorizontalMeasurement(500, 800, 700, 850);\n_MeasurementLocators.default.measurementsContainer.find('[data-measurement-id]').should('have.length.at.least', 1);\n_MeasurementAction.default.saveMeasurementsToServer();",
              "err": {},
              "uuid": "6ec869ef-8af3-4485-bdc4-3a88671a1046",
              "parentUUID": "15e01fae-b0c7-40cc-bd7d-884e58dee471",
              "isHook": false,
              "skipped": false
            },
            {
              "title": "Measurement_006 - Verify deleting an angle measurement",
              "fullTitle": "Measurements Module Measurement_006 - Verify deleting an angle measurement",
              "timedOut": null,
              "duration": 18254,
              "state": "passed",
              "speed": "slow",
              "pass": true,
              "fail": false,
              "pending": false,
              "context": null,
              "code": "// Place angle measurement\n_MeasurementAction.default.placeAngleMeasurement(500, 800, 600, 850, 600, 900);\n_MeasurementAction.default.getLatestMeasurementId().then(measurementId => {\n  _MeasurementAction.default.deleteMeasurementById(measurementId);\n  _MeasurementLocators.default.measurementsContainer.find(`[data-measurement-id=\"${measurementId}\"]`).should('not.exist');\n});",
              "err": {},
              "uuid": "f810bbc4-fd68-454e-bdcf-748ae9c71875",
              "parentUUID": "15e01fae-b0c7-40cc-bd7d-884e58dee471",
              "isHook": false,
              "skipped": false
            },
            {
              "title": "Measurement_007 - Verify the functionality of saving angle measurement data to server",
              "fullTitle": "Measurements Module Measurement_007 - Verify the functionality of saving angle measurement data to server",
              "timedOut": null,
              "duration": 15967,
              "state": "passed",
              "speed": "slow",
              "pass": true,
              "fail": false,
              "pending": false,
              "context": null,
              "code": "// Place angle measurement\n_MeasurementAction.default.placeAngleMeasurement(500, 800, 600, 850, 600, 900);\n_MeasurementLocators.default.measurementsContainer.find('[data-measurement-id]').should('have.length.at.least', 1);\n// Save measurements\n_MeasurementAction.default.saveMeasurementsToServer();",
              "err": {},
              "uuid": "7c95261c-29c0-49c6-a4e9-c5684cb9216a",
              "parentUUID": "15e01fae-b0c7-40cc-bd7d-884e58dee471",
              "isHook": false,
              "skipped": false
            },
            {
              "title": "Measurement_008 - Verify the functionality of saving perpendicular measurement data to server",
              "fullTitle": "Measurements Module Measurement_008 - Verify the functionality of saving perpendicular measurement data to server",
              "timedOut": null,
              "duration": 15810,
              "state": "passed",
              "speed": "slow",
              "pass": true,
              "fail": false,
              "pending": false,
              "context": null,
              "code": "// Place perpendicular measurement\n_MeasurementAction.default.placePerpendicularMeasurement(500, 800, 600, 850, 600, 900);\n_MeasurementLocators.default.measurementsContainer.find('[data-measurement-id]').should('have.length.at.least', 1);\n_MeasurementAction.default.saveMeasurementsToServer();",
              "err": {},
              "uuid": "e6cdd108-8224-4b3c-98db-eacff1489646",
              "parentUUID": "15e01fae-b0c7-40cc-bd7d-884e58dee471",
              "isHook": false,
              "skipped": false
            },
            {
              "title": "Measurement_009 - Verify updated vertical offset measurement functionality",
              "fullTitle": "Measurements Module Measurement_009 - Verify updated vertical offset measurement functionality",
              "timedOut": null,
              "duration": 17590,
              "state": "passed",
              "speed": "slow",
              "pass": true,
              "fail": false,
              "pending": false,
              "context": null,
              "code": "_ViewerElements.default.getSettingsBtn.click();\n_SettingsLocators.default.measurementsTab.should('be.visible').click();\n_MeasurementAction.default.setVerticalOffsetValue(40);\n_SettingsLocators.default.closeSettingsBtn.click();\n// Activate measurement tool\n_MeasurementAction.default.placeVerticalOffsetMeasurement({\n  x: 500,\n  y: 650\n});\n// Verify measurement created and reflects offset value\n_MeasurementLocators.default.measurementsContainer.find('[data-measurement-id]').should('contain', '40');",
              "err": {},
              "uuid": "506bea63-270e-4494-964a-6e36a9884b24",
              "parentUUID": "15e01fae-b0c7-40cc-bd7d-884e58dee471",
              "isHook": false,
              "skipped": false
            },
            {
              "title": "Measurement_010 - Verify deleting a vertical offset measurement",
              "fullTitle": "Measurements Module Measurement_010 - Verify deleting a vertical offset measurement",
              "timedOut": null,
              "duration": 18773,
              "state": "passed",
              "speed": "slow",
              "pass": true,
              "fail": false,
              "pending": false,
              "context": null,
              "code": "// 1. Perform vertical offset measurement\n_MeasurementAction.default.placeVerticalOffsetMeasurement({\n  x: 500,\n  y: 650\n});\n_MeasurementAction.default.getLatestMeasurementId().then(measurementId => {\n  _MeasurementAction.default.deleteMeasurementById(measurementId);\n  _MeasurementLocators.default.measurementsContainer.find(`[data-measurement-id=\"${measurementId}\"]`).should('not.exist');\n});",
              "err": {},
              "uuid": "5acc61ea-ac0f-40a6-be81-5c0ff5f3f7c9",
              "parentUUID": "15e01fae-b0c7-40cc-bd7d-884e58dee471",
              "isHook": false,
              "skipped": false
            },
            {
              "title": "Measurement_011 - Verify the functionality of deleting polyline measurement",
              "fullTitle": "Measurements Module Measurement_011 - Verify the functionality of deleting polyline measurement",
              "timedOut": null,
              "duration": 15938,
              "state": "passed",
              "speed": "slow",
              "pass": true,
              "fail": false,
              "pending": false,
              "context": null,
              "code": "// 1. Place a polyline measurement with multiple points\n_MeasurementAction.default.placePolylineMeasurement([{\n  x: 500,\n  y: 300\n}, {\n  x: 550,\n  y: 350\n}, {\n  x: 600,\n  y: 400\n}]);\n// 2. Get the latest measurement ID\n_MeasurementAction.default.getLatestMeasurementId().then(measurementId => {\n  _MeasurementAction.default.deleteMeasurementById(measurementId);\n  _MeasurementLocators.default.measurementsContainer.find(`[data-measurement-id=\"${measurementId}\"]`).should('not.exist');\n});",
              "err": {},
              "uuid": "01539b9a-8744-4910-90bd-40e244c7a3f2",
              "parentUUID": "15e01fae-b0c7-40cc-bd7d-884e58dee471",
              "isHook": false,
              "skipped": false
            },
            {
              "title": "Measurement_012 - Verify the functionality of saving polyline measurement data to server",
              "fullTitle": "Measurements Module Measurement_012 - Verify the functionality of saving polyline measurement data to server",
              "timedOut": null,
              "duration": 15489,
              "state": "passed",
              "speed": "slow",
              "pass": true,
              "fail": false,
              "pending": false,
              "context": null,
              "code": "// 1. Place a polyline measurement with multiple points\n_MeasurementAction.default.placePolylineMeasurement([{\n  x: 500,\n  y: 300\n}, {\n  x: 550,\n  y: 350\n}, {\n  x: 600,\n  y: 400\n}]);\n_MeasurementLocators.default.measurementsContainer.find('[data-measurement-id]').should('have.length.at.least', 1);\n_MeasurementAction.default.savePolylineToServer();",
              "err": {},
              "uuid": "42fc7e9a-1cb7-4f8d-ac6a-daf91acb9679",
              "parentUUID": "15e01fae-b0c7-40cc-bd7d-884e58dee471",
              "isHook": false,
              "skipped": false
            },
            {
              "title": "Measurement_013 - Verify the functionality of clearing measurements",
              "fullTitle": "Measurements Module Measurement_013 - Verify the functionality of clearing measurements",
              "timedOut": null,
              "duration": 17790,
              "state": "passed",
              "speed": "slow",
              "pass": true,
              "fail": false,
              "pending": false,
              "context": null,
              "code": "// 1. Draw a polyline\n_MeasurementAction.default.placePolylineMeasurement([{\n  x: 500,\n  y: 300\n}, {\n  x: 550,\n  y: 350\n}, {\n  x: 600,\n  y: 400\n}]);\n_MeasurementAction.default.clearAllMeasurements();",
              "err": {},
              "uuid": "c19b9d0e-710a-4f7c-ba68-5d27a0098408",
              "parentUUID": "15e01fae-b0c7-40cc-bd7d-884e58dee471",
              "isHook": false,
              "skipped": false
            },
            {
              "title": "Measurement_014 - Verify saving measurement file to local machine and server",
              "fullTitle": "Measurements Module Measurement_014 - Verify saving measurement file to local machine and server",
              "timedOut": null,
              "duration": 15667,
              "state": "passed",
              "speed": "slow",
              "pass": true,
              "fail": false,
              "pending": false,
              "context": null,
              "code": "// Create a measurement\n_MeasurementAction.default.placeHorizontalMeasurement(500, 800, 650, 850);\n_MeasurementLocators.default.measurementsContainer.find('[data-measurement-id]').should('have.length.at.least', 1);\n_MeasurementAction.default.saveMeasurementsToLocalAndServer();\ncy.exec('dir cypress\\\\downloads').then(result => {\n  expect(result.stdout).to.include('measurements');\n  cy.exec('del cypress\\\\downloads\\\\*measurements*.lwv');\n});",
              "err": {},
              "uuid": "172e793a-ca87-4402-a7cd-2c6225fd4c75",
              "parentUUID": "15e01fae-b0c7-40cc-bd7d-884e58dee471",
              "isHook": false,
              "skipped": false
            }
          ],
          "suites": [],
          "passes": [
            "10c0fe1b-649c-474a-8114-2bae23fd642c",
            "3162f9fb-f24d-4824-b73f-8eb90915a369",
            "686de4de-7f8e-4fb9-ba05-4b0df6a06edb",
            "6ac4a16d-6edc-478d-9f5f-00ff5fbf66d0",
            "6ec869ef-8af3-4485-bdc4-3a88671a1046",
            "f810bbc4-fd68-454e-bdcf-748ae9c71875",
            "7c95261c-29c0-49c6-a4e9-c5684cb9216a",
            "e6cdd108-8224-4b3c-98db-eacff1489646",
            "506bea63-270e-4494-964a-6e36a9884b24",
            "5acc61ea-ac0f-40a6-be81-5c0ff5f3f7c9",
            "01539b9a-8744-4910-90bd-40e244c7a3f2",
            "42fc7e9a-1cb7-4f8d-ac6a-daf91acb9679",
            "c19b9d0e-710a-4f7c-ba68-5d27a0098408",
            "172e793a-ca87-4402-a7cd-2c6225fd4c75"
          ],
          "failures": [],
          "pending": [],
          "skipped": [],
          "duration": 241338,
          "root": false,
          "rootEmpty": false,
          "_timeout": 2000
        }
      ],
      "passes": [],
      "failures": [],
      "pending": [],
      "skipped": [],
      "duration": 0,
      "root": true,
      "rootEmpty": true,
      "_timeout": 2000
    }
  ],
  "meta": {
    "mocha": {
      "version": "7.2.0"
    },
    "mochawesome": {
      "options": {
        "quiet": false,
        "reportFilename": "mochawesome",
        "saveHtml": true,
        "saveJson": true,
        "consoleReporter": "spec",
        "useInlineDiffs": false,
        "code": true
      },
      "version": "7.1.3"
    },
    "marge": {
      "options": {
        "reportDir": "cypress/results",
        "overwrite": false,
        "html": true,
        "json": true
      },
      "version": "6.2.0"
    }
  }
}