{
  "stats": {
    "suites": 1,
    "tests": 11,
    "passes": 11,
    "pending": 0,
    "failures": 0,
    "start": "2026-03-06T11:51:47.897Z",
    "end": "2026-03-06T11:56:50.241Z",
    "duration": 302344,
    "testsRegistered": 11,
    "passPercent": 100,
    "pendingPercent": 0,
    "other": 0,
    "hasOther": false,
    "skipped": 0,
    "hasSkipped": false
  },
  "results": [
    {
      "uuid": "30b94d17-3878-4709-a2c4-6f6a97546cc3",
      "title": "",
      "fullFile": "cypress\\e2e\\Poles\\Poles.cy.js",
      "file": "cypress\\e2e\\Poles\\Poles.cy.js",
      "beforeHooks": [],
      "afterHooks": [],
      "tests": [],
      "suites": [
        {
          "uuid": "23876961-75e0-4da0-bf2b-7f846cdafaf5",
          "title": "Poles Module",
          "fullFile": "",
          "file": "",
          "beforeHooks": [],
          "afterHooks": [],
          "tests": [
            {
              "title": "Pole_001 - Verify deleting imported pole data from server",
              "fullTitle": "Poles Module Pole_001 - Verify deleting imported pole data from server",
              "timedOut": null,
              "duration": 33878,
              "state": "passed",
              "speed": "slow",
              "pass": true,
              "fail": false,
              "pending": false,
              "context": null,
              "code": "// Place and save pole\nconst poleName = _PoleAction.default.placePole(600, 350);\n_PoleAction.default.savePole();\ncy.reload();\ncy.wait(5000);\n// Import poles from server\n_PoleAction.default.importPoles();\n// Delete the imported pole\n_PoleAction.default.deletePole(poleName);",
              "err": {},
              "uuid": "5146b5b8-6459-4684-8f1e-204ad5574a2d",
              "parentUUID": "23876961-75e0-4da0-bf2b-7f846cdafaf5",
              "isHook": false,
              "skipped": false
            },
            {
              "title": "Pole_002 - Verify opening pole form by clicking pole node or ID in camera",
              "fullTitle": "Poles Module Pole_002 - Verify opening pole form by clicking pole node or ID in camera",
              "timedOut": null,
              "duration": 18463,
              "state": "passed",
              "speed": "slow",
              "pass": true,
              "fail": false,
              "pending": false,
              "context": null,
              "code": "// Place a pole and get the generated name\nconst poleName = _PoleAction.default.placePole(600, 350);\n// Search by polename and open it\n_PoleAction.default.openPole(poleName);\n_PoleLocators.default.getField('Id').should('have.value', poleName);",
              "err": {},
              "uuid": "7f433111-8fde-4500-9fe1-7c45b3660e31",
              "parentUUID": "23876961-75e0-4da0-bf2b-7f846cdafaf5",
              "isHook": false,
              "skipped": false
            },
            {
              "title": "Pole_003 - Verify opening pole form by clicking Pole icon in the map view",
              "fullTitle": "Poles Module Pole_003 - Verify opening pole form by clicking Pole icon in the map view",
              "timedOut": null,
              "duration": 18509,
              "state": "passed",
              "speed": "slow",
              "pass": true,
              "fail": false,
              "pending": false,
              "context": null,
              "code": "// Place a pole and get the generated name\nconst poleName = _PoleAction.default.placePole(600, 350);\n// Search by polename and open it\n_PoleAction.default.openPole(poleName);\n_PoleLocators.default.getField('Id').should('have.value', poleName);",
              "err": {},
              "uuid": "71bc97d3-ad9c-4e70-83f4-2a175b7dd580",
              "parentUUID": "23876961-75e0-4da0-bf2b-7f846cdafaf5",
              "isHook": false,
              "skipped": false
            },
            {
              "title": "Pole_004 - Verify the functionality of copy feature in pole",
              "fullTitle": "Poles Module Pole_004 - Verify the functionality of copy feature in pole",
              "timedOut": null,
              "duration": 22730,
              "state": "passed",
              "speed": "slow",
              "pass": true,
              "fail": false,
              "pending": false,
              "context": null,
              "code": "const poleName = _PoleAction.default.placePole(600, 350);\n// SPANS TAB\n_PoleLocators.default.getTab('Spans').click();\n_PoleAction.default.copyForm(\"Span\", 1);\n_PoleLocators.default.poleSidePanel.contains('Span [2]').should('exist');\n_PoleAction.default.copyForm(\"Wire\", 1);\n_PoleLocators.default.poleSidePanel.contains('Wire [2]').should('exist');\n_PoleAction.default.copyForm(\"SpanGuy\", 1);\n_PoleLocators.default.poleSidePanel.contains('SpanGuy [2]').should('exist');\n// ANCHORS TAB\n_PoleLocators.default.getTab('Anchors').click();\n_PoleAction.default.copyForm(\"Anchor\", 1);\n_PoleLocators.default.poleSidePanel.contains('Anchor [2]').should('exist');\n_PoleAction.default.copyForm(\"Guy\", 1);\n_PoleLocators.default.poleSidePanel.contains('Guy [2]').should('exist');\n// EQUIPMENT TAB\n_PoleLocators.default.getTab('Equipment').click();\n_PoleAction.default.copyForm(\"Equipment\", 1);\n_PoleLocators.default.poleSidePanel.contains('Equipment [2]').should('exist');",
              "err": {},
              "uuid": "91b4b934-f50e-40c8-bfe4-e804e7fc25ea",
              "parentUUID": "23876961-75e0-4da0-bf2b-7f846cdafaf5",
              "isHook": false,
              "skipped": false
            },
            {
              "title": "Pole_005 -Verify the functionality of display associated form data upon switching  between tabs",
              "fullTitle": "Poles Module Pole_005 -Verify the functionality of display associated form data upon switching  between tabs",
              "timedOut": null,
              "duration": 21867,
              "state": "passed",
              "speed": "slow",
              "pass": true,
              "fail": false,
              "pending": false,
              "context": null,
              "code": "const poleName = _PoleAction.default.placePole(600, 350);\n_PoleLocators.default.getTab('Spans').click();\ncy.contains('Span [1]').should('exist');\ncy.contains('Wire [1]').should('exist');\ncy.contains('SpanGuy [1]').should('exist');\n_PoleLocators.default.getTab('Anchors').click();\ncy.contains('Anchor [1]').should('exist');\ncy.contains('Guy [1]').should('exist');\n_PoleLocators.default.getTab('Equipment').click();\ncy.contains('Equipment [1]').should('exist');",
              "err": {},
              "uuid": "dc371322-1775-4ad0-8498-abf30f5b0950",
              "parentUUID": "23876961-75e0-4da0-bf2b-7f846cdafaf5",
              "isHook": false,
              "skipped": false
            },
            {
              "title": "Pole_006 - Verify deleting nested forms under main tabs in pole form",
              "fullTitle": "Poles Module Pole_006 - Verify deleting nested forms under main tabs in pole form",
              "timedOut": null,
              "duration": 25469,
              "state": "passed",
              "speed": "slow",
              "pass": true,
              "fail": false,
              "pending": false,
              "context": null,
              "code": "const poleName = _PoleAction.default.placePole(600, 350);\n// ======================\n// SPANS TAB\n// ======================\n_PoleLocators.default.getTab('Spans').click();\n_PoleLocators.default.poleSidePanel.contains('Add Span').click();\n_PoleAction.default.deleteSpan(1);\n_PoleLocators.default.poleSidePanel.contains('Add Wire').click();\n_PoleAction.default.deleteWire(1);\n_PoleLocators.default.poleSidePanel.contains('Add Spanguy').click();\n_PoleAction.default.deleteSpanGuy(1);\n// ======================\n// ANCHORS TAB\n// ======================\n_PoleLocators.default.getTab('Anchors').click();\n_PoleLocators.default.poleSidePanel.contains('Add Anchor').click();\n_PoleAction.default.deleteAnchor(1);\n_PoleLocators.default.poleSidePanel.contains('Add Down Guy').click();\n_PoleAction.default.deleteDownGuy(1);\n// ======================\n// EQUIPMENT TAB\n// ======================\n_PoleLocators.default.getTab('Equipment').click();\n_PoleLocators.default.poleSidePanel.contains('Add Equipment').click();\n_PoleAction.default.deleteEquipment(1);",
              "err": {},
              "uuid": "99cbcc6e-b67d-4b0d-8555-a07da862601d",
              "parentUUID": "23876961-75e0-4da0-bf2b-7f846cdafaf5",
              "isHook": false,
              "skipped": false
            },
            {
              "title": "Pole_007 - Verify the functionality of adding new sub forms in pole form",
              "fullTitle": "Poles Module Pole_007 - Verify the functionality of adding new sub forms in pole form",
              "timedOut": null,
              "duration": 24383,
              "state": "passed",
              "speed": "slow",
              "pass": true,
              "fail": false,
              "pending": false,
              "context": null,
              "code": "const poleName = _PoleAction.default.placePole(600, 350);\n// SPANS TAB\n_PoleLocators.default.getTab('Spans').click();\n_PoleLocators.default.poleSidePanel.contains('Add Span').click();\n_LidarViewer.default.infoMessageContainer.should('be.visible').invoke('text').should('match', /span/i);\n_PoleLocators.default.poleSidePanel.contains('Add Wire').click();\n_LidarViewer.default.infoMessageContainer.should('be.visible').invoke('text').should('match', /wire/i);\n_PoleLocators.default.poleSidePanel.contains('Add Spanguy').click();\n_LidarViewer.default.infoMessageContainer.should('be.visible').invoke('text').should('match', /spanguy/i);\n// ANCHORS TAB\n_PoleLocators.default.getTab('Anchors').click();\n_PoleLocators.default.poleSidePanel.contains('Add Anchor').click();\n_LidarViewer.default.infoMessageContainer.should('be.visible').invoke('text').should('match', /anchor/i);\n_PoleLocators.default.poleSidePanel.contains('Add Down Guy').click();\n_LidarViewer.default.infoMessageContainer.should('be.visible').invoke('text').should('match', /downguy/i);\n// EQUIPMENT TAB\n_PoleLocators.default.getTab('Equipment').click();\n_PoleLocators.default.poleSidePanel.contains('Add Equipment').click();\n_LidarViewer.default.infoMessageContainer.should('be.visible').invoke('text').should('match', /equipment/i);",
              "err": {},
              "uuid": "080c8505-9f85-4713-bd40-864d3f21f4db",
              "parentUUID": "23876961-75e0-4da0-bf2b-7f846cdafaf5",
              "isHook": false,
              "skipped": false
            },
            {
              "title": "Pole_008 -Verify the functionality of saving updated pole to server",
              "fullTitle": "Poles Module Pole_008 -Verify the functionality of saving updated pole to server",
              "timedOut": null,
              "duration": 44219,
              "state": "passed",
              "speed": "slow",
              "pass": true,
              "fail": false,
              "pending": false,
              "context": null,
              "code": "const poleName = _PoleAction.default.placePole(650, 380);\n_PoleAction.default.savePole();\n// Reload and import to simulate a fresh session and ensure persistence\ncy.reload();\ncy.wait(5000);\n_PoleAction.default.importPoles();\n// Open the pole after import\n_PoleAction.default.openPole(poleName);\n// Edit the pole ID / name (simulate update)\nconst updatedPoleName = `${poleName}_updated`;\n_PoleLocators.default.getField('Id').should('be.visible').clear().type(updatedPoleName);\n// Save the updated pole\n_PoleAction.default.savePole();\n// Reload and import again to verify the update persisted\ncy.reload();\ncy.wait(5000);\n_PoleAction.default.importPoles();\n// Confirm new/updated pole exists and has updated data\ncy.get(`div[role=\"button\"][aria-label=\"${updatedPoleName}\"]`).should('exist');\n_PoleAction.default.openPole(updatedPoleName);\n_PoleLocators.default.getField('Id').should('have.value', updatedPoleName);",
              "err": {},
              "uuid": "a8c3bf2c-a21c-483c-83ac-df3d3a76b049",
              "parentUUID": "23876961-75e0-4da0-bf2b-7f846cdafaf5",
              "isHook": false,
              "skipped": false
            },
            {
              "title": "Pole_009 -Verifying the functionality of pole form deletion from server",
              "fullTitle": "Poles Module Pole_009 -Verifying the functionality of pole form deletion from server",
              "timedOut": null,
              "duration": 30641,
              "state": "passed",
              "speed": "slow",
              "pass": true,
              "fail": false,
              "pending": false,
              "context": null,
              "code": "// Place & save pole\nconst poleName = _PoleAction.default.placePole(600, 350);\n_PoleAction.default.savePole();\ncy.reload();\ncy.wait(5000);\n_PoleAction.default.importPoles();\n_PoleAction.default.openPole(poleName);\n_PoleAction.default.deletePole(poleName);\ncy.get(`div[role=\"button\"][aria-label=\"${poleName}\"]`).should('not.exist');\ncy.contains(poleName).should('not.exist');",
              "err": {},
              "uuid": "ac79f436-c86b-4165-8d9c-aef989655985",
              "parentUUID": "23876961-75e0-4da0-bf2b-7f846cdafaf5",
              "isHook": false,
              "skipped": false
            },
            {
              "title": "Pole_010 -Verifying the functionality of importing pole from the server",
              "fullTitle": "Poles Module Pole_010 -Verifying the functionality of importing pole from the server",
              "timedOut": null,
              "duration": 28413,
              "state": "passed",
              "speed": "slow",
              "pass": true,
              "fail": false,
              "pending": false,
              "context": null,
              "code": "const poleName = _PoleAction.default.placePole(650, 400);\n_PoleAction.default.savePole();\ncy.reload();\ncy.wait(5000);\n// Import poles from server and verify new pole is present\n_PoleAction.default.importPoles();\ncy.get(`div[role=\"button\"][aria-label=\"${poleName}\"]`).should('exist');\n_PoleAction.default.openPole(poleName);\n_PoleLocators.default.getField('Id').should('have.value', poleName);",
              "err": {},
              "uuid": "8e60b54c-5bf0-4f82-88e7-f398691f0da3",
              "parentUUID": "23876961-75e0-4da0-bf2b-7f846cdafaf5",
              "isHook": false,
              "skipped": false
            },
            {
              "title": "Pole_011 -Verifying the functionality of saving pole form data to server",
              "fullTitle": "Poles Module Pole_011 -Verifying the functionality of saving pole form data to server",
              "timedOut": null,
              "duration": 31796,
              "state": "passed",
              "speed": "slow",
              "pass": true,
              "fail": false,
              "pending": false,
              "context": null,
              "code": "// Place a new pole and save it\nconst poleName = _PoleAction.default.placePole(700, 450);\n_PoleAction.default.savePole();\n// Reload and re-import to verify persistence\ncy.reload();\ncy.wait(5000);\n_PoleAction.default.importPoles();\n// Verify the pole exists and form data is correct\ncy.get(`div[role=\"button\"][aria-label=\"${poleName}\"]`).should('exist');\n_PoleAction.default.openPole(poleName);\n_PoleLocators.default.getField('Id').should('have.value', poleName);",
              "err": {},
              "uuid": "27b6edeb-719b-4c87-9a76-8a9d09d0e6dd",
              "parentUUID": "23876961-75e0-4da0-bf2b-7f846cdafaf5",
              "isHook": false,
              "skipped": false
            }
          ],
          "suites": [],
          "passes": [
            "5146b5b8-6459-4684-8f1e-204ad5574a2d",
            "7f433111-8fde-4500-9fe1-7c45b3660e31",
            "71bc97d3-ad9c-4e70-83f4-2a175b7dd580",
            "91b4b934-f50e-40c8-bfe4-e804e7fc25ea",
            "dc371322-1775-4ad0-8498-abf30f5b0950",
            "99cbcc6e-b67d-4b0d-8555-a07da862601d",
            "080c8505-9f85-4713-bd40-864d3f21f4db",
            "a8c3bf2c-a21c-483c-83ac-df3d3a76b049",
            "ac79f436-c86b-4165-8d9c-aef989655985",
            "8e60b54c-5bf0-4f82-88e7-f398691f0da3",
            "27b6edeb-719b-4c87-9a76-8a9d09d0e6dd"
          ],
          "failures": [],
          "pending": [],
          "skipped": [],
          "duration": 300368,
          "root": false,
          "rootEmpty": false,
          "_timeout": 2000
        }
      ],
      "passes": [],
      "failures": [],
      "pending": [],
      "skipped": [],
      "duration": 0,
      "root": true,
      "rootEmpty": true,
      "_timeout": 2000
    }
  ],
  "meta": {
    "mocha": {
      "version": "7.2.0"
    },
    "mochawesome": {
      "options": {
        "quiet": false,
        "reportFilename": "mochawesome",
        "saveHtml": true,
        "saveJson": true,
        "consoleReporter": "spec",
        "useInlineDiffs": false,
        "code": true
      },
      "version": "7.1.3"
    },
    "marge": {
      "options": {
        "reportDir": "cypress/results",
        "overwrite": false,
        "html": true,
        "json": true
      },
      "version": "6.2.0"
    }
  }
}