{
  "stats": {
    "suites": 1,
    "tests": 3,
    "passes": 3,
    "pending": 0,
    "failures": 0,
    "start": "2026-03-11T11:22:50.522Z",
    "end": "2026-03-11T11:24:04.355Z",
    "duration": 73833,
    "testsRegistered": 3,
    "passPercent": 100,
    "pendingPercent": 0,
    "other": 0,
    "hasOther": false,
    "skipped": 0,
    "hasSkipped": false
  },
  "results": [
    {
      "uuid": "dbca51be-fef4-4d3a-b4a2-0c9d6682a953",
      "title": "",
      "fullFile": "cypress\\e2e\\Single Session\\SingleSession.cy.js",
      "file": "cypress\\e2e\\Single Session\\SingleSession.cy.js",
      "beforeHooks": [],
      "afterHooks": [],
      "tests": [],
      "suites": [
        {
          "uuid": "9c474e87-3afd-4107-914e-a9450e8a1484",
          "title": "Single Session Module",
          "fullFile": "",
          "file": "",
          "beforeHooks": [],
          "afterHooks": [],
          "tests": [
            {
              "title": "Single_Session_001 - Verify user A can login successfully",
              "fullTitle": "Single Session Module Single_Session_001 - Verify user A can login successfully",
              "timedOut": null,
              "duration": 17771,
              "state": "passed",
              "speed": "slow",
              "pass": true,
              "fail": false,
              "pending": false,
              "context": null,
              "code": "(0, _commonMethods.loginToPortal)(_Constants.default.testDesignEngineerEmail, _Constants.default.password);\n_LidarViewer.default.getHomeText.should(\"have.text\", \"Home Page\");",
              "err": {},
              "uuid": "cb27acbf-6d15-40e2-aae6-3821b70c3473",
              "parentUUID": "9c474e87-3afd-4107-914e-a9450e8a1484",
              "isHook": false,
              "skipped": false
            },
            {
              "title": "Single_Session_002 - Verify User B can login after User A logs out",
              "fullTitle": "Single Session Module Single_Session_002 - Verify User B can login after User A logs out",
              "timedOut": null,
              "duration": 29077,
              "state": "passed",
              "speed": "slow",
              "pass": true,
              "fail": false,
              "pending": false,
              "context": null,
              "code": "// Step 1: Login as User A\n(0, _commonMethods.loginToPortal)(_Constants.default.testDesignEngineerEmail, _Constants.default.password);\n_LidarViewer.default.getHomeText.should('be.visible').and('have.text', 'Home Page');\ncy.logout();\n// Verify redirected to login page\ncy.url().should('include', 'login');\n// Step 3: Simulate User B login with same credentials\n(0, _commonMethods.loginToPortal)(_Constants.default.testDesignEngineerEmail, _Constants.default.password);\n// Step 4: Verify login successful\n_LidarViewer.default.getHomeText.should('be.visible').and('have.text', 'Home Page');",
              "err": {},
              "uuid": "3dd8a631-ee74-42ea-a81b-ebd55ff1164f",
              "parentUUID": "9c474e87-3afd-4107-914e-a9450e8a1484",
              "isHook": false,
              "skipped": false
            },
            {
              "title": "Single_Session_003 - Verify User B login terminates previous session and logs into new session",
              "fullTitle": "Single Session Module Single_Session_003 - Verify User B login terminates previous session and logs into new session",
              "timedOut": null,
              "duration": 26811,
              "state": "passed",
              "speed": "slow",
              "pass": true,
              "fail": false,
              "pending": false,
              "context": null,
              "code": "// Step 1: User A logs in\n(0, _commonMethods.loginToPortal)(_Constants.default.testDesignEngineerEmail, _Constants.default.password);\n_LidarViewer.default.getHomeText.should(\"have.text\", \"Home Page\");\n// Step 2: Simulate second device (User B)\ncy.clearCookies();\ncy.clearLocalStorage();\ncy.visit(Cypress.config('baseUrl'));\n// Step 3: Login again with same credentials\n// loginToPortal will automatically handle the \"Active session detected\" popup\n(0, _commonMethods.loginToPortal)(_Constants.default.testDesignEngineerEmail, _Constants.default.password);\n// Step 4: Verify User B successfully logs in\n_LidarViewer.default.getHomeText.should(\"have.text\", \"Home Page\");",
              "err": {},
              "uuid": "2f6d2543-9637-4856-a390-b578a88c8c40",
              "parentUUID": "9c474e87-3afd-4107-914e-a9450e8a1484",
              "isHook": false,
              "skipped": false
            }
          ],
          "suites": [],
          "passes": [
            "cb27acbf-6d15-40e2-aae6-3821b70c3473",
            "3dd8a631-ee74-42ea-a81b-ebd55ff1164f",
            "2f6d2543-9637-4856-a390-b578a88c8c40"
          ],
          "failures": [],
          "pending": [],
          "skipped": [],
          "duration": 73659,
          "root": false,
          "rootEmpty": false,
          "_timeout": 2000
        }
      ],
      "passes": [],
      "failures": [],
      "pending": [],
      "skipped": [],
      "duration": 0,
      "root": true,
      "rootEmpty": true,
      "_timeout": 2000
    }
  ],
  "meta": {
    "mocha": {
      "version": "7.2.0"
    },
    "mochawesome": {
      "options": {
        "quiet": false,
        "reportFilename": "mochawesome",
        "saveHtml": true,
        "saveJson": true,
        "consoleReporter": "spec",
        "useInlineDiffs": false,
        "code": true
      },
      "version": "7.1.3"
    },
    "marge": {
      "options": {
        "reportDir": "cypress/results",
        "overwrite": false,
        "html": true,
        "json": true
      },
      "version": "6.2.0"
    }
  }
}