{
  "stats": {
    "suites": 1,
    "tests": 8,
    "passes": 8,
    "pending": 0,
    "failures": 0,
    "start": "2026-03-11T10:46:00.183Z",
    "end": "2026-03-11T10:50:56.798Z",
    "duration": 296615,
    "testsRegistered": 8,
    "passPercent": 100,
    "pendingPercent": 0,
    "other": 0,
    "hasOther": false,
    "skipped": 0,
    "hasSkipped": false
  },
  "results": [
    {
      "uuid": "1461af67-f47e-44ff-9410-64173094dc36",
      "title": "",
      "fullFile": "cypress\\e2e\\Callouts\\Callouts.cy.js",
      "file": "cypress\\e2e\\Callouts\\Callouts.cy.js",
      "beforeHooks": [],
      "afterHooks": [],
      "tests": [],
      "suites": [
        {
          "uuid": "fb263255-6713-429f-a236-021804b1abd4",
          "title": "Callouts Module",
          "fullFile": "",
          "file": "",
          "beforeHooks": [],
          "afterHooks": [],
          "tests": [
            {
              "title": "Callouts_001 - Verify the recent placed callout should highlight in the callout list",
              "fullTitle": "Callouts Module Callouts_001 - Verify the recent placed callout should highlight in the callout list",
              "timedOut": null,
              "duration": 33239,
              "state": "passed",
              "speed": "slow",
              "pass": true,
              "fail": false,
              "pending": false,
              "context": null,
              "code": "_CalloutsAction.default.placeCallout(500, 800);\n_CalloutsAction.default.placeCallout(500, 700).then(calloutName2 => {\n  // Verify latest callout is highlighted\n  _CalloutsLocators.default.getCalloutsContainer.contains('span', calloutName2).parents('.CalloutCard').should('have.class', 'latestCallout');\n});",
              "err": {},
              "uuid": "fed58ab8-9357-45cc-ad5b-59a713f82d55",
              "parentUUID": "fb263255-6713-429f-a236-021804b1abd4",
              "isHook": false,
              "skipped": false
            },
            {
              "title": "Callouts_002 - Verify saving updated callout data to server",
              "fullTitle": "Callouts Module Callouts_002 - Verify saving updated callout data to server",
              "timedOut": null,
              "duration": 50255,
              "state": "passed",
              "speed": "slow",
              "pass": true,
              "fail": false,
              "pending": false,
              "context": null,
              "code": "// Step 0: Place new callout and wrap as alias\n_CalloutsAction.default.placeCallout(500, 800).then(initialCalloutName => {\n  const updatedText = `UpdatedCallout_${Date.now()}`;\n  _CalloutsAction.default.saveCalloutsToServer();\n  cy.reload();\n  cy.wait(5000);\n  _CalloutsAction.default.importCalloutsFromServer();\n  // Step 3: Wait for the callout to appear before updating\n  _CalloutsLocators.default.getCalloutsContainer.contains('span', initialCalloutName, {\n    timeout: 10000\n  }).should('be.visible').then(() => {\n    // Now safely update\n    _CalloutsAction.default.updateCallout(initialCalloutName, updatedText);\n  });\n  // Step 4: Save updated callouts\n  _CalloutsAction.default.saveCalloutsToServer();\n  // Step 5: Verify the updated callout text exists\n  _CalloutsLocators.default.getCalloutsContainer.contains('span', updatedText, {\n    timeout: 10000\n  }).should('exist');\n  _CalloutsAction.default.deleteCallout(updatedText);\n});",
              "err": {},
              "uuid": "a1ba0f00-3cee-4108-8010-2edb863e7a61",
              "parentUUID": "fb263255-6713-429f-a236-021804b1abd4",
              "isHook": false,
              "skipped": false
            },
            {
              "title": "Callouts_003 - Verify saving unchanged callout data to server does not trigger update",
              "fullTitle": "Callouts Module Callouts_003 - Verify saving unchanged callout data to server does not trigger update",
              "timedOut": null,
              "duration": 43910,
              "state": "passed",
              "speed": "slow",
              "pass": true,
              "fail": false,
              "pending": false,
              "context": null,
              "code": "// Step 0: Place a new callout and save it to server first\n_CalloutsAction.default.placeCallout(500, 800).then(calloutName => {\n  _CalloutsAction.default.saveCalloutsToServer();\n  // Step 1: Reload or re-import callouts from server to ensure fresh state\n  cy.reload();\n  cy.wait(5000);\n  _CalloutsAction.default.importCalloutsFromServer();\n  _ViewerElements.default.getMoreOptionsBtn.click();\n  _ViewerElements.default.getSaveOption.click();\n  _ViewerElements.default.getSaveDialog.should('be.visible');\n  _ViewerElements.default.getCalloutsCheckbox.click();\n  _ViewerElements.default.getSaveConfirmBtn.click();\n  _LidarViewer.default.infoMessageContainer.should('be.visible').invoke('text').should('match', /no updated/i);\n});",
              "err": {},
              "uuid": "7709171c-cc10-489c-b571-6a4b4d1b6185",
              "parentUUID": "fb263255-6713-429f-a236-021804b1abd4",
              "isHook": false,
              "skipped": false
            },
            {
              "title": "Callouts_004 - Verify the functionality of clearing all callout data",
              "fullTitle": "Callouts Module Callouts_004 - Verify the functionality of clearing all callout data",
              "timedOut": null,
              "duration": 32463,
              "state": "passed",
              "speed": "slow",
              "pass": true,
              "fail": false,
              "pending": false,
              "context": null,
              "code": "// Step 0: Place a few callouts so there’s something to clear\n_CalloutsAction.default.placeCallout(500, 800);\n_CalloutsAction.default.placeCallout(600, 700);\n// Step 2: Click the \"Clear\" button in the callouts menu\n_CalloutsLocators.default.getClearCalloutsBtn.should('be.visible').click();\ncy.get('[data-testid=\"confirm-button\"]').contains('Apply').should('be.visible').click();\n// Step 3: Confirm all callouts are removed\n_LidarViewer.default.infoMessageContainer.should('be.visible').invoke('text').should('match', /callouts.*cleared/i);\n_CalloutsLocators.default.getCalloutsContainer.find('.CalloutCard').should('have.length', 0);",
              "err": {},
              "uuid": "cb4caea9-a181-4179-9332-0a6d97b940d5",
              "parentUUID": "fb263255-6713-429f-a236-021804b1abd4",
              "isHook": false,
              "skipped": false
            },
            {
              "title": "Callouts_005 - Verify the functionality of deleting a callout",
              "fullTitle": "Callouts Module Callouts_005 - Verify the functionality of deleting a callout",
              "timedOut": null,
              "duration": 30868,
              "state": "passed",
              "speed": "slow",
              "pass": true,
              "fail": false,
              "pending": false,
              "context": null,
              "code": "// Step 0: Place a new callout\n_CalloutsAction.default.placeCallout(500, 800).then(calloutName => {\n  _CalloutsAction.default.deleteCallout(calloutName);\n  _CalloutsLocators.default.getCalloutsContainer.contains('span', calloutName).should('not.exist');\n});",
              "err": {},
              "uuid": "7c5dc278-a893-4937-b634-400790c3ec3d",
              "parentUUID": "fb263255-6713-429f-a236-021804b1abd4",
              "isHook": false,
              "skipped": false
            },
            {
              "title": "Callouts_006 - Verify the functionality of importing callout from the server",
              "fullTitle": "Callouts Module Callouts_006 - Verify the functionality of importing callout from the server",
              "timedOut": null,
              "duration": 44270,
              "state": "passed",
              "speed": "slow",
              "pass": true,
              "fail": false,
              "pending": false,
              "context": null,
              "code": "// Step 1: Place a callout\n_CalloutsAction.default.placeCallout(400, 800).then(calloutName => {\n  // Step 2: Save callouts to server\n  _CalloutsAction.default.saveCalloutsToServer();\n  cy.reload();\n  cy.wait(5000);\n  _CalloutsAction.default.importCalloutsFromServer();\n  _CalloutsLocators.default.getCalloutsContainer.contains('span', calloutName).should('exist');\n});",
              "err": {},
              "uuid": "2b6fa463-9def-4a44-8672-6ea349751463",
              "parentUUID": "fb263255-6713-429f-a236-021804b1abd4",
              "isHook": false,
              "skipped": false
            },
            {
              "title": "Callouts_007 - Verify the functionality of saving callout to server",
              "fullTitle": "Callouts Module Callouts_007 - Verify the functionality of saving callout to server",
              "timedOut": null,
              "duration": 29860,
              "state": "passed",
              "speed": "slow",
              "pass": true,
              "fail": false,
              "pending": false,
              "context": null,
              "code": "// Step 1: Place a callout\n_CalloutsAction.default.placeCallout(300, 650).then(calloutName => {\n  // Step 2: Save callouts to server\n  _CalloutsAction.default.saveCalloutsToServer();\n});",
              "err": {},
              "uuid": "5f4bc84c-945f-4dbd-8091-d33a479ad495",
              "parentUUID": "fb263255-6713-429f-a236-021804b1abd4",
              "isHook": false,
              "skipped": false
            },
            {
              "title": "Callouts_008 - Verify the functionality of saving callout to local machine",
              "fullTitle": "Callouts Module Callouts_008 - Verify the functionality of saving callout to local machine",
              "timedOut": null,
              "duration": 30709,
              "state": "passed",
              "speed": "slow",
              "pass": true,
              "fail": false,
              "pending": false,
              "context": null,
              "code": "// Step 1: Place a callout\n_CalloutsAction.default.placeCallout(350, 700).then(calloutName => {\n  // Step 2: Save callouts to local machine\n  _CalloutsAction.default.saveCalloutsToLocalMachine();\n  cy.exec('dir cypress\\\\downloads').then(result => {\n    expect(result.stdout).to.include('callouts');\n    cy.exec('del cypress\\\\downloads\\\\*callouts*.lwv');\n  });\n});",
              "err": {},
              "uuid": "e29e473a-1b85-4453-9c2b-2239907cece6",
              "parentUUID": "fb263255-6713-429f-a236-021804b1abd4",
              "isHook": false,
              "skipped": false
            }
          ],
          "suites": [],
          "passes": [
            "fed58ab8-9357-45cc-ad5b-59a713f82d55",
            "a1ba0f00-3cee-4108-8010-2edb863e7a61",
            "7709171c-cc10-489c-b571-6a4b4d1b6185",
            "cb4caea9-a181-4179-9332-0a6d97b940d5",
            "7c5dc278-a893-4937-b634-400790c3ec3d",
            "2b6fa463-9def-4a44-8672-6ea349751463",
            "5f4bc84c-945f-4dbd-8091-d33a479ad495",
            "e29e473a-1b85-4453-9c2b-2239907cece6"
          ],
          "failures": [],
          "pending": [],
          "skipped": [],
          "duration": 295574,
          "root": false,
          "rootEmpty": false,
          "_timeout": 2000
        }
      ],
      "passes": [],
      "failures": [],
      "pending": [],
      "skipped": [],
      "duration": 0,
      "root": true,
      "rootEmpty": true,
      "_timeout": 2000
    }
  ],
  "meta": {
    "mocha": {
      "version": "7.2.0"
    },
    "mochawesome": {
      "options": {
        "quiet": false,
        "reportFilename": "mochawesome",
        "saveHtml": true,
        "saveJson": true,
        "consoleReporter": "spec",
        "useInlineDiffs": false,
        "code": true
      },
      "version": "7.1.3"
    },
    "marge": {
      "options": {
        "reportDir": "cypress/results",
        "overwrite": false,
        "html": true,
        "json": true
      },
      "version": "6.2.0"
    }
  }
}