{
  "stats": {
    "suites": 1,
    "tests": 14,
    "passes": 14,
    "pending": 0,
    "failures": 0,
    "start": "2026-03-06T11:16:16.087Z",
    "end": "2026-03-06T11:20:19.818Z",
    "duration": 243731,
    "testsRegistered": 14,
    "passPercent": 100,
    "pendingPercent": 0,
    "other": 0,
    "hasOther": false,
    "skipped": 0,
    "hasSkipped": false
  },
  "results": [
    {
      "uuid": "eaa862c2-4cd5-4be0-8e10-f34e9b6e9174",
      "title": "",
      "fullFile": "cypress\\e2e\\Measurements\\Measurements.cy.js",
      "file": "cypress\\e2e\\Measurements\\Measurements.cy.js",
      "beforeHooks": [],
      "afterHooks": [],
      "tests": [],
      "suites": [
        {
          "uuid": "0e279894-0419-41a1-b6d7-6c52df919904",
          "title": "Measurements Module",
          "fullFile": "",
          "file": "",
          "beforeHooks": [],
          "afterHooks": [],
          "tests": [
            {
              "title": "Measurement_001 - Verify the functionality of deleting point-to-point measurement",
              "fullTitle": "Measurements Module Measurement_001 - Verify the functionality of deleting point-to-point measurement",
              "timedOut": null,
              "duration": 21921,
              "state": "passed",
              "speed": "slow",
              "pass": true,
              "fail": false,
              "pending": false,
              "context": null,
              "code": "_MeasurementAction.default.placePointToPointMeasurement(500, 600, 600, 650);\n_MeasurementAction.default.getLatestMeasurementId().then(measurementId => {\n  _MeasurementAction.default.deleteMeasurementById(measurementId);\n  _MeasurementLocators.default.measurementsContainer.find(`[data-measurement-id=\"${measurementId}\"]`).should('not.exist');\n});",
              "err": {},
              "uuid": "60b7fd42-fcd4-43a9-88ba-42476a3af16a",
              "parentUUID": "0e279894-0419-41a1-b6d7-6c52df919904",
              "isHook": false,
              "skipped": false
            },
            {
              "title": "Measurement_002 - Verify saving P2P measurement data to server",
              "fullTitle": "Measurements Module Measurement_002 - Verify saving P2P measurement data to server",
              "timedOut": null,
              "duration": 16718,
              "state": "passed",
              "speed": "slow",
              "pass": true,
              "fail": false,
              "pending": false,
              "context": null,
              "code": "// Place measurement\n_MeasurementAction.default.placePointToPointMeasurement(500, 600, 600, 650);\n_MeasurementLocators.default.measurementsContainer.find('[data-measurement-id]').should('have.length.at.least', 1);\n_MeasurementAction.default.saveMeasurementsToServer();",
              "err": {},
              "uuid": "400eebf8-b7aa-4758-99be-3bbf42e08d83",
              "parentUUID": "0e279894-0419-41a1-b6d7-6c52df919904",
              "isHook": false,
              "skipped": false
            },
            {
              "title": "Measurement_003 - Verify saving with no measurement data",
              "fullTitle": "Measurements Module Measurement_003 - Verify saving with no measurement data",
              "timedOut": null,
              "duration": 12594,
              "state": "passed",
              "speed": "slow",
              "pass": true,
              "fail": false,
              "pending": false,
              "context": null,
              "code": "// Try to save measurements\n_ViewerElements.default.getMoreOptionsBtn.click();\n_ViewerElements.default.getSaveOption.click();\n_ViewerElements.default.getSaveDialog.should('be.visible');\n_ViewerElements.default.getMeasurementsCheckbox.click();\n_ViewerElements.default.getSaveConfirmBtn.click();\n_LidarViewer.default.infoMessageContainer.should('be.visible').invoke('text').should('match', /measurement.*empty/i);",
              "err": {},
              "uuid": "dd5f25eb-6d4d-484d-b4dc-bb9e0a5d0345",
              "parentUUID": "0e279894-0419-41a1-b6d7-6c52df919904",
              "isHook": false,
              "skipped": false
            },
            {
              "title": "Measurement_004 - Verify deleting a horizontal measurement",
              "fullTitle": "Measurements Module Measurement_004 - Verify deleting a horizontal measurement",
              "timedOut": null,
              "duration": 18595,
              "state": "passed",
              "speed": "slow",
              "pass": true,
              "fail": false,
              "pending": false,
              "context": null,
              "code": "// 1. Perform a horizontal measurement\n_MeasurementAction.default.placeHorizontalMeasurement(500, 800, 700, 850);\n_MeasurementAction.default.getLatestMeasurementId().then(measurementId => {\n  _MeasurementAction.default.deleteMeasurementById(measurementId);\n  _MeasurementLocators.default.measurementsContainer.find(`[data-measurement-id=\"${measurementId}\"]`).should('not.exist');\n});",
              "err": {},
              "uuid": "175db08b-a572-47b7-b6b6-60c9151f00e4",
              "parentUUID": "0e279894-0419-41a1-b6d7-6c52df919904",
              "isHook": false,
              "skipped": false
            },
            {
              "title": "Measurement_005 - Verify the functionality of saving horizontal measurement data to server",
              "fullTitle": "Measurements Module Measurement_005 - Verify the functionality of saving horizontal measurement data to server",
              "timedOut": null,
              "duration": 16397,
              "state": "passed",
              "speed": "slow",
              "pass": true,
              "fail": false,
              "pending": false,
              "context": null,
              "code": "// Place measurement\n_MeasurementAction.default.placeHorizontalMeasurement(500, 800, 700, 850);\n_MeasurementLocators.default.measurementsContainer.find('[data-measurement-id]').should('have.length.at.least', 1);\n_MeasurementAction.default.saveMeasurementsToServer();",
              "err": {},
              "uuid": "f0dd16e0-ce83-4346-ab06-f43c876689c5",
              "parentUUID": "0e279894-0419-41a1-b6d7-6c52df919904",
              "isHook": false,
              "skipped": false
            },
            {
              "title": "Measurement_006 - Verify deleting an angle measurement",
              "fullTitle": "Measurements Module Measurement_006 - Verify deleting an angle measurement",
              "timedOut": null,
              "duration": 16262,
              "state": "passed",
              "speed": "slow",
              "pass": true,
              "fail": false,
              "pending": false,
              "context": null,
              "code": "// Place angle measurement\n_MeasurementAction.default.placeAngleMeasurement(500, 800, 600, 850, 600, 900);\n_MeasurementAction.default.getLatestMeasurementId().then(measurementId => {\n  _MeasurementAction.default.deleteMeasurementById(measurementId);\n  _MeasurementLocators.default.measurementsContainer.find(`[data-measurement-id=\"${measurementId}\"]`).should('not.exist');\n});",
              "err": {},
              "uuid": "3f8fb0c8-4fe3-4d29-b19c-bdbcf59d4d06",
              "parentUUID": "0e279894-0419-41a1-b6d7-6c52df919904",
              "isHook": false,
              "skipped": false
            },
            {
              "title": "Measurement_007 - Verify the functionality of saving angle measurement data to server",
              "fullTitle": "Measurements Module Measurement_007 - Verify the functionality of saving angle measurement data to server",
              "timedOut": null,
              "duration": 18158,
              "state": "passed",
              "speed": "slow",
              "pass": true,
              "fail": false,
              "pending": false,
              "context": null,
              "code": "// Place angle measurement\n_MeasurementAction.default.placeAngleMeasurement(500, 800, 600, 850, 600, 900);\n_MeasurementLocators.default.measurementsContainer.find('[data-measurement-id]').should('have.length.at.least', 1);\n// Save measurements\n_MeasurementAction.default.saveMeasurementsToServer();",
              "err": {},
              "uuid": "66780ff2-3882-4cca-a88f-f2bdade9bbc9",
              "parentUUID": "0e279894-0419-41a1-b6d7-6c52df919904",
              "isHook": false,
              "skipped": false
            },
            {
              "title": "Measurement_008 - Verify the functionality of saving perpendicular measurement data to server",
              "fullTitle": "Measurements Module Measurement_008 - Verify the functionality of saving perpendicular measurement data to server",
              "timedOut": null,
              "duration": 18130,
              "state": "passed",
              "speed": "slow",
              "pass": true,
              "fail": false,
              "pending": false,
              "context": null,
              "code": "// Place perpendicular measurement\n_MeasurementAction.default.placePerpendicularMeasurement(500, 800, 600, 850, 600, 900);\n_MeasurementLocators.default.measurementsContainer.find('[data-measurement-id]').should('have.length.at.least', 1);\n_MeasurementAction.default.saveMeasurementsToServer();",
              "err": {},
              "uuid": "516484a9-ab6f-4abf-acc9-60990a1841a6",
              "parentUUID": "0e279894-0419-41a1-b6d7-6c52df919904",
              "isHook": false,
              "skipped": false
            },
            {
              "title": "Measurement_009 - Verify updated vertical offset measurement functionality",
              "fullTitle": "Measurements Module Measurement_009 - Verify updated vertical offset measurement functionality",
              "timedOut": null,
              "duration": 17222,
              "state": "passed",
              "speed": "slow",
              "pass": true,
              "fail": false,
              "pending": false,
              "context": null,
              "code": "_ViewerElements.default.getSettingsBtn.click();\n_SettingsLocators.default.measurementsTab.should('be.visible').click();\n_MeasurementAction.default.setVerticalOffsetValue(40);\n_SettingsLocators.default.closeSettingsBtn.click();\n// Activate measurement tool\n_MeasurementAction.default.placeVerticalOffsetMeasurement({\n  x: 500,\n  y: 650\n});\n// Verify measurement created and reflects offset value\n_MeasurementLocators.default.measurementsContainer.find('[data-measurement-id]').should('contain', '40');",
              "err": {},
              "uuid": "fa895254-7f9e-423d-8825-21a0c309a7c4",
              "parentUUID": "0e279894-0419-41a1-b6d7-6c52df919904",
              "isHook": false,
              "skipped": false
            },
            {
              "title": "Measurement_010 - Verify deleting a vertical offset measurement",
              "fullTitle": "Measurements Module Measurement_010 - Verify deleting a vertical offset measurement",
              "timedOut": null,
              "duration": 17822,
              "state": "passed",
              "speed": "slow",
              "pass": true,
              "fail": false,
              "pending": false,
              "context": null,
              "code": "// 1. Perform vertical offset measurement\n_MeasurementAction.default.placeVerticalOffsetMeasurement({\n  x: 500,\n  y: 650\n});\n_MeasurementAction.default.getLatestMeasurementId().then(measurementId => {\n  _MeasurementAction.default.deleteMeasurementById(measurementId);\n  _MeasurementLocators.default.measurementsContainer.find(`[data-measurement-id=\"${measurementId}\"]`).should('not.exist');\n});",
              "err": {},
              "uuid": "25808061-d75a-4ebc-9a5e-615d0415c332",
              "parentUUID": "0e279894-0419-41a1-b6d7-6c52df919904",
              "isHook": false,
              "skipped": false
            },
            {
              "title": "Measurement_011 - Verify the functionality of deleting polyline measurement",
              "fullTitle": "Measurements Module Measurement_011 - Verify the functionality of deleting polyline measurement",
              "timedOut": null,
              "duration": 16132,
              "state": "passed",
              "speed": "slow",
              "pass": true,
              "fail": false,
              "pending": false,
              "context": null,
              "code": "// 1. Place a polyline measurement with multiple points\n_MeasurementAction.default.placePolylineMeasurement([{\n  x: 500,\n  y: 300\n}, {\n  x: 550,\n  y: 350\n}, {\n  x: 600,\n  y: 400\n}]);\n// 2. Get the latest measurement ID\n_MeasurementAction.default.getLatestMeasurementId().then(measurementId => {\n  _MeasurementAction.default.deleteMeasurementById(measurementId);\n  _MeasurementLocators.default.measurementsContainer.find(`[data-measurement-id=\"${measurementId}\"]`).should('not.exist');\n});",
              "err": {},
              "uuid": "14e41bdb-88b9-4de3-aed4-b1f57271325a",
              "parentUUID": "0e279894-0419-41a1-b6d7-6c52df919904",
              "isHook": false,
              "skipped": false
            },
            {
              "title": "Measurement_012 - Verify the functionality of saving polyline measurement data to server",
              "fullTitle": "Measurements Module Measurement_012 - Verify the functionality of saving polyline measurement data to server",
              "timedOut": null,
              "duration": 18323,
              "state": "passed",
              "speed": "slow",
              "pass": true,
              "fail": false,
              "pending": false,
              "context": null,
              "code": "// 1. Place a polyline measurement with multiple points\n_MeasurementAction.default.placePolylineMeasurement([{\n  x: 500,\n  y: 300\n}, {\n  x: 550,\n  y: 350\n}, {\n  x: 600,\n  y: 400\n}]);\n_MeasurementLocators.default.measurementsContainer.find('[data-measurement-id]').should('have.length.at.least', 1);\n_MeasurementAction.default.savePolylineToServer();",
              "err": {},
              "uuid": "61be51c3-af60-4598-b2cc-e7c793d6cf2e",
              "parentUUID": "0e279894-0419-41a1-b6d7-6c52df919904",
              "isHook": false,
              "skipped": false
            },
            {
              "title": "Measurement_013 - Verify the functionality of clearing measurements",
              "fullTitle": "Measurements Module Measurement_013 - Verify the functionality of clearing measurements",
              "timedOut": null,
              "duration": 15915,
              "state": "passed",
              "speed": "slow",
              "pass": true,
              "fail": false,
              "pending": false,
              "context": null,
              "code": "// 1. Draw a polyline\n_MeasurementAction.default.placePolylineMeasurement([{\n  x: 500,\n  y: 300\n}, {\n  x: 550,\n  y: 350\n}, {\n  x: 600,\n  y: 400\n}]);\n_MeasurementAction.default.clearAllMeasurements();",
              "err": {},
              "uuid": "1cd6450d-9c64-4384-9dee-466f06fe85b8",
              "parentUUID": "0e279894-0419-41a1-b6d7-6c52df919904",
              "isHook": false,
              "skipped": false
            },
            {
              "title": "Measurement_014 - Verify saving measurement file to local machine and server",
              "fullTitle": "Measurements Module Measurement_014 - Verify saving measurement file to local machine and server",
              "timedOut": null,
              "duration": 17869,
              "state": "passed",
              "speed": "slow",
              "pass": true,
              "fail": false,
              "pending": false,
              "context": null,
              "code": "// Create a measurement\n_MeasurementAction.default.placeHorizontalMeasurement(500, 800, 650, 850);\n_MeasurementLocators.default.measurementsContainer.find('[data-measurement-id]').should('have.length.at.least', 1);\n_MeasurementAction.default.saveMeasurementsToLocalAndServer();\ncy.exec('dir cypress\\\\downloads').then(result => {\n  expect(result.stdout).to.include('measurements');\n  cy.exec('del cypress\\\\downloads\\\\*measurements*.lwv');\n});",
              "err": {},
              "uuid": "ff31667c-bec7-470d-a2f7-00de2ed07d7c",
              "parentUUID": "0e279894-0419-41a1-b6d7-6c52df919904",
              "isHook": false,
              "skipped": false
            }
          ],
          "suites": [],
          "passes": [
            "60b7fd42-fcd4-43a9-88ba-42476a3af16a",
            "400eebf8-b7aa-4758-99be-3bbf42e08d83",
            "dd5f25eb-6d4d-484d-b4dc-bb9e0a5d0345",
            "175db08b-a572-47b7-b6b6-60c9151f00e4",
            "f0dd16e0-ce83-4346-ab06-f43c876689c5",
            "3f8fb0c8-4fe3-4d29-b19c-bdbcf59d4d06",
            "66780ff2-3882-4cca-a88f-f2bdade9bbc9",
            "516484a9-ab6f-4abf-acc9-60990a1841a6",
            "fa895254-7f9e-423d-8825-21a0c309a7c4",
            "25808061-d75a-4ebc-9a5e-615d0415c332",
            "14e41bdb-88b9-4de3-aed4-b1f57271325a",
            "61be51c3-af60-4598-b2cc-e7c793d6cf2e",
            "1cd6450d-9c64-4384-9dee-466f06fe85b8",
            "ff31667c-bec7-470d-a2f7-00de2ed07d7c"
          ],
          "failures": [],
          "pending": [],
          "skipped": [],
          "duration": 242058,
          "root": false,
          "rootEmpty": false,
          "_timeout": 2000
        }
      ],
      "passes": [],
      "failures": [],
      "pending": [],
      "skipped": [],
      "duration": 0,
      "root": true,
      "rootEmpty": true,
      "_timeout": 2000
    }
  ],
  "meta": {
    "mocha": {
      "version": "7.2.0"
    },
    "mochawesome": {
      "options": {
        "quiet": false,
        "reportFilename": "mochawesome",
        "saveHtml": true,
        "saveJson": true,
        "consoleReporter": "spec",
        "useInlineDiffs": false,
        "code": true
      },
      "version": "7.1.3"
    },
    "marge": {
      "options": {
        "reportDir": "cypress/results",
        "overwrite": false,
        "html": true,
        "json": true
      },
      "version": "6.2.0"
    }
  }
}