{
  "stats": {
    "suites": 1,
    "tests": 1,
    "passes": 1,
    "pending": 0,
    "failures": 0,
    "start": "2026-03-06T11:11:55.858Z",
    "end": "2026-03-06T11:12:05.822Z",
    "duration": 9964,
    "testsRegistered": 1,
    "passPercent": 100,
    "pendingPercent": 0,
    "other": 0,
    "hasOther": false,
    "skipped": 0,
    "hasSkipped": false
  },
  "results": [
    {
      "uuid": "64c9078b-5909-4591-adfe-c9ff38cf8a15",
      "title": "",
      "fullFile": "cypress\\e2e\\Login\\Login.cy.js",
      "file": "cypress\\e2e\\Login\\Login.cy.js",
      "beforeHooks": [],
      "afterHooks": [],
      "tests": [],
      "suites": [
        {
          "uuid": "26a1fd49-9bdf-4303-92a0-c61273246a96",
          "title": "Login",
          "fullFile": "",
          "file": "",
          "beforeHooks": [],
          "afterHooks": [],
          "tests": [
            {
              "title": "Login_003_Verify that login with invalid email and valid password",
              "fullTitle": "Login Login_003_Verify that login with invalid email and valid password",
              "timedOut": null,
              "duration": 9933,
              "state": "passed",
              "speed": "medium",
              "pass": true,
              "fail": false,
              "pending": false,
              "context": null,
              "code": "cy.wait(2000);\n(0, _commonMethods.login1)(_Constants.default.inValidEmail, _Constants.default.password);\ncy.on(\"window:alert\", str => {\n  expect(str).to.include(\"Invalid email or password\");\n});",
              "err": {},
              "uuid": "11a15dc1-1cd7-49dc-9eee-7efb93d9753b",
              "parentUUID": "26a1fd49-9bdf-4303-92a0-c61273246a96",
              "isHook": false,
              "skipped": false
            }
          ],
          "suites": [],
          "passes": [
            "11a15dc1-1cd7-49dc-9eee-7efb93d9753b"
          ],
          "failures": [],
          "pending": [],
          "skipped": [],
          "duration": 9933,
          "root": false,
          "rootEmpty": false,
          "_timeout": 2000
        }
      ],
      "passes": [],
      "failures": [],
      "pending": [],
      "skipped": [],
      "duration": 0,
      "root": true,
      "rootEmpty": true,
      "_timeout": 2000
    }
  ],
  "meta": {
    "mocha": {
      "version": "7.2.0"
    },
    "mochawesome": {
      "options": {
        "quiet": false,
        "reportFilename": "mochawesome",
        "saveHtml": true,
        "saveJson": true,
        "consoleReporter": "spec",
        "useInlineDiffs": false,
        "code": true
      },
      "version": "7.1.3"
    },
    "marge": {
      "options": {
        "reportDir": "cypress/results",
        "overwrite": false,
        "html": true,
        "json": true
      },
      "version": "6.2.0"
    }
  }
}