{
  "stats": {
    "suites": 1,
    "tests": 5,
    "passes": 5,
    "pending": 0,
    "failures": 0,
    "start": "2026-03-09T11:25:30.259Z",
    "end": "2026-03-09T11:26:25.688Z",
    "duration": 55429,
    "testsRegistered": 5,
    "passPercent": 100,
    "pendingPercent": 0,
    "other": 0,
    "hasOther": false,
    "skipped": 0,
    "hasSkipped": false
  },
  "results": [
    {
      "uuid": "7a189af9-e2c5-4d86-9c7c-a888bee111dd",
      "title": "",
      "fullFile": "cypress\\e2e\\Home Page\\HomePageNavigation.cy.js",
      "file": "cypress\\e2e\\Home Page\\HomePageNavigation.cy.js",
      "beforeHooks": [],
      "afterHooks": [],
      "tests": [],
      "suites": [
        {
          "uuid": "2161f568-c38b-4fe7-9401-b2fbadd58b54",
          "title": "Home Page Navigation Tests",
          "fullFile": "",
          "file": "",
          "beforeHooks": [],
          "afterHooks": [],
          "tests": [
            {
              "title": "Home_Project_nav_001_Verify that double-clicking on a folder from the home page navigates the user into the folder.",
              "fullTitle": "Home Page Navigation Tests Home_Project_nav_001_Verify that double-clicking on a folder from the home page navigates the user into the folder.",
              "timedOut": null,
              "duration": 15511,
              "state": "passed",
              "speed": "slow",
              "pass": true,
              "fail": false,
              "pending": false,
              "context": null,
              "code": "(0, _commonMethods.openDynamicFolderAndRun)(folderPath, runName);\ncy.wait(2000);\ncy.get(\".body3.ActiveCrumb.pointer\").contains(\"Automation_Atchyutha-\");",
              "err": {},
              "uuid": "042e8746-e272-455c-bd4d-d04199d820b7",
              "parentUUID": "2161f568-c38b-4fe7-9401-b2fbadd58b54",
              "isHook": false,
              "skipped": false
            },
            {
              "title": "Home_Project_nav_002_Verify that clicking on the root element navigates the user back to the root view and displays all available data in home page",
              "fullTitle": "Home Page Navigation Tests Home_Project_nav_002_Verify that clicking on the root element navigates the user back to the root view and displays all available data in home page",
              "timedOut": null,
              "duration": 10159,
              "state": "passed",
              "speed": "slow",
              "pass": true,
              "fail": false,
              "pending": false,
              "context": null,
              "code": "folderPath.forEach(folderPaths => {\n  cy.get(\".folderName\").contains(folderPaths).should(\"be.visible\").dblclick();\n  cy.wait(2000);\n});\ncy.get('.body3.InactiveCrumb.pointer').contains('Root').click();\n_LidarViewer.default.getHomeText.should('have.text', 'Home Page');",
              "err": {},
              "uuid": "9d054f1d-186e-479a-aca5-a4e34a888bc8",
              "parentUUID": "2161f568-c38b-4fe7-9401-b2fbadd58b54",
              "isHook": false,
              "skipped": false
            },
            {
              "title": "Home_Project_nav_003_Verify that clicking on a folder from search results opens the folder correctly.",
              "fullTitle": "Home Page Navigation Tests Home_Project_nav_003_Verify that clicking on a folder from search results opens the folder correctly.",
              "timedOut": null,
              "duration": 13082,
              "state": "passed",
              "speed": "slow",
              "pass": true,
              "fail": false,
              "pending": false,
              "context": null,
              "code": "cy.get(\".folderName\").contains(\"Shared Space\").should(\"be.visible\").dblclick();\ncy.get('input[placeholder=\"Type for search\"]').should('be.visible').clear().type('Test');\ncy.wait(2000);\ncy.get('div.primary-btn[alt=\"search\"]').should('be.visible').click();\ncy.wait(2000);\ncy.get('.folderName').contains('Test').dblclick();",
              "err": {},
              "uuid": "2dc2a345-cbd1-46ce-aab7-80b0650afa3c",
              "parentUUID": "2161f568-c38b-4fe7-9401-b2fbadd58b54",
              "isHook": false,
              "skipped": false
            },
            {
              "title": "Home_Project_nav_004_Verify that the select checkbox is displayed when more than one run is available.",
              "fullTitle": "Home Page Navigation Tests Home_Project_nav_004_Verify that the select checkbox is displayed when more than one run is available.",
              "timedOut": null,
              "duration": 8318,
              "state": "passed",
              "speed": "medium",
              "pass": true,
              "fail": false,
              "pending": false,
              "context": null,
              "code": "cy.get(\".folderName\").contains(\"Shared Space\").should(\"be.visible\").dblclick();\ncy.get('[data-testid=\"run-card-container\"]').filter(':visible').should('have.length.gte', 2);\ncy.contains('div[role=\"checkbox\"]', 'Select').should('be.visible');",
              "err": {},
              "uuid": "abe93633-d6a8-447c-902d-2344c5c41bc4",
              "parentUUID": "2161f568-c38b-4fe7-9401-b2fbadd58b54",
              "isHook": false,
              "skipped": false
            },
            {
              "title": "Home_Project_nav_006_Verifying that the opening of multiple runs",
              "fullTitle": "Home Page Navigation Tests Home_Project_nav_006_Verifying that the opening of multiple runs",
              "timedOut": null,
              "duration": 8071,
              "state": "passed",
              "speed": "medium",
              "pass": true,
              "fail": false,
              "pending": false,
              "context": null,
              "code": "let firstRunName;\ncy.get(\".folderName\").contains(\"Shared Space\").should(\"be.visible\").dblclick();\ncy.wait(2000);\ncy.contains('div[role=\"checkbox\"]', 'Select').should('be.visible').click();\ncy.get('[data-testid=\"run-card-container\"]').filter(':visible').then($runs => {\n  firstRunName = $runs.eq(0).find('[data-testid=\"run-name\"]').text().trim();\n  cy.wrap($runs.eq(0)).click();\n  cy.wrap($runs.eq(1)).click();\n});\ncy.contains('div.primary-btn', 'Open').should('be.visible').click();\ncy.get('.body3.ActiveCrumb.pointer').should('be.visible').and($el => {\n  expect($el.text().trim()).to.eq(firstRunName);\n});",
              "err": {},
              "uuid": "90d12c71-dfbb-406e-9f7d-779ca9787e9d",
              "parentUUID": "2161f568-c38b-4fe7-9401-b2fbadd58b54",
              "isHook": false,
              "skipped": false
            }
          ],
          "suites": [],
          "passes": [
            "042e8746-e272-455c-bd4d-d04199d820b7",
            "9d054f1d-186e-479a-aca5-a4e34a888bc8",
            "2dc2a345-cbd1-46ce-aab7-80b0650afa3c",
            "abe93633-d6a8-447c-902d-2344c5c41bc4",
            "90d12c71-dfbb-406e-9f7d-779ca9787e9d"
          ],
          "failures": [],
          "pending": [],
          "skipped": [],
          "duration": 55141,
          "root": false,
          "rootEmpty": false,
          "_timeout": 2000
        }
      ],
      "passes": [],
      "failures": [],
      "pending": [],
      "skipped": [],
      "duration": 0,
      "root": true,
      "rootEmpty": true,
      "_timeout": 2000
    }
  ],
  "meta": {
    "mocha": {
      "version": "7.2.0"
    },
    "mochawesome": {
      "options": {
        "quiet": false,
        "reportFilename": "mochawesome",
        "saveHtml": true,
        "saveJson": true,
        "consoleReporter": "spec",
        "useInlineDiffs": false,
        "code": true
      },
      "version": "7.1.3"
    },
    "marge": {
      "options": {
        "reportDir": "cypress/results",
        "overwrite": false,
        "html": true,
        "json": true
      },
      "version": "6.2.0"
    }
  }
}