{
  "stats": {
    "suites": 1,
    "tests": 14,
    "passes": 14,
    "pending": 0,
    "failures": 0,
    "start": "2026-03-11T10:58:42.645Z",
    "end": "2026-03-11T11:07:14.414Z",
    "duration": 511769,
    "testsRegistered": 14,
    "passPercent": 100,
    "pendingPercent": 0,
    "other": 0,
    "hasOther": false,
    "skipped": 0,
    "hasSkipped": false
  },
  "results": [
    {
      "uuid": "6c043bba-f1ab-4ce1-a70e-5169f52cbbe8",
      "title": "",
      "fullFile": "cypress\\e2e\\Measurements\\Measurements.cy.js",
      "file": "cypress\\e2e\\Measurements\\Measurements.cy.js",
      "beforeHooks": [],
      "afterHooks": [],
      "tests": [],
      "suites": [
        {
          "uuid": "3128f69f-a965-4391-8e6a-2cca2fdd2911",
          "title": "Measurements Module",
          "fullFile": "",
          "file": "",
          "beforeHooks": [],
          "afterHooks": [],
          "tests": [
            {
              "title": "Measurement_001 - Verify the functionality of deleting point-to-point measurement",
              "fullTitle": "Measurements Module Measurement_001 - Verify the functionality of deleting point-to-point measurement",
              "timedOut": null,
              "duration": 28019,
              "state": "passed",
              "speed": "slow",
              "pass": true,
              "fail": false,
              "pending": false,
              "context": null,
              "code": "_MeasurementAction.default.placePointToPointMeasurement(500, 600, 600, 650);\n_MeasurementAction.default.getLatestMeasurementId().then(measurementId => {\n  _MeasurementAction.default.deleteMeasurementById(measurementId);\n  _MeasurementLocators.default.measurementsContainer.find(`[data-measurement-id=\"${measurementId}\"]`).should('not.exist');\n});",
              "err": {},
              "uuid": "28853e36-48f4-4d78-bc98-f9fc437f52e9",
              "parentUUID": "3128f69f-a965-4391-8e6a-2cca2fdd2911",
              "isHook": false,
              "skipped": false
            },
            {
              "title": "Measurement_002 - Verify saving P2P measurement data to server",
              "fullTitle": "Measurements Module Measurement_002 - Verify saving P2P measurement data to server",
              "timedOut": null,
              "duration": 26398,
              "state": "passed",
              "speed": "slow",
              "pass": true,
              "fail": false,
              "pending": false,
              "context": null,
              "code": "// Place measurement\n_MeasurementAction.default.placePointToPointMeasurement(500, 600, 600, 650);\n_MeasurementLocators.default.measurementsContainer.find('[data-measurement-id]').should('have.length.at.least', 1);\n_MeasurementAction.default.saveMeasurementsToServer();",
              "err": {},
              "uuid": "cc3e982b-055f-45c9-9e65-fe8f9b352acc",
              "parentUUID": "3128f69f-a965-4391-8e6a-2cca2fdd2911",
              "isHook": false,
              "skipped": false
            },
            {
              "title": "Measurement_003 - Verify saving with no measurement data",
              "fullTitle": "Measurements Module Measurement_003 - Verify saving with no measurement data",
              "timedOut": null,
              "duration": 24545,
              "state": "passed",
              "speed": "slow",
              "pass": true,
              "fail": false,
              "pending": false,
              "context": null,
              "code": "// Try to save measurements\n_ViewerElements.default.getMoreOptionsBtn.click();\n_ViewerElements.default.getSaveOption.click();\n_ViewerElements.default.getSaveDialog.should('be.visible');\n_ViewerElements.default.getMeasurementsCheckbox.click();\n_ViewerElements.default.getSaveConfirmBtn.click();\n_LidarViewer.default.infoMessageContainer.should('be.visible').invoke('text').should('match', /measurement.*empty/i);",
              "err": {},
              "uuid": "d0c0fb8a-cc3e-4e8e-8b32-d4375208d3ae",
              "parentUUID": "3128f69f-a965-4391-8e6a-2cca2fdd2911",
              "isHook": false,
              "skipped": false
            },
            {
              "title": "Measurement_004 - Verify deleting a horizontal measurement",
              "fullTitle": "Measurements Module Measurement_004 - Verify deleting a horizontal measurement",
              "timedOut": null,
              "duration": 29568,
              "state": "passed",
              "speed": "slow",
              "pass": true,
              "fail": false,
              "pending": false,
              "context": null,
              "code": "// 1. Perform a horizontal measurement\n_MeasurementAction.default.placeHorizontalMeasurement(500, 800, 700, 850);\n_MeasurementAction.default.getLatestMeasurementId().then(measurementId => {\n  _MeasurementAction.default.deleteMeasurementById(measurementId);\n  _MeasurementLocators.default.measurementsContainer.find(`[data-measurement-id=\"${measurementId}\"]`).should('not.exist');\n});",
              "err": {},
              "uuid": "118edeba-29aa-402b-ad59-e9995d4ad926",
              "parentUUID": "3128f69f-a965-4391-8e6a-2cca2fdd2911",
              "isHook": false,
              "skipped": false
            },
            {
              "title": "Measurement_005 - Verify the functionality of saving horizontal measurement data to server",
              "fullTitle": "Measurements Module Measurement_005 - Verify the functionality of saving horizontal measurement data to server",
              "timedOut": null,
              "duration": 29494,
              "state": "passed",
              "speed": "slow",
              "pass": true,
              "fail": false,
              "pending": false,
              "context": null,
              "code": "// Place measurement\n_MeasurementAction.default.placeHorizontalMeasurement(500, 800, 700, 850);\n_MeasurementLocators.default.measurementsContainer.find('[data-measurement-id]').should('have.length.at.least', 1);\n_MeasurementAction.default.saveMeasurementsToServer();",
              "err": {},
              "uuid": "2e9af244-6bca-4b8c-9859-5d3a45eaa407",
              "parentUUID": "3128f69f-a965-4391-8e6a-2cca2fdd2911",
              "isHook": false,
              "skipped": false
            },
            {
              "title": "Measurement_006 - Verify deleting an angle measurement",
              "fullTitle": "Measurements Module Measurement_006 - Verify deleting an angle measurement",
              "timedOut": null,
              "duration": 26645,
              "state": "passed",
              "speed": "slow",
              "pass": true,
              "fail": false,
              "pending": false,
              "context": null,
              "code": "// Place angle measurement\n_MeasurementAction.default.placeAngleMeasurement(500, 800, 600, 850, 600, 900);\n_MeasurementAction.default.getLatestMeasurementId().then(measurementId => {\n  _MeasurementAction.default.deleteMeasurementById(measurementId);\n  _MeasurementLocators.default.measurementsContainer.find(`[data-measurement-id=\"${measurementId}\"]`).should('not.exist');\n});",
              "err": {},
              "uuid": "133133f2-7828-4811-8852-e5dc869d2b95",
              "parentUUID": "3128f69f-a965-4391-8e6a-2cca2fdd2911",
              "isHook": false,
              "skipped": false
            },
            {
              "title": "Measurement_007 - Verify the functionality of saving angle measurement data to server",
              "fullTitle": "Measurements Module Measurement_007 - Verify the functionality of saving angle measurement data to server",
              "timedOut": null,
              "duration": 26038,
              "state": "passed",
              "speed": "slow",
              "pass": true,
              "fail": false,
              "pending": false,
              "context": null,
              "code": "// Place angle measurement\n_MeasurementAction.default.placeAngleMeasurement(500, 800, 600, 850, 600, 900);\n_MeasurementLocators.default.measurementsContainer.find('[data-measurement-id]').should('have.length.at.least', 1);\n// Save measurements\n_MeasurementAction.default.saveMeasurementsToServer();",
              "err": {},
              "uuid": "b8d86d68-8df4-4715-a8c1-dd8c44fd5a5d",
              "parentUUID": "3128f69f-a965-4391-8e6a-2cca2fdd2911",
              "isHook": false,
              "skipped": false
            },
            {
              "title": "Measurement_008 - Verify the functionality of saving perpendicular measurement data to server",
              "fullTitle": "Measurements Module Measurement_008 - Verify the functionality of saving perpendicular measurement data to server",
              "timedOut": null,
              "duration": 29387,
              "state": "passed",
              "speed": "slow",
              "pass": true,
              "fail": false,
              "pending": false,
              "context": null,
              "code": "// Place perpendicular measurement\n_MeasurementAction.default.placePerpendicularMeasurement(500, 800, 600, 850, 600, 900);\n_MeasurementLocators.default.measurementsContainer.find('[data-measurement-id]').should('have.length.at.least', 1);\n_MeasurementAction.default.saveMeasurementsToServer();",
              "err": {},
              "uuid": "9abf1696-a8db-4431-b9ee-33a31d7560d3",
              "parentUUID": "3128f69f-a965-4391-8e6a-2cca2fdd2911",
              "isHook": false,
              "skipped": false
            },
            {
              "title": "Measurement_009 - Verify updated vertical offset measurement functionality",
              "fullTitle": "Measurements Module Measurement_009 - Verify updated vertical offset measurement functionality",
              "timedOut": null,
              "duration": 30398,
              "state": "passed",
              "speed": "slow",
              "pass": true,
              "fail": false,
              "pending": false,
              "context": null,
              "code": "_ViewerElements.default.getSettingsBtn.click();\n_SettingsLocators.default.measurementsTab.should('be.visible').click();\n_MeasurementAction.default.setVerticalOffsetValue(40);\n_SettingsLocators.default.closeSettingsBtn.click();\n// Activate measurement tool\n_MeasurementAction.default.placeVerticalOffsetMeasurement({\n  x: 500,\n  y: 650\n});\n// Verify measurement created and reflects offset value\n_MeasurementLocators.default.measurementsContainer.find('[data-measurement-id]').should('contain', '40');",
              "err": {},
              "uuid": "c411dd00-e8b1-42ae-9b1b-63c08fbf8895",
              "parentUUID": "3128f69f-a965-4391-8e6a-2cca2fdd2911",
              "isHook": false,
              "skipped": false
            },
            {
              "title": "Measurement_010 - Verify deleting a vertical offset measurement",
              "fullTitle": "Measurements Module Measurement_010 - Verify deleting a vertical offset measurement",
              "timedOut": null,
              "duration": 27408,
              "state": "passed",
              "speed": "slow",
              "pass": true,
              "fail": false,
              "pending": false,
              "context": null,
              "code": "// 1. Perform vertical offset measurement\n_MeasurementAction.default.placeVerticalOffsetMeasurement({\n  x: 500,\n  y: 650\n});\n_MeasurementAction.default.getLatestMeasurementId().then(measurementId => {\n  _MeasurementAction.default.deleteMeasurementById(measurementId);\n  _MeasurementLocators.default.measurementsContainer.find(`[data-measurement-id=\"${measurementId}\"]`).should('not.exist');\n});",
              "err": {},
              "uuid": "008390f9-cd9d-4060-b10e-f6898ff1a9c9",
              "parentUUID": "3128f69f-a965-4391-8e6a-2cca2fdd2911",
              "isHook": false,
              "skipped": false
            },
            {
              "title": "Measurement_011 - Verify the functionality of deleting polyline measurement",
              "fullTitle": "Measurements Module Measurement_011 - Verify the functionality of deleting polyline measurement",
              "timedOut": null,
              "duration": 29812,
              "state": "passed",
              "speed": "slow",
              "pass": true,
              "fail": false,
              "pending": false,
              "context": null,
              "code": "// 1. Place a polyline measurement with multiple points\n_MeasurementAction.default.placePolylineMeasurement([{\n  x: 500,\n  y: 300\n}, {\n  x: 550,\n  y: 350\n}, {\n  x: 600,\n  y: 400\n}]);\n// 2. Get the latest measurement ID\n_MeasurementAction.default.getLatestMeasurementId().then(measurementId => {\n  _MeasurementAction.default.deleteMeasurementById(measurementId);\n  _MeasurementLocators.default.measurementsContainer.find(`[data-measurement-id=\"${measurementId}\"]`).should('not.exist');\n});",
              "err": {},
              "uuid": "1460de0d-586a-4487-a421-45117220dd69",
              "parentUUID": "3128f69f-a965-4391-8e6a-2cca2fdd2911",
              "isHook": false,
              "skipped": false
            },
            {
              "title": "Measurement_012 - Verify the functionality of saving polyline measurement data to server",
              "fullTitle": "Measurements Module Measurement_012 - Verify the functionality of saving polyline measurement data to server",
              "timedOut": null,
              "duration": 27549,
              "state": "passed",
              "speed": "slow",
              "pass": true,
              "fail": false,
              "pending": false,
              "context": null,
              "code": "// 1. Place a polyline measurement with multiple points\n_MeasurementAction.default.placePolylineMeasurement([{\n  x: 500,\n  y: 300\n}, {\n  x: 550,\n  y: 350\n}, {\n  x: 600,\n  y: 400\n}]);\n_MeasurementLocators.default.measurementsContainer.find('[data-measurement-id]').should('have.length.at.least', 1);\n_MeasurementAction.default.savePolylineToServer();",
              "err": {},
              "uuid": "ae428590-51bd-4290-a3da-5a09e8030b25",
              "parentUUID": "3128f69f-a965-4391-8e6a-2cca2fdd2911",
              "isHook": false,
              "skipped": false
            },
            {
              "title": "Measurement_013 - Verify the functionality of clearing measurements",
              "fullTitle": "Measurements Module Measurement_013 - Verify the functionality of clearing measurements",
              "timedOut": null,
              "duration": 27901,
              "state": "passed",
              "speed": "slow",
              "pass": true,
              "fail": false,
              "pending": false,
              "context": null,
              "code": "// 1. Draw a polyline\n_MeasurementAction.default.placePolylineMeasurement([{\n  x: 500,\n  y: 300\n}, {\n  x: 550,\n  y: 350\n}, {\n  x: 600,\n  y: 400\n}]);\n_MeasurementAction.default.clearAllMeasurements();",
              "err": {},
              "uuid": "f802961e-b4ce-41e8-b262-69a66d7bf244",
              "parentUUID": "3128f69f-a965-4391-8e6a-2cca2fdd2911",
              "isHook": false,
              "skipped": false
            },
            {
              "title": "Measurement_014 - Verify saving measurement file to local machine and server",
              "fullTitle": "Measurements Module Measurement_014 - Verify saving measurement file to local machine and server",
              "timedOut": null,
              "duration": 30275,
              "state": "passed",
              "speed": "slow",
              "pass": true,
              "fail": false,
              "pending": false,
              "context": null,
              "code": "// Create a measurement\n_MeasurementAction.default.placeHorizontalMeasurement(500, 800, 650, 850);\n_MeasurementLocators.default.measurementsContainer.find('[data-measurement-id]').should('have.length.at.least', 1);\n_MeasurementAction.default.saveMeasurementsToLocalAndServer();\ncy.exec('dir cypress\\\\downloads').then(result => {\n  expect(result.stdout).to.include('measurements');\n  cy.exec('del cypress\\\\downloads\\\\*measurements*.lwv');\n});",
              "err": {},
              "uuid": "0d500cd3-b48a-4cb9-ac35-7621f678ce0f",
              "parentUUID": "3128f69f-a965-4391-8e6a-2cca2fdd2911",
              "isHook": false,
              "skipped": false
            }
          ],
          "suites": [],
          "passes": [
            "28853e36-48f4-4d78-bc98-f9fc437f52e9",
            "cc3e982b-055f-45c9-9e65-fe8f9b352acc",
            "d0c0fb8a-cc3e-4e8e-8b32-d4375208d3ae",
            "118edeba-29aa-402b-ad59-e9995d4ad926",
            "2e9af244-6bca-4b8c-9859-5d3a45eaa407",
            "133133f2-7828-4811-8852-e5dc869d2b95",
            "b8d86d68-8df4-4715-a8c1-dd8c44fd5a5d",
            "9abf1696-a8db-4431-b9ee-33a31d7560d3",
            "c411dd00-e8b1-42ae-9b1b-63c08fbf8895",
            "008390f9-cd9d-4060-b10e-f6898ff1a9c9",
            "1460de0d-586a-4487-a421-45117220dd69",
            "ae428590-51bd-4290-a3da-5a09e8030b25",
            "f802961e-b4ce-41e8-b262-69a66d7bf244",
            "0d500cd3-b48a-4cb9-ac35-7621f678ce0f"
          ],
          "failures": [],
          "pending": [],
          "skipped": [],
          "duration": 393437,
          "root": false,
          "rootEmpty": false,
          "_timeout": 2000
        }
      ],
      "passes": [],
      "failures": [],
      "pending": [],
      "skipped": [],
      "duration": 0,
      "root": true,
      "rootEmpty": true,
      "_timeout": 2000
    }
  ],
  "meta": {
    "mocha": {
      "version": "7.2.0"
    },
    "mochawesome": {
      "options": {
        "quiet": false,
        "reportFilename": "mochawesome",
        "saveHtml": true,
        "saveJson": true,
        "consoleReporter": "spec",
        "useInlineDiffs": false,
        "code": true
      },
      "version": "7.1.3"
    },
    "marge": {
      "options": {
        "reportDir": "cypress/results",
        "overwrite": false,
        "html": true,
        "json": true
      },
      "version": "6.2.0"
    }
  }
}