{
  "stats": {
    "suites": 1,
    "tests": 6,
    "passes": 6,
    "pending": 0,
    "failures": 0,
    "start": "2026-03-11T10:53:05.505Z",
    "end": "2026-03-11T10:54:11.538Z",
    "duration": 66033,
    "testsRegistered": 6,
    "passPercent": 100,
    "pendingPercent": 0,
    "other": 0,
    "hasOther": false,
    "skipped": 0,
    "hasSkipped": false
  },
  "results": [
    {
      "uuid": "0706bb7e-6b38-4d63-b924-b09b9f3712d3",
      "title": "",
      "fullFile": "cypress\\e2e\\Home Page\\HomePageNavigation.cy.js",
      "file": "cypress\\e2e\\Home Page\\HomePageNavigation.cy.js",
      "beforeHooks": [],
      "afterHooks": [],
      "tests": [],
      "suites": [
        {
          "uuid": "0260264a-6c17-415b-9765-eba4be1fd948",
          "title": "Home Page Navigation Tests",
          "fullFile": "",
          "file": "",
          "beforeHooks": [],
          "afterHooks": [],
          "tests": [
            {
              "title": "Home_Project_nav_001_Verify that double-clicking on a folder from the home page navigates the user into the folder.",
              "fullTitle": "Home Page Navigation Tests Home_Project_nav_001_Verify that double-clicking on a folder from the home page navigates the user into the folder.",
              "timedOut": null,
              "duration": 14680,
              "state": "passed",
              "speed": "slow",
              "pass": true,
              "fail": false,
              "pending": false,
              "context": null,
              "code": "(0, _commonMethods.openDynamicFolderAndRun)(folderPath, runName);\ncy.wait(2000);\ncy.get(\".body3.ActiveCrumb.pointer\").contains(\"Automation_Atchyutha-\");",
              "err": {},
              "uuid": "6071a873-2638-401d-8746-c004c087943f",
              "parentUUID": "0260264a-6c17-415b-9765-eba4be1fd948",
              "isHook": false,
              "skipped": false
            },
            {
              "title": "Home_Project_nav_003_Verify that clicking on a folder from search results opens the folder correctly.",
              "fullTitle": "Home Page Navigation Tests Home_Project_nav_003_Verify that clicking on a folder from search results opens the folder correctly.",
              "timedOut": null,
              "duration": 13851,
              "state": "passed",
              "speed": "slow",
              "pass": true,
              "fail": false,
              "pending": false,
              "context": null,
              "code": "cy.get(\".folderName\").contains(\"Shared Space\").should(\"be.visible\").dblclick();\ncy.get('input[placeholder=\"Type for search\"]').should('be.visible').clear().type('Test');\ncy.wait(2000);\ncy.get('div.primary-btn[alt=\"search\"]').should('be.visible').click();\ncy.wait(2000);\ncy.get('.folderName').contains('Test').dblclick();",
              "err": {},
              "uuid": "5d8b7bd3-6930-4577-a30d-0c2a692fd19f",
              "parentUUID": "0260264a-6c17-415b-9765-eba4be1fd948",
              "isHook": false,
              "skipped": false
            },
            {
              "title": "Home_Project_nav_006_Verifying that the opening of multiple runs",
              "fullTitle": "Home Page Navigation Tests Home_Project_nav_006_Verifying that the opening of multiple runs",
              "timedOut": null,
              "duration": 8483,
              "state": "passed",
              "speed": "medium",
              "pass": true,
              "fail": false,
              "pending": false,
              "context": null,
              "code": "let firstRunName;\ncy.get(\".folderName\").contains(\"Shared Space\").should(\"be.visible\").dblclick();\ncy.wait(2000);\ncy.contains('div[role=\"checkbox\"]', 'Select').should('be.visible').click();\ncy.get('[data-testid=\"run-card-container\"]').filter(':visible').then($runs => {\n  firstRunName = $runs.eq(0).find('[data-testid=\"run-name\"]').text().trim();\n  cy.wrap($runs.eq(0)).click();\n  cy.wrap($runs.eq(1)).click();\n});\ncy.contains('div.primary-btn', 'Open').should('be.visible').click();\ncy.get('.body3.ActiveCrumb.pointer').should('be.visible').and($el => {\n  expect($el.text().trim()).to.eq(firstRunName);\n});",
              "err": {},
              "uuid": "109b87b8-6713-452b-a061-4c4d70f47929",
              "parentUUID": "0260264a-6c17-415b-9765-eba4be1fd948",
              "isHook": false,
              "skipped": false
            },
            {
              "title": "Multi-run_001_Verify that data can be successfully imported for all opened runs from the server",
              "fullTitle": "Home Page Navigation Tests Multi-run_001_Verify that data can be successfully imported for all opened runs from the server",
              "timedOut": null,
              "duration": 15030,
              "state": "passed",
              "speed": "slow",
              "pass": true,
              "fail": false,
              "pending": false,
              "context": null,
              "code": "let firstRunName;\ncy.get(\".folderName\").contains(\"Shared Space\").should(\"be.visible\").dblclick();\ncy.get(\".folderName\").contains(\"Atc\").should(\"be.visible\").dblclick();\ncy.wait(2000);\ncy.contains('div[role=\"checkbox\"]', 'Select').should('be.visible').click();\ncy.get('[data-testid=\"run-card-container\"]').filter(':visible').then($runs => {\n  firstRunName = $runs.eq(0).find('[data-testid=\"run-name\"]').text().trim();\n  cy.wrap($runs.eq(0)).click();\n  cy.wrap($runs.eq(1)).click();\n});\ncy.contains('div.primary-btn', 'Open').should('be.visible').click();\ncy.get('.body3.ActiveCrumb.pointer').should('be.visible').and($el => {\n  expect($el.text().trim()).to.eq(firstRunName);\n});\n_ViewerElements.default.getMoreOptionsBtn.should(\"be.visible\").click();\n_ViewerElements.default.getImportOption.click();\n_ViewerElements.default.getImportDialog.should(\"be.visible\");\n_ViewerElements.default.selectImportSource(\"From Server\");\n_ViewerElements.default.getRunSelectDropdown.click();\n_ViewerElements.default.getSelectAllRunsOption.should('be.visible').click();\n_ViewerElements.default.getRunSelectDropdown.click();\n_ViewerElements.default.getMeasurementsCheckbox.click();\n_ViewerElements.default.getImportApplyBtn.click();\ncy.wait(500);\n_LidarViewer.default.infoMessageContainer.should('be.visible').invoke('text').should('match', /downloaded/i);",
              "err": {},
              "uuid": "e51ebd94-2ba2-47c2-9017-77de044f4d6b",
              "parentUUID": "0260264a-6c17-415b-9765-eba4be1fd948",
              "isHook": false,
              "skipped": false
            },
            {
              "title": "Home_Project_nav_008_Verify that clicking on the next button navigates to the next page",
              "fullTitle": "Home Page Navigation Tests Home_Project_nav_008_Verify that clicking on the next button navigates to the next page",
              "timedOut": null,
              "duration": 6889,
              "state": "passed",
              "speed": "medium",
              "pass": true,
              "fail": false,
              "pending": false,
              "context": null,
              "code": "cy.get(\".folderName\").contains(\"Shared Space\").should(\"be.visible\").dblclick();\n// Verify starting on page 1\ncy.get('.pagination-item.selected').should('contain', '1');\n// Click Next (right arrow)\ncy.get('.arrow.right').should('be.visible').click();\n// Verify page changed to 2\ncy.get('.pagination-item.selected').should('contain', '2');",
              "err": {},
              "uuid": "673ca958-6b1e-44f2-9d28-5834d304b8ea",
              "parentUUID": "0260264a-6c17-415b-9765-eba4be1fd948",
              "isHook": false,
              "skipped": false
            },
            {
              "title": "Home_Project_nav_009_Verify that clicking on the previous button navigates to the previous page",
              "fullTitle": "Home Page Navigation Tests Home_Project_nav_009_Verify that clicking on the previous button navigates to the previous page",
              "timedOut": null,
              "duration": 6727,
              "state": "passed",
              "speed": "medium",
              "pass": true,
              "fail": false,
              "pending": false,
              "context": null,
              "code": "// Open folder\ncy.get(\".folderName\").contains(\"Shared Space\").should(\"be.visible\").dblclick();\n// Go to page 2 first\ncy.contains('.pagination-item', '2').should('be.visible').click();\n// Verify we are on page 2\ncy.get('.pagination-item.selected').should('contain', '2');\n// Click Previous (left arrow)\ncy.get('.pagination-container .arrow.left').should('be.visible').click();\n// Verify we returned to page 1\ncy.get('.pagination-item.selected').should('contain', '1');",
              "err": {},
              "uuid": "88af14ea-55da-4ca6-9fc3-88063f6c8add",
              "parentUUID": "0260264a-6c17-415b-9765-eba4be1fd948",
              "isHook": false,
              "skipped": false
            }
          ],
          "suites": [],
          "passes": [
            "6071a873-2638-401d-8746-c004c087943f",
            "5d8b7bd3-6930-4577-a30d-0c2a692fd19f",
            "109b87b8-6713-452b-a061-4c4d70f47929",
            "e51ebd94-2ba2-47c2-9017-77de044f4d6b",
            "673ca958-6b1e-44f2-9d28-5834d304b8ea",
            "88af14ea-55da-4ca6-9fc3-88063f6c8add"
          ],
          "failures": [],
          "pending": [],
          "skipped": [],
          "duration": 65660,
          "root": false,
          "rootEmpty": false,
          "_timeout": 2000
        }
      ],
      "passes": [],
      "failures": [],
      "pending": [],
      "skipped": [],
      "duration": 0,
      "root": true,
      "rootEmpty": true,
      "_timeout": 2000
    }
  ],
  "meta": {
    "mocha": {
      "version": "7.2.0"
    },
    "mochawesome": {
      "options": {
        "quiet": false,
        "reportFilename": "mochawesome",
        "saveHtml": true,
        "saveJson": true,
        "consoleReporter": "spec",
        "useInlineDiffs": false,
        "code": true
      },
      "version": "7.1.3"
    },
    "marge": {
      "options": {
        "reportDir": "cypress/results",
        "overwrite": false,
        "html": true,
        "json": true
      },
      "version": "6.2.0"
    }
  }
}