{
  "stats": {
    "suites": 1,
    "tests": 4,
    "passes": 4,
    "pending": 0,
    "failures": 0,
    "start": "2026-03-12T14:00:25.485Z",
    "end": "2026-03-12T14:03:06.763Z",
    "duration": 161278,
    "testsRegistered": 4,
    "passPercent": 100,
    "pendingPercent": 0,
    "other": 0,
    "hasOther": false,
    "skipped": 0,
    "hasSkipped": false
  },
  "results": [
    {
      "uuid": "844656dd-a2fa-4eec-838c-314be6ed78d9",
      "title": "",
      "fullFile": "cypress\\e2e\\KML\\KML.cy.js",
      "file": "cypress\\e2e\\KML\\KML.cy.js",
      "beforeHooks": [],
      "afterHooks": [],
      "tests": [],
      "suites": [
        {
          "uuid": "45364287-5511-4ec4-98e8-a8d3cf455085",
          "title": "KML Module",
          "fullFile": "",
          "file": "",
          "beforeHooks": [],
          "afterHooks": [],
          "tests": [
            {
              "title": "KML_001 - Verifying the functionality of exporting all types of measurement data as KML file to local machine ",
              "fullTitle": "KML Module KML_001 - Verifying the functionality of exporting all types of measurement data as KML file to local machine ",
              "timedOut": null,
              "duration": 45121,
              "state": "passed",
              "speed": "slow",
              "pass": true,
              "fail": false,
              "pending": false,
              "context": null,
              "code": "// Step 3: Place or ensure measurements exist (optional if data already exists)\n_MeasurementAction.default.placeHorizontalMeasurement(500, 800, 600, 850);\n_MeasurementAction.default.placeVerticalOffsetMeasurement(520, 810);\n_MeasurementAction.default.placePerpendicularMeasurement(530, 615, 570, 655, 600, 700);\n_MeasurementAction.default.placePointToPointMeasurement(540, 725, 560, 745);\n_MeasurementAction.default.exportMeasurementsToKML();\ncy.exec('dir cypress\\\\downloads').then(result => {\n  expect(result.stdout).to.include('kml');\n  cy.exec('del cypress\\\\downloads\\\\*kml*.kml');\n});",
              "err": {},
              "uuid": "1fd930de-5571-4047-8934-bdc7db09c868",
              "parentUUID": "45364287-5511-4ec4-98e8-a8d3cf455085",
              "isHook": false,
              "skipped": false
            },
            {
              "title": "KML_002 - Verifying the functionality of exporting horizontal measurement data as GeoJason file format to local machine  ",
              "fullTitle": "KML Module KML_002 - Verifying the functionality of exporting horizontal measurement data as GeoJason file format to local machine  ",
              "timedOut": null,
              "duration": 24735,
              "state": "passed",
              "speed": "slow",
              "pass": true,
              "fail": false,
              "pending": false,
              "context": null,
              "code": "_MeasurementAction.default.placeHorizontalMeasurement(500, 800, 600, 850);\n_MeasurementAction.default.exportMeasurementsToGeoJson();\ncy.exec('dir cypress\\\\downloads').then(result => {\n  expect(result.stdout).to.include('Geo');\n  cy.exec('del cypress\\\\downloads\\\\*geo*.json');\n});",
              "err": {},
              "uuid": "4e4a41a8-af47-4c63-b55e-810f42e493d5",
              "parentUUID": "45364287-5511-4ec4-98e8-a8d3cf455085",
              "isHook": false,
              "skipped": false
            },
            {
              "title": "KML_003 - Verify the functionality of exporting vertical measurement data as a shapefile to local machine",
              "fullTitle": "KML Module KML_003 - Verify the functionality of exporting vertical measurement data as a shapefile to local machine",
              "timedOut": null,
              "duration": 26367,
              "state": "passed",
              "speed": "slow",
              "pass": true,
              "fail": false,
              "pending": false,
              "context": null,
              "code": "_MeasurementAction.default.placeVerticalMeasurement(500, 800, 500, 550);\n_MeasurementAction.default.exportMeasurementsToShape();\ncy.exec('dir cypress\\\\downloads').then(result => {\n  expect(result.stdout).to.include('shape');\n  cy.exec('del cypress\\\\downloads\\\\*shape*.zip');\n});",
              "err": {},
              "uuid": "d83759b2-4c1d-4d75-b4a3-2e7292bf0bc4",
              "parentUUID": "45364287-5511-4ec4-98e8-a8d3cf455085",
              "isHook": false,
              "skipped": false
            },
            {
              "title": "KML_004 - Verify the functionality of exporting Point-to-Point measurement data as a shapefile to local machine",
              "fullTitle": "KML Module KML_004 - Verify the functionality of exporting Point-to-Point measurement data as a shapefile to local machine",
              "timedOut": null,
              "duration": 28871,
              "state": "passed",
              "speed": "slow",
              "pass": true,
              "fail": false,
              "pending": false,
              "context": null,
              "code": "_MeasurementAction.default.placePointToPointMeasurement(510, 820, 630, 880);\n_MeasurementAction.default.exportMeasurementsToShape();\ncy.exec('dir cypress\\\\downloads').then(result => {\n  expect(result.stdout).to.include('shape');\n  cy.exec('del cypress\\\\downloads\\\\*shape*.zip');\n});",
              "err": {},
              "uuid": "32cce9fe-54f2-4e7b-b011-6b28d7d16ce2",
              "parentUUID": "45364287-5511-4ec4-98e8-a8d3cf455085",
              "isHook": false,
              "skipped": false
            }
          ],
          "suites": [],
          "passes": [
            "1fd930de-5571-4047-8934-bdc7db09c868",
            "4e4a41a8-af47-4c63-b55e-810f42e493d5",
            "d83759b2-4c1d-4d75-b4a3-2e7292bf0bc4",
            "32cce9fe-54f2-4e7b-b011-6b28d7d16ce2"
          ],
          "failures": [],
          "pending": [],
          "skipped": [],
          "duration": 125094,
          "root": false,
          "rootEmpty": false,
          "_timeout": 2000
        }
      ],
      "passes": [],
      "failures": [],
      "pending": [],
      "skipped": [],
      "duration": 0,
      "root": true,
      "rootEmpty": true,
      "_timeout": 2000
    }
  ],
  "meta": {
    "mocha": {
      "version": "7.2.0"
    },
    "mochawesome": {
      "options": {
        "quiet": false,
        "reportFilename": "mochawesome",
        "saveHtml": true,
        "saveJson": true,
        "consoleReporter": "spec",
        "useInlineDiffs": false,
        "code": true
      },
      "version": "7.1.3"
    },
    "marge": {
      "options": {
        "reportDir": "cypress/results",
        "overwrite": false,
        "html": true,
        "json": true
      },
      "version": "6.2.0"
    }
  }
}